15:16:11 **** Incremental Build of configuration Debug for project 373_Final_Project ****
make -j12 all 
arm-none-eabi-gcc "../Drivers/STM32L4xx_HAL_Driver/Src/stm32l4xx_hal.c" -mcpu=cortex-m4 -std=gnu11 -g3 -DDEBUG -DUSE_HAL_DRIVER -DSTM32L4R5xx -c -I../Core/Inc -I../Drivers/STM32L4xx_HAL_Driver/Inc -I../Drivers/STM32L4xx_HAL_Driver/Inc/Legacy -I../Drivers/CMSIS/Device/ST/STM32L4xx/Include -I../Drivers/CMSIS/Include -O0 -ffunction-sections -fdata-sections -Wall -fstack-usage -fcyclomatic-complexity -MMD -MP -MF"Drivers/STM32L4xx_HAL_Driver/Src/stm32l4xx_hal.d" -MT"Drivers/STM32L4xx_HAL_Driver/Src/stm32l4xx_hal.o" --specs=nano.specs -mfpu=fpv4-sp-d16 -mfloat-abi=hard -mthumb -o "Drivers/STM32L4xx_HAL_Driver/Src/stm32l4xx_hal.o"
arm-none-eabi-gcc "../Drivers/STM32L4xx_HAL_Driver/Src/stm32l4xx_hal_cortex.c" -mcpu=cortex-m4 -std=gnu11 -g3 -DDEBUG -DUSE_HAL_DRIVER -DSTM32L4R5xx -c -I../Core/Inc -I../Drivers/STM32L4xx_HAL_Driver/Inc -I../Drivers/STM32L4xx_HAL_Driver/Inc/Legacy -I../Drivers/CMSIS/Device/ST/STM32L4xx/Include -I../Drivers/CMSIS/Include -O0 -ffunction-sections -fdata-sections -Wall -fstack-usage -fcyclomatic-complexity -MMD -MP -MF"Drivers/STM32L4xx_HAL_Driver/Src/stm32l4xx_hal_cortex.d" -MT"Drivers/STM32L4xx_HAL_Driver/Src/stm32l4xx_hal_cortex.o" --specs=nano.specs -mfpu=fpv4-sp-d16 -mfloat-abi=hard -mthumb -o "Drivers/STM32L4xx_HAL_Driver/Src/stm32l4xx_hal_cortex.o"
arm-none-eabi-gcc "../Drivers/STM32L4xx_HAL_Driver/Src/stm32l4xx_hal_dma.c" -mcpu=cortex-m4 -std=gnu11 -g3 -DDEBUG -DUSE_HAL_DRIVER -DSTM32L4R5xx -c -I../Core/Inc -I../Drivers/STM32L4xx_HAL_Driver/Inc -I../Drivers/STM32L4xx_HAL_Driver/Inc/Legacy -I../Drivers/CMSIS/Device/ST/STM32L4xx/Include -I../Drivers/CMSIS/Include -O0 -ffunction-sections -fdata-sections -Wall -fstack-usage -fcyclomatic-complexity -MMD -MP -MF"Drivers/STM32L4xx_HAL_Driver/Src/stm32l4xx_hal_dma.d" -MT"Drivers/STM32L4xx_HAL_Driver/Src/stm32l4xx_hal_dma.o" --specs=nano.specs -mfpu=fpv4-sp-d16 -mfloat-abi=hard -mthumb -o "Drivers/STM32L4xx_HAL_Driver/Src/stm32l4xx_hal_dma.o"
arm-none-eabi-gcc "../Drivers/STM32L4xx_HAL_Driver/Src/stm32l4xx_hal_dma_ex.c" -mcpu=cortex-m4 -std=gnu11 -g3 -DDEBUG -DUSE_HAL_DRIVER -DSTM32L4R5xx -c -I../Core/Inc -I../Drivers/STM32L4xx_HAL_Driver/Inc -I../Drivers/STM32L4xx_HAL_Driver/Inc/Legacy -I../Drivers/CMSIS/Device/ST/STM32L4xx/Include -I../Drivers/CMSIS/Include -O0 -ffunction-sections -fdata-sections -Wall -fstack-usage -fcyclomatic-complexity -MMD -MP -MF"Drivers/STM32L4xx_HAL_Driver/Src/stm32l4xx_hal_dma_ex.d" -MT"Drivers/STM32L4xx_HAL_Driver/Src/stm32l4xx_hal_dma_ex.o" --specs=nano.specs -mfpu=fpv4-sp-d16 -mfloat-abi=hard -mthumb -o "Drivers/STM32L4xx_HAL_Driver/Src/stm32l4xx_hal_dma_ex.o"
arm-none-eabi-gcc "../Drivers/STM32L4xx_HAL_Driver/Src/stm32l4xx_hal_exti.c" -mcpu=cortex-m4 -std=gnu11 -g3 -DDEBUG -DUSE_HAL_DRIVER -DSTM32L4R5xx -c -I../Core/Inc -I../Drivers/STM32L4xx_HAL_Driver/Inc -I../Drivers/STM32L4xx_HAL_Driver/Inc/Legacy -I../Drivers/CMSIS/Device/ST/STM32L4xx/Include -I../Drivers/CMSIS/Include -O0 -ffunction-sections -fdata-sections -Wall -fstack-usage -fcyclomatic-complexity -MMD -MP -MF"Drivers/STM32L4xx_HAL_Driver/Src/stm32l4xx_hal_exti.d" -MT"Drivers/STM32L4xx_HAL_Driver/Src/stm32l4xx_hal_exti.o" --specs=nano.specs -mfpu=fpv4-sp-d16 -mfloat-abi=hard -mthumb -o "Drivers/STM32L4xx_HAL_Driver/Src/stm32l4xx_hal_exti.o"
arm-none-eabi-gcc "../Drivers/STM32L4xx_HAL_Driver/Src/stm32l4xx_hal_flash.c" -mcpu=cortex-m4 -std=gnu11 -g3 -DDEBUG -DUSE_HAL_DRIVER -DSTM32L4R5xx -c -I../Core/Inc -I../Drivers/STM32L4xx_HAL_Driver/Inc -I../Drivers/STM32L4xx_HAL_Driver/Inc/Legacy -I../Drivers/CMSIS/Device/ST/STM32L4xx/Include -I../Drivers/CMSIS/Include -O0 -ffunction-sections -fdata-sections -Wall -fstack-usage -fcyclomatic-complexity -MMD -MP -MF"Drivers/STM32L4xx_HAL_Driver/Src/stm32l4xx_hal_flash.d" -MT"Drivers/STM32L4xx_HAL_Driver/Src/stm32l4xx_hal_flash.o" --specs=nano.specs -mfpu=fpv4-sp-d16 -mfloat-abi=hard -mthumb -o "Drivers/STM32L4xx_HAL_Driver/Src/stm32l4xx_hal_flash.o"
arm-none-eabi-gcc "../Drivers/STM32L4xx_HAL_Driver/Src/stm32l4xx_hal_flash_ex.c" -mcpu=cortex-m4 -std=gnu11 -g3 -DDEBUG -DUSE_HAL_DRIVER -DSTM32L4R5xx -c -I../Core/Inc -I../Drivers/STM32L4xx_HAL_Driver/Inc -I../Drivers/STM32L4xx_HAL_Driver/Inc/Legacy -I../Drivers/CMSIS/Device/ST/STM32L4xx/Include -I../Drivers/CMSIS/Include -O0 -ffunction-sections -fdata-sections -Wall -fstack-usage -fcyclomatic-complexity -MMD -MP -MF"Drivers/STM32L4xx_HAL_Driver/Src/stm32l4xx_hal_flash_ex.d" -MT"Drivers/STM32L4xx_HAL_Driver/Src/stm32l4xx_hal_flash_ex.o" --specs=nano.specs -mfpu=fpv4-sp-d16 -mfloat-abi=hard -mthumb -o "Drivers/STM32L4xx_HAL_Driver/Src/stm32l4xx_hal_flash_ex.o"
arm-none-eabi-gcc "../Drivers/STM32L4xx_HAL_Driver/Src/stm32l4xx_hal_flash_ramfunc.c" -mcpu=cortex-m4 -std=gnu11 -g3 -DDEBUG -DUSE_HAL_DRIVER -DSTM32L4R5xx -c -I../Core/Inc -I../Drivers/STM32L4xx_HAL_Driver/Inc -I../Drivers/STM32L4xx_HAL_Driver/Inc/Legacy -I../Drivers/CMSIS/Device/ST/STM32L4xx/Include -I../Drivers/CMSIS/Include -O0 -ffunction-sections -fdata-sections -Wall -fstack-usage -fcyclomatic-complexity -MMD -MP -MF"Drivers/STM32L4xx_HAL_Driver/Src/stm32l4xx_hal_flash_ramfunc.d" -MT"Drivers/STM32L4xx_HAL_Driver/Src/stm32l4xx_hal_flash_ramfunc.o" --specs=nano.specs -mfpu=fpv4-sp-d16 -mfloat-abi=hard -mthumb -o "Drivers/STM32L4xx_HAL_Driver/Src/stm32l4xx_hal_flash_ramfunc.o"
arm-none-eabi-gcc "../Drivers/STM32L4xx_HAL_Driver/Src/stm32l4xx_hal_gpio.c" -mcpu=cortex-m4 -std=gnu11 -g3 -DDEBUG -DUSE_HAL_DRIVER -DSTM32L4R5xx -c -I../Core/Inc -I../Drivers/STM32L4xx_HAL_Driver/Inc -I../Drivers/STM32L4xx_HAL_Driver/Inc/Legacy -I../Drivers/CMSIS/Device/ST/STM32L4xx/Include -I../Drivers/CMSIS/Include -O0 -ffunction-sections -fdata-sections -Wall -fstack-usage -fcyclomatic-complexity -MMD -MP -MF"Drivers/STM32L4xx_HAL_Driver/Src/stm32l4xx_hal_gpio.d" -MT"Drivers/STM32L4xx_HAL_Driver/Src/stm32l4xx_hal_gpio.o" --specs=nano.specs -mfpu=fpv4-sp-d16 -mfloat-abi=hard -mthumb -o "Drivers/STM32L4xx_HAL_Driver/Src/stm32l4xx_hal_gpio.o"
arm-none-eabi-gcc "../Drivers/STM32L4xx_HAL_Driver/Src/stm32l4xx_hal_i2c.c" -mcpu=cortex-m4 -std=gnu11 -g3 -DDEBUG -DUSE_HAL_DRIVER -DSTM32L4R5xx -c -I../Core/Inc -I../Drivers/STM32L4xx_HAL_Driver/Inc -I../Drivers/STM32L4xx_HAL_Driver/Inc/Legacy -I../Drivers/CMSIS/Device/ST/STM32L4xx/Include -I../Drivers/CMSIS/Include -O0 -ffunction-sections -fdata-sections -Wall -fstack-usage -fcyclomatic-complexity -MMD -MP -MF"Drivers/STM32L4xx_HAL_Driver/Src/stm32l4xx_hal_i2c.d" -MT"Drivers/STM32L4xx_HAL_Driver/Src/stm32l4xx_hal_i2c.o" --specs=nano.specs -mfpu=fpv4-sp-d16 -mfloat-abi=hard -mthumb -o "Drivers/STM32L4xx_HAL_Driver/Src/stm32l4xx_hal_i2c.o"
arm-none-eabi-gcc "../Drivers/STM32L4xx_HAL_Driver/Src/stm32l4xx_hal_i2c_ex.c" -mcpu=cortex-m4 -std=gnu11 -g3 -DDEBUG -DUSE_HAL_DRIVER -DSTM32L4R5xx -c -I../Core/Inc -I../Drivers/STM32L4xx_HAL_Driver/Inc -I../Drivers/STM32L4xx_HAL_Driver/Inc/Legacy -I../Drivers/CMSIS/Device/ST/STM32L4xx/Include -I../Drivers/CMSIS/Include -O0 -ffunction-sections -fdata-sections -Wall -fstack-usage -fcyclomatic-complexity -MMD -MP -MF"Drivers/STM32L4xx_HAL_Driver/Src/stm32l4xx_hal_i2c_ex.d" -MT"Drivers/STM32L4xx_HAL_Driver/Src/stm32l4xx_hal_i2c_ex.o" --specs=nano.specs -mfpu=fpv4-sp-d16 -mfloat-abi=hard -mthumb -o "Drivers/STM32L4xx_HAL_Driver/Src/stm32l4xx_hal_i2c_ex.o"
arm-none-eabi-gcc "../Drivers/STM32L4xx_HAL_Driver/Src/stm32l4xx_hal_pwr.c" -mcpu=cortex-m4 -std=gnu11 -g3 -DDEBUG -DUSE_HAL_DRIVER -DSTM32L4R5xx -c -I../Core/Inc -I../Drivers/STM32L4xx_HAL_Driver/Inc -I../Drivers/STM32L4xx_HAL_Driver/Inc/Legacy -I../Drivers/CMSIS/Device/ST/STM32L4xx/Include -I../Drivers/CMSIS/Include -O0 -ffunction-sections -fdata-sections -Wall -fstack-usage -fcyclomatic-complexity -MMD -MP -MF"Drivers/STM32L4xx_HAL_Driver/Src/stm32l4xx_hal_pwr.d" -MT"Drivers/STM32L4xx_HAL_Driver/Src/stm32l4xx_hal_pwr.o" --specs=nano.specs -mfpu=fpv4-sp-d16 -mfloat-abi=hard -mthumb -o "Drivers/STM32L4xx_HAL_Driver/Src/stm32l4xx_hal_pwr.o"
arm-none-eabi-gcc "../Drivers/STM32L4xx_HAL_Driver/Src/stm32l4xx_hal_pwr_ex.c" -mcpu=cortex-m4 -std=gnu11 -g3 -DDEBUG -DUSE_HAL_DRIVER -DSTM32L4R5xx -c -I../Core/Inc -I../Drivers/STM32L4xx_HAL_Driver/Inc -I../Drivers/STM32L4xx_HAL_Driver/Inc/Legacy -I../Drivers/CMSIS/Device/ST/STM32L4xx/Include -I../Drivers/CMSIS/Include -O0 -ffunction-sections -fdata-sections -Wall -fstack-usage -fcyclomatic-complexity -MMD -MP -MF"Drivers/STM32L4xx_HAL_Driver/Src/stm32l4xx_hal_pwr_ex.d" -MT"Drivers/STM32L4xx_HAL_Driver/Src/stm32l4xx_hal_pwr_ex.o" --specs=nano.specs -mfpu=fpv4-sp-d16 -mfloat-abi=hard -mthumb -o "Drivers/STM32L4xx_HAL_Driver/Src/stm32l4xx_hal_pwr_ex.o"
arm-none-eabi-gcc "../Drivers/STM32L4xx_HAL_Driver/Src/stm32l4xx_hal_rcc.c" -mcpu=cortex-m4 -std=gnu11 -g3 -DDEBUG -DUSE_HAL_DRIVER -DSTM32L4R5xx -c -I../Core/Inc -I../Drivers/STM32L4xx_HAL_Driver/Inc -I../Drivers/STM32L4xx_HAL_Driver/Inc/Legacy -I../Drivers/CMSIS/Device/ST/STM32L4xx/Include -I../Drivers/CMSIS/Include -O0 -ffunction-sections -fdata-sections -Wall -fstack-usage -fcyclomatic-complexity -MMD -MP -MF"Drivers/STM32L4xx_HAL_Driver/Src/stm32l4xx_hal_rcc.d" -MT"Drivers/STM32L4xx_HAL_Driver/Src/stm32l4xx_hal_rcc.o" --specs=nano.specs -mfpu=fpv4-sp-d16 -mfloat-abi=hard -mthumb -o "Drivers/STM32L4xx_HAL_Driver/Src/stm32l4xx_hal_rcc.o"
arm-none-eabi-gcc "../Drivers/STM32L4xx_HAL_Driver/Src/stm32l4xx_hal_rcc_ex.c" -mcpu=cortex-m4 -std=gnu11 -g3 -DDEBUG -DUSE_HAL_DRIVER -DSTM32L4R5xx -c -I../Core/Inc -I../Drivers/STM32L4xx_HAL_Driver/Inc -I../Drivers/STM32L4xx_HAL_Driver/Inc/Legacy -I../Drivers/CMSIS/Device/ST/STM32L4xx/Include -I../Drivers/CMSIS/Include -O0 -ffunction-sections -fdata-sections -Wall -fstack-usage -fcyclomatic-complexity -MMD -MP -MF"Drivers/STM32L4xx_HAL_Driver/Src/stm32l4xx_hal_rcc_ex.d" -MT"Drivers/STM32L4xx_HAL_Driver/Src/stm32l4xx_hal_rcc_ex.o" --specs=nano.specs -mfpu=fpv4-sp-d16 -mfloat-abi=hard -mthumb -o "Drivers/STM32L4xx_HAL_Driver/Src/stm32l4xx_hal_rcc_ex.o"
arm-none-eabi-gcc "../Drivers/STM32L4xx_HAL_Driver/Src/stm32l4xx_hal_uart.c" -mcpu=cortex-m4 -std=gnu11 -g3 -DDEBUG -DUSE_HAL_DRIVER -DSTM32L4R5xx -c -I../Core/Inc -I../Drivers/STM32L4xx_HAL_Driver/Inc -I../Drivers/STM32L4xx_HAL_Driver/Inc/Legacy -I../Drivers/CMSIS/Device/ST/STM32L4xx/Include -I../Drivers/CMSIS/Include -O0 -ffunction-sections -fdata-sections -Wall -fstack-usage -fcyclomatic-complexity -MMD -MP -MF"Drivers/STM32L4xx_HAL_Driver/Src/stm32l4xx_hal_uart.d" -MT"Drivers/STM32L4xx_HAL_Driver/Src/stm32l4xx_hal_uart.o" --specs=nano.specs -mfpu=fpv4-sp-d16 -mfloat-abi=hard -mthumb -o "Drivers/STM32L4xx_HAL_Driver/Src/stm32l4xx_hal_uart.o"
arm-none-eabi-gcc "../Drivers/STM32L4xx_HAL_Driver/Src/stm32l4xx_hal_uart_ex.c" -mcpu=cortex-m4 -std=gnu11 -g3 -DDEBUG -DUSE_HAL_DRIVER -DSTM32L4R5xx -c -I../Core/Inc -I../Drivers/STM32L4xx_HAL_Driver/Inc -I../Drivers/STM32L4xx_HAL_Driver/Inc/Legacy -I../Drivers/CMSIS/Device/ST/STM32L4xx/Include -I../Drivers/CMSIS/Include -O0 -ffunction-sections -fdata-sections -Wall -fstack-usage -fcyclomatic-complexity -MMD -MP -MF"Drivers/STM32L4xx_HAL_Driver/Src/stm32l4xx_hal_uart_ex.d" -MT"Drivers/STM32L4xx_HAL_Driver/Src/stm32l4xx_hal_uart_ex.o" --specs=nano.specs -mfpu=fpv4-sp-d16 -mfloat-abi=hard -mthumb -o "Drivers/STM32L4xx_HAL_Driver/Src/stm32l4xx_hal_uart_ex.o"
arm-none-eabi-gcc -mcpu=cortex-m4 -g3 -DDEBUG -c -x assembler-with-cpp -MMD -MP -MF"Core/Startup/startup_stm32l4r5zitxp.d" -MT"Core/Startup/startup_stm32l4r5zitxp.o" --specs=nano.specs -mfpu=fpv4-sp-d16 -mfloat-abi=hard -mthumb -o "Core/Startup/startup_stm32l4r5zitxp.o" "../Core/Startup/startup_stm32l4r5zitxp.s"
arm-none-eabi-gcc "../Core/Src/lidar.c" -mcpu=cortex-m4 -std=gnu11 -g3 -DDEBUG -DUSE_HAL_DRIVER -DSTM32L4R5xx -c -I../Core/Inc -I../Drivers/STM32L4xx_HAL_Driver/Inc -I../Drivers/STM32L4xx_HAL_Driver/Inc/Legacy -I../Drivers/CMSIS/Device/ST/STM32L4xx/Include -I../Drivers/CMSIS/Include -O0 -ffunction-sections -fdata-sections -Wall -fstack-usage -fcyclomatic-complexity -MMD -MP -MF"Core/Src/lidar.d" -MT"Core/Src/lidar.o" --specs=nano.specs -mfpu=fpv4-sp-d16 -mfloat-abi=hard -mthumb -o "Core/Src/lidar.o"
arm-none-eabi-gcc "../Core/Src/main.c" -mcpu=cortex-m4 -std=gnu11 -g3 -DDEBUG -DUSE_HAL_DRIVER -DSTM32L4R5xx -c -I../Core/Inc -I../Drivers/STM32L4xx_HAL_Driver/Inc -I../Drivers/STM32L4xx_HAL_Driver/Inc/Legacy -I../Drivers/CMSIS/Device/ST/STM32L4xx/Include -I../Drivers/CMSIS/Include -O0 -ffunction-sections -fdata-sections -Wall -fstack-usage -fcyclomatic-complexity -MMD -MP -MF"Core/Src/main.d" -MT"Core/Src/main.o" --specs=nano.specs -mfpu=fpv4-sp-d16 -mfloat-abi=hard -mthumb -o "Core/Src/main.o"
arm-none-eabi-gcc "../Core/Src/stm32l4xx_hal_msp.c" -mcpu=cortex-m4 -std=gnu11 -g3 -DDEBUG -DUSE_HAL_DRIVER -DSTM32L4R5xx -c -I../Core/Inc -I../Drivers/STM32L4xx_HAL_Driver/Inc -I../Drivers/STM32L4xx_HAL_Driver/Inc/Legacy -I../Drivers/CMSIS/Device/ST/STM32L4xx/Include -I../Drivers/CMSIS/Include -O0 -ffunction-sections -fdata-sections -Wall -fstack-usage -fcyclomatic-complexity -MMD -MP -MF"Core/Src/stm32l4xx_hal_msp.d" -MT"Core/Src/stm32l4xx_hal_msp.o" --specs=nano.specs -mfpu=fpv4-sp-d16 -mfloat-abi=hard -mthumb -o "Core/Src/stm32l4xx_hal_msp.o"
arm-none-eabi-gcc "../Core/Src/stm32l4xx_it.c" -mcpu=cortex-m4 -std=gnu11 -g3 -DDEBUG -DUSE_HAL_DRIVER -DSTM32L4R5xx -c -I../Core/Inc -I../Drivers/STM32L4xx_HAL_Driver/Inc -I../Drivers/STM32L4xx_HAL_Driver/Inc/Legacy -I../Drivers/CMSIS/Device/ST/STM32L4xx/Include -I../Drivers/CMSIS/Include -O0 -ffunction-sections -fdata-sections -Wall -fstack-usage -fcyclomatic-complexity -MMD -MP -MF"Core/Src/stm32l4xx_it.d" -MT"Core/Src/stm32l4xx_it.o" --specs=nano.specs -mfpu=fpv4-sp-d16 -mfloat-abi=hard -mthumb -o "Core/Src/stm32l4xx_it.o"
arm-none-eabi-gcc "../Core/Src/syscalls.c" -mcpu=cortex-m4 -std=gnu11 -g3 -DDEBUG -DUSE_HAL_DRIVER -DSTM32L4R5xx -c -I../Core/Inc -I../Drivers/STM32L4xx_HAL_Driver/Inc -I../Drivers/STM32L4xx_HAL_Driver/Inc/Legacy -I../Drivers/CMSIS/Device/ST/STM32L4xx/Include -I../Drivers/CMSIS/Include -O0 -ffunction-sections -fdata-sections -Wall -fstack-usage -fcyclomatic-complexity -MMD -MP -MF"Core/Src/syscalls.d" -MT"Core/Src/syscalls.o" --specs=nano.specs -mfpu=fpv4-sp-d16 -mfloat-abi=hard -mthumb -o "Core/Src/syscalls.o"
arm-none-eabi-gcc "../Core/Src/sysmem.c" -mcpu=cortex-m4 -std=gnu11 -g3 -DDEBUG -DUSE_HAL_DRIVER -DSTM32L4R5xx -c -I../Core/Inc -I../Drivers/STM32L4xx_HAL_Driver/Inc -I../Drivers/STM32L4xx_HAL_Driver/Inc/Legacy -I../Drivers/CMSIS/Device/ST/STM32L4xx/Include -I../Drivers/CMSIS/Include -O0 -ffunction-sections -fdata-sections -Wall -fstack-usage -fcyclomatic-complexity -MMD -MP -MF"Core/Src/sysmem.d" -MT"Core/Src/sysmem.o" --specs=nano.specs -mfpu=fpv4-sp-d16 -mfloat-abi=hard -mthumb -o "Core/Src/sysmem.o"
arm-none-eabi-gcc "../Core/Src/system_stm32l4xx.c" -mcpu=cortex-m4 -std=gnu11 -g3 -DDEBUG -DUSE_HAL_DRIVER -DSTM32L4R5xx -c -I../Core/Inc -I../Drivers/STM32L4xx_HAL_Driver/Inc -I../Drivers/STM32L4xx_HAL_Driver/Inc/Legacy -I../Drivers/CMSIS/Device/ST/STM32L4xx/Include -I../Drivers/CMSIS/Include -O0 -ffunction-sections -fdata-sections -Wall -fstack-usage -fcyclomatic-complexity -MMD -MP -MF"Core/Src/system_stm32l4xx.d" -MT"Core/Src/system_stm32l4xx.o" --specs=nano.specs -mfpu=fpv4-sp-d16 -mfloat-abi=hard -mthumb -o "Core/Src/system_stm32l4xx.o"
../Core/Src/lidar.c: In function 'send_express_scan_command':
../Core/Src/lidar.c:28:34: warning: passing argument 2 of 'HAL_UART_Transmit' from incompatible pointer type [-Wincompatible-pointer-types]
   28 |         HAL_UART_Transmit(huart, &packet, sizeof(packet), HAL_MAX_DELAY);
      |                                  ^~~~~~~
      |                                  |
      |                                  uint8_t (*)[9] {aka unsigned char (*)[9]}
In file included from ../Core/Inc/stm32l4xx_hal_conf.h:450,
                 from ../Drivers/STM32L4xx_HAL_Driver/Inc/stm32l4xx_hal.h:29,
                 from ../Core/Inc/lidar.h:6,
                 from ../Core/Src/lidar.c:8:
../Drivers/STM32L4xx_HAL_Driver/Inc/stm32l4xx_hal_uart.h:1696:79: note: expected 'const uint8_t *' {aka 'const unsigned char *'} but argument is of type 'uint8_t (*)[9]' {aka 'unsigned char (*)[9]'}
 1696 | HAL_StatusTypeDef HAL_UART_Transmit(UART_HandleTypeDef *huart, const uint8_t *pData, uint16_t Size, uint32_t Timeout);
      |                                                                ~~~~~~~~~~~~~~~^~~~~
../Core/Src/lidar.c: In function 'decode_express_capsule':
../Core/Src/lidar.c:102:13: warning: implicit declaration of function 'printf' [-Wimplicit-function-declaration]
  102 |             printf("theta: %06.1f Dist: %08.2f Q: %d\n", angle1, dist1_mm, 47);
      |             ^~~~~~
../Core/Src/lidar.c:9:1: note: include '<stdio.h>' or provide a declaration of 'printf'
    8 | #include "lidar.h"
  +++ |+#include <stdio.h>
    9 | 
../Core/Src/lidar.c:102:13: warning: incompatible implicit declaration of built-in function 'printf' [-Wbuiltin-declaration-mismatch]
  102 |             printf("theta: %06.1f Dist: %08.2f Q: %d\n", angle1, dist1_mm, 47);
      |             ^~~~~~
../Core/Src/lidar.c:102:13: note: include '<stdio.h>' or provide a declaration of 'printf'
../Core/Src/lidar.c:41:10: warning: unused variable 'new_scan' [-Wunused-variable]
   41 |     bool new_scan = (capsule_data[3] & 0x80) != 0;
      |          ^~~~~~~~
../Core/Inc/lidar.h: At top level:
../Core/Inc/lidar.h:16:13: warning: 'has_prev_packet' defined but not used [-Wunused-variable]
   16 | static bool has_prev_packet = false;
      |             ^~~~~~~~~~~~~~~
arm-none-eabi-gcc -o "373_Final_Project.elf" @"objects.list"   -mcpu=cortex-m4 -T"N:\EECS373-CubeIDE-Workspace\373_Final_Project\STM32L4R5ZITXP_FLASH.ld" --specs=nosys.specs -Wl,-Map="373_Final_Project.map" -Wl,--gc-sections -static --specs=nano.specs -mfpu=fpv4-sp-d16 -mfloat-abi=hard -mthumb -u _printf_float -Wl,--start-group -lc -lm -Wl,--end-group
Finished building target: 373_Final_Project.elf
 
arm-none-eabi-size  373_Final_Project.elf 
arm-none-eabi-objdump -h -S 373_Final_Project.elf  > "373_Final_Project.list"
   text	   data	    bss	    dec	    hex	filename
  30544	    468	   2300	  33312	   8220	373_Final_Project.elf
Finished building: default.size.stdout
 
Finished building: 373_Final_Project.list
 
15:18:10 **** Incremental Build of configuration Debug for project 373_Final_Project ****
make -j12 all 
arm-none-eabi-gcc "../Core/Src/lidar.c" -mcpu=cortex-m4 -std=gnu11 -g3 -DDEBUG -DUSE_HAL_DRIVER -DSTM32L4R5xx -c -I../Core/Inc -I../Drivers/STM32L4xx_HAL_Driver/Inc -I../Drivers/STM32L4xx_HAL_Driver/Inc/Legacy -I../Drivers/CMSIS/Device/ST/STM32L4xx/Include -I../Drivers/CMSIS/Include -O0 -ffunction-sections -fdata-sections -Wall -fstack-usage -fcyclomatic-complexity -MMD -MP -MF"Core/Src/lidar.d" -MT"Core/Src/lidar.o" --specs=nano.specs -mfpu=fpv4-sp-d16 -mfloat-abi=hard -mthumb -o "Core/Src/lidar.o"
../Core/Src/lidar.c: In function 'send_express_scan_command':
../Core/Src/lidar.c:28:34: warning: passing argument 2 of 'HAL_UART_Transmit' from incompatible pointer type [-Wincompatible-pointer-types]
   28 |         HAL_UART_Transmit(huart, &packet, sizeof(packet), HAL_MAX_DELAY);
      |                                  ^~~~~~~
      |                                  |
      |                                  uint8_t (*)[9] {aka unsigned char (*)[9]}
In file included from ../Core/Inc/stm32l4xx_hal_conf.h:450,
                 from ../Drivers/STM32L4xx_HAL_Driver/Inc/stm32l4xx_hal.h:29,
                 from ../Core/Inc/lidar.h:6,
                 from ../Core/Src/lidar.c:8:
../Drivers/STM32L4xx_HAL_Driver/Inc/stm32l4xx_hal_uart.h:1696:79: note: expected 'const uint8_t *' {aka 'const unsigned char *'} but argument is of type 'uint8_t (*)[9]' {aka 'unsigned char (*)[9]'}
 1696 | HAL_StatusTypeDef HAL_UART_Transmit(UART_HandleTypeDef *huart, const uint8_t *pData, uint16_t Size, uint32_t Timeout);
      |                                                                ~~~~~~~~~~~~~~~^~~~~
../Core/Src/lidar.c: In function 'decode_express_capsule':
../Core/Src/lidar.c:102:13: warning: implicit declaration of function 'printf' [-Wimplicit-function-declaration]
  102 |             printf("theta: %06.1f Dist: %08.2f Q: %d\n", angle1, dist1_mm, 47);
      |             ^~~~~~
../Core/Src/lidar.c:9:1: note: include '<stdio.h>' or provide a declaration of 'printf'
    8 | #include "lidar.h"
  +++ |+#include <stdio.h>
    9 | 
../Core/Src/lidar.c:102:13: warning: incompatible implicit declaration of built-in function 'printf' [-Wbuiltin-declaration-mismatch]
  102 |             printf("theta: %06.1f Dist: %08.2f Q: %d\n", angle1, dist1_mm, 47);
      |             ^~~~~~
../Core/Src/lidar.c:102:13: note: include '<stdio.h>' or provide a declaration of 'printf'
../Core/Src/lidar.c:41:10: warning: unused variable 'new_scan' [-Wunused-variable]
   41 |     bool new_scan = (capsule_data[3] & 0x80) != 0;
      |          ^~~~~~~~
arm-none-eabi-gcc -o "373_Final_Project.elf" @"objects.list"   -mcpu=cortex-m4 -T"N:\EECS373-CubeIDE-Workspace\373_Final_Project\STM32L4R5ZITXP_FLASH.ld" --specs=nosys.specs -Wl,-Map="373_Final_Project.map" -Wl,--gc-sections -static --specs=nano.specs -mfpu=fpv4-sp-d16 -mfloat-abi=hard -mthumb -u _printf_float -Wl,--start-group -lc -lm -Wl,--end-group
Finished building target: 373_Final_Project.elf
 
arm-none-eabi-size  373_Final_Project.elf 
arm-none-eabi-objdump -h -S 373_Final_Project.elf  > "373_Final_Project.list"
   text	   data	    bss	    dec	    hex	filename
  30544	    468	   2300	  33312	   8220	373_Final_Project.elf
Finished building: default.size.stdout
 
Finished building: 373_Final_Project.list
 
15:21:10 **** Incremental Build of configuration Debug for project 373_Final_Project ****
make -j12 all 
arm-none-eabi-gcc "../Core/Src/main.c" -mcpu=cortex-m4 -std=gnu11 -g3 -DDEBUG -DUSE_HAL_DRIVER -DSTM32L4R5xx -c -I../Core/Inc -I../Drivers/STM32L4xx_HAL_Driver/Inc -I../Drivers/STM32L4xx_HAL_Driver/Inc/Legacy -I../Drivers/CMSIS/Device/ST/STM32L4xx/Include -I../Drivers/CMSIS/Include -O0 -ffunction-sections -fdata-sections -Wall -fstack-usage -fcyclomatic-complexity -MMD -MP -MF"Core/Src/main.d" -MT"Core/Src/main.o" --specs=nano.specs -mfpu=fpv4-sp-d16 -mfloat-abi=hard -mthumb -o "Core/Src/main.o"
../Core/Src/main.c: In function 'main':
../Core/Src/main.c:108:36: warning: implicit declaration of function 'read' [-Wimplicit-function-declaration]
  108 |                   int bytes_read = read(fd, new_data, sizeof(new_data));
      |                                    ^~~~
../Core/Src/main.c:108:41: error: 'fd' undeclared (first use in this function)
  108 |                   int bytes_read = read(fd, new_data, sizeof(new_data));
      |                                         ^~
../Core/Src/main.c:108:41: note: each undeclared identifier is reported only once for each function it appears in
../Core/Src/main.c:112:61: error: 'buffer_pos' undeclared (first use in this function)
  112 |                           for (int i = 0; i < bytes_read && buffer_pos < sizeof(stream_buffer) - 1; i++) {
      |                                                             ^~~~~~~~~~
../Core/Src/main.c:112:81: error: 'stream_buffer' undeclared (first use in this function)
  112 |                           for (int i = 0; i < bytes_read && buffer_pos < sizeof(stream_buffer) - 1; i++) {
      |                                                                                 ^~~~~~~~~~~~~
../Core/Src/main.c:120:35: error: 'capsule_count' undeclared (first use in this function)
  120 |                                   capsule_count++;
      |                                   ^~~~~~~~~~~~~
../Core/Src/main.c:128:43: warning: implicit declaration of function 'printf' [-Wimplicit-function-declaration]
  128 |                                           printf("# Processed %d capsules (rotation %d)\n", capsule_count, capsule_count/16);
      |                                           ^~~~~~
../Core/Src/main.c:22:1: note: include '<stdio.h>' or provide a declaration of 'printf'
   21 | #include "lidar.h"
  +++ |+#include <stdio.h>
   22 | 
../Core/Src/main.c:128:43: warning: incompatible implicit declaration of built-in function 'printf' [-Wbuiltin-declaration-mismatch]
  128 |                                           printf("# Processed %d capsules (rotation %d)\n", capsule_count, capsule_count/16);
      |                                           ^~~~~~
../Core/Src/main.c:128:43: note: include '<stdio.h>' or provide a declaration of 'printf'
In file included from ../Core/Src/main.c:21:
../Core/Inc/lidar.h: At top level:
../Core/Inc/lidar.h:17:14: warning: 'prev_start_angle' defined but not used [-Wunused-variable]
   17 | static float prev_start_angle = 0;
      |              ^~~~~~~~~~~~~~~~
../Core/Inc/lidar.h:16:13: warning: 'has_prev_packet' defined but not used [-Wunused-variable]
   16 | static bool has_prev_packet = false;
      |             ^~~~~~~~~~~~~~~
../Core/Inc/lidar.h:15:16: warning: 'prev_packet' defined but not used [-Wunused-variable]
   15 | static uint8_t prev_packet[84];
      |                ^~~~~~~~~~~
make: *** [Core/Src/subdir.mk:37: Core/Src/main.o] Error 1
"make -j12 all" terminated with exit code 2. Build might be incomplete.
15:42:23 **** Incremental Build of configuration Debug for project 373_Final_Project ****
make -j12 all 
arm-none-eabi-gcc "../Core/Src/lidar.c" -mcpu=cortex-m4 -std=gnu11 -g3 -DDEBUG -DUSE_HAL_DRIVER -DSTM32L4R5xx -c -I../Core/Inc -I../Drivers/STM32L4xx_HAL_Driver/Inc -I../Drivers/STM32L4xx_HAL_Driver/Inc/Legacy -I../Drivers/CMSIS/Device/ST/STM32L4xx/Include -I../Drivers/CMSIS/Include -O0 -ffunction-sections -fdata-sections -Wall -fstack-usage -fcyclomatic-complexity -MMD -MP -MF"Core/Src/lidar.d" -MT"Core/Src/lidar.o" --specs=nano.specs -mfpu=fpv4-sp-d16 -mfloat-abi=hard -mthumb -o "Core/Src/lidar.o"
arm-none-eabi-gcc "../Core/Src/main.c" -mcpu=cortex-m4 -std=gnu11 -g3 -DDEBUG -DUSE_HAL_DRIVER -DSTM32L4R5xx -c -I../Core/Inc -I../Drivers/STM32L4xx_HAL_Driver/Inc -I../Drivers/STM32L4xx_HAL_Driver/Inc/Legacy -I../Drivers/CMSIS/Device/ST/STM32L4xx/Include -I../Drivers/CMSIS/Include -O0 -ffunction-sections -fdata-sections -Wall -fstack-usage -fcyclomatic-complexity -MMD -MP -MF"Core/Src/main.d" -MT"Core/Src/main.o" --specs=nano.specs -mfpu=fpv4-sp-d16 -mfloat-abi=hard -mthumb -o "Core/Src/main.o"
../Core/Src/lidar.c: In function 'send_express_scan_command':
../Core/Src/lidar.c:28:34: warning: passing argument 2 of 'HAL_UART_Transmit' from incompatible pointer type [-Wincompatible-pointer-types]
   28 |         HAL_UART_Transmit(huart, &packet, sizeof(packet), HAL_MAX_DELAY);
      |                                  ^~~~~~~
      |                                  |
      |                                  uint8_t (*)[9] {aka unsigned char (*)[9]}
In file included from ../Core/Inc/stm32l4xx_hal_conf.h:450,
                 from ../Drivers/STM32L4xx_HAL_Driver/Inc/stm32l4xx_hal.h:29,
                 from ../Core/Inc/lidar.h:6,
                 from ../Core/Src/lidar.c:8:
../Drivers/STM32L4xx_HAL_Driver/Inc/stm32l4xx_hal_uart.h:1696:79: note: expected 'const uint8_t *' {aka 'const unsigned char *'} but argument is of type 'uint8_t (*)[9]' {aka 'unsigned char (*)[9]'}
 1696 | HAL_StatusTypeDef HAL_UART_Transmit(UART_HandleTypeDef *huart, const uint8_t *pData, uint16_t Size, uint32_t Timeout);
      |                                                                ~~~~~~~~~~~~~~~^~~~~
../Core/Src/lidar.c: In function 'decode_express_capsule':
../Core/Src/lidar.c:102:13: warning: implicit declaration of function 'printf' [-Wimplicit-function-declaration]
  102 |             printf("theta: %06.1f Dist: %08.2f Q: %d\n", angle1, dist1_mm, 47);
      |             ^~~~~~
../Core/Src/lidar.c:9:1: note: include '<stdio.h>' or provide a declaration of 'printf'
    8 | #include "lidar.h"
  +++ |+#include <stdio.h>
    9 | 
../Core/Src/lidar.c:102:13: warning: incompatible implicit declaration of built-in function 'printf' [-Wbuiltin-declaration-mismatch]
  102 |             printf("theta: %06.1f Dist: %08.2f Q: %d\n", angle1, dist1_mm, 47);
      |             ^~~~~~
../Core/Src/main.c:49:2: error: multiple storage classes in declaration specifiers
   49 |  extern static uint8_t *capsule_data[168];
      |  ^~~~~~
../Core/Src/lidar.c:102:13: note: include '<stdio.h>' or provide a declaration of 'printf'
../Core/Src/main.c: In function 'main':
../Core/Src/lidar.c:41:10: warning: unused variable 'new_scan' [-Wunused-variable]
   41 |     bool new_scan = (capsule_data[3] & 0x80) != 0;
      |          ^~~~~~~~
../Core/Src/main.c:109:33: warning: passing argument 1 of 'decode_express_capsule' from incompatible pointer type [-Wincompatible-pointer-types]
  109 |          decode_express_capsule(capsule_data);
      |                                 ^~~~~~~~~~~~
      |                                 |
      |                                 uint8_t ** {aka unsigned char **}
../Core/Inc/lidar.h: At top level:
../Core/Inc/lidar.h:15:18: warning: 'capsule_data' defined but not used [-Wunused-variable]
   15 | static uint8_t * capsule_data[168];
      |                  ^~~~~~~~~~~~
In file included from ../Core/Src/main.c:21:
../Core/Inc/lidar.h:26:38: note: expected 'uint8_t *' {aka 'unsigned char *'} but argument is of type 'uint8_t **' {aka 'unsigned char **'}
   26 | void decode_express_capsule(uint8_t* capsule_data);
      |                             ~~~~~~~~~^~~~~~~~~~~~
../Core/Inc/lidar.h: At top level:
../Core/Inc/lidar.h:18:14: warning: 'prev_start_angle' defined but not used [-Wunused-variable]
   18 | static float prev_start_angle = 0;
      |              ^~~~~~~~~~~~~~~~
../Core/Inc/lidar.h:17:13: warning: 'has_prev_packet' defined but not used [-Wunused-variable]
   17 | static bool has_prev_packet = false;
      |             ^~~~~~~~~~~~~~~
../Core/Inc/lidar.h:16:16: warning: 'prev_packet' defined but not used [-Wunused-variable]
   16 | static uint8_t prev_packet[84];
      |                ^~~~~~~~~~~
make: *** [Core/Src/subdir.mk:37: Core/Src/main.o] Error 1
make: *** Waiting for unfinished jobs....
"make -j12 all" terminated with exit code 2. Build might be incomplete.
15:53:03 **** Incremental Build of configuration Debug for project 373_Final_Project ****
make -j12 all 
arm-none-eabi-gcc "../Core/Src/lidar.c" -mcpu=cortex-m4 -std=gnu11 -g3 -DDEBUG -DUSE_HAL_DRIVER -DSTM32L4R5xx -c -I../Core/Inc -I../Drivers/STM32L4xx_HAL_Driver/Inc -I../Drivers/STM32L4xx_HAL_Driver/Inc/Legacy -I../Drivers/CMSIS/Device/ST/STM32L4xx/Include -I../Drivers/CMSIS/Include -O0 -ffunction-sections -fdata-sections -Wall -fstack-usage -fcyclomatic-complexity -MMD -MP -MF"Core/Src/lidar.d" -MT"Core/Src/lidar.o" --specs=nano.specs -mfpu=fpv4-sp-d16 -mfloat-abi=hard -mthumb -o "Core/Src/lidar.o"
arm-none-eabi-gcc "../Core/Src/main.c" -mcpu=cortex-m4 -std=gnu11 -g3 -DDEBUG -DUSE_HAL_DRIVER -DSTM32L4R5xx -c -I../Core/Inc -I../Drivers/STM32L4xx_HAL_Driver/Inc -I../Drivers/STM32L4xx_HAL_Driver/Inc/Legacy -I../Drivers/CMSIS/Device/ST/STM32L4xx/Include -I../Drivers/CMSIS/Include -O0 -ffunction-sections -fdata-sections -Wall -fstack-usage -fcyclomatic-complexity -MMD -MP -MF"Core/Src/main.d" -MT"Core/Src/main.o" --specs=nano.specs -mfpu=fpv4-sp-d16 -mfloat-abi=hard -mthumb -o "Core/Src/main.o"
../Core/Src/lidar.c: In function 'send_express_scan_command':
../Core/Src/lidar.c:28:34: warning: passing argument 2 of 'HAL_UART_Transmit' from incompatible pointer type [-Wincompatible-pointer-types]
   28 |         HAL_UART_Transmit(huart, &packet, sizeof(packet), HAL_MAX_DELAY);
      |                                  ^~~~~~~
      |                                  |
      |                                  uint8_t (*)[9] {aka unsigned char (*)[9]}
In file included from ../Core/Inc/stm32l4xx_hal_conf.h:450,
                 from ../Drivers/STM32L4xx_HAL_Driver/Inc/stm32l4xx_hal.h:29,
                 from ../Core/Inc/lidar.h:6,
                 from ../Core/Src/lidar.c:8:
../Drivers/STM32L4xx_HAL_Driver/Inc/stm32l4xx_hal_uart.h:1696:79: note: expected 'const uint8_t *' {aka 'const unsigned char *'} but argument is of type 'uint8_t (*)[9]' {aka 'unsigned char (*)[9]'}
 1696 | HAL_StatusTypeDef HAL_UART_Transmit(UART_HandleTypeDef *huart, const uint8_t *pData, uint16_t Size, uint32_t Timeout);
      |                                                                ~~~~~~~~~~~~~~~^~~~~
../Core/Src/lidar.c: In function 'decode_express_capsule':
../Core/Src/lidar.c:102:13: warning: implicit declaration of function 'printf' [-Wimplicit-function-declaration]
  102 |             printf("theta: %06.1f Dist: %08.2f Q: %d\n", angle1, dist1_mm, 47);
      |             ^~~~~~
../Core/Src/lidar.c:9:1: note: include '<stdio.h>' or provide a declaration of 'printf'
    8 | #include "lidar.h"
  +++ |+#include <stdio.h>
    9 | 
../Core/Src/lidar.c:102:13: warning: incompatible implicit declaration of built-in function 'printf' [-Wbuiltin-declaration-mismatch]
  102 |             printf("theta: %06.1f Dist: %08.2f Q: %d\n", angle1, dist1_mm, 47);
      |             ^~~~~~
../Core/Src/main.c:49:2: error: multiple storage classes in declaration specifiers
   49 |  extern static uint8_t *capsule_data[168];
      |  ^~~~~~
../Core/Src/lidar.c:102:13: note: include '<stdio.h>' or provide a declaration of 'printf'
../Core/Src/main.c: In function 'main':
../Core/Src/lidar.c:41:10: warning: unused variable 'new_scan' [-Wunused-variable]
   41 |     bool new_scan = (capsule_data[3] & 0x80) != 0;
      |          ^~~~~~~~
../Core/Src/main.c:109:33: warning: passing argument 1 of 'decode_express_capsule' from incompatible pointer type [-Wincompatible-pointer-types]
  109 |          decode_express_capsule(capsule_data);
      |                                 ^~~~~~~~~~~~
      |                                 |
      |                                 uint8_t ** {aka unsigned char **}
In file included from ../Core/Src/main.c:21:
../Core/Inc/lidar.h:26:38: note: expected 'uint8_t *' {aka 'unsigned char *'} but argument is of type 'uint8_t **' {aka 'unsigned char **'}
   26 | void decode_express_capsule(uint8_t* capsule_data);
      |                             ~~~~~~~~~^~~~~~~~~~~~
../Core/Inc/lidar.h: At top level:
../Core/Inc/lidar.h:18:14: warning: 'prev_start_angle' defined but not used [-Wunused-variable]
   18 | static float prev_start_angle = 0;
      |              ^~~~~~~~~~~~~~~~
../Core/Inc/lidar.h:17:13: warning: 'has_prev_packet' defined but not used [-Wunused-variable]
   17 | static bool has_prev_packet = false;
      |             ^~~~~~~~~~~~~~~
../Core/Inc/lidar.h:16:16: warning: 'prev_packet' defined but not used [-Wunused-variable]
   16 | static uint8_t prev_packet[84];
      |                ^~~~~~~~~~~
make: *** [Core/Src/subdir.mk:37: Core/Src/main.o] Error 1
make: *** Waiting for unfinished jobs....
"make -j12 all" terminated with exit code 2. Build might be incomplete.
15:53:30 **** Incremental Build of configuration Debug for project 373_Final_Project ****
make -j12 all 
arm-none-eabi-gcc "../Core/Src/lidar.c" -mcpu=cortex-m4 -std=gnu11 -g3 -DDEBUG -DUSE_HAL_DRIVER -DSTM32L4R5xx -c -I../Core/Inc -I../Drivers/STM32L4xx_HAL_Driver/Inc -I../Drivers/STM32L4xx_HAL_Driver/Inc/Legacy -I../Drivers/CMSIS/Device/ST/STM32L4xx/Include -I../Drivers/CMSIS/Include -O0 -ffunction-sections -fdata-sections -Wall -fstack-usage -fcyclomatic-complexity -MMD -MP -MF"Core/Src/lidar.d" -MT"Core/Src/lidar.o" --specs=nano.specs -mfpu=fpv4-sp-d16 -mfloat-abi=hard -mthumb -o "Core/Src/lidar.o"
arm-none-eabi-gcc "../Core/Src/main.c" -mcpu=cortex-m4 -std=gnu11 -g3 -DDEBUG -DUSE_HAL_DRIVER -DSTM32L4R5xx -c -I../Core/Inc -I../Drivers/STM32L4xx_HAL_Driver/Inc -I../Drivers/STM32L4xx_HAL_Driver/Inc/Legacy -I../Drivers/CMSIS/Device/ST/STM32L4xx/Include -I../Drivers/CMSIS/Include -O0 -ffunction-sections -fdata-sections -Wall -fstack-usage -fcyclomatic-complexity -MMD -MP -MF"Core/Src/main.d" -MT"Core/Src/main.o" --specs=nano.specs -mfpu=fpv4-sp-d16 -mfloat-abi=hard -mthumb -o "Core/Src/main.o"
../Core/Src/lidar.c: In function 'send_express_scan_command':
../Core/Src/lidar.c:28:34: warning: passing argument 2 of 'HAL_UART_Transmit' from incompatible pointer type [-Wincompatible-pointer-types]
   28 |         HAL_UART_Transmit(huart, &packet, sizeof(packet), HAL_MAX_DELAY);
      |                                  ^~~~~~~
      |                                  |
      |                                  uint8_t (*)[9] {aka unsigned char (*)[9]}
In file included from ../Core/Inc/stm32l4xx_hal_conf.h:450,
                 from ../Drivers/STM32L4xx_HAL_Driver/Inc/stm32l4xx_hal.h:29,
                 from ../Core/Inc/lidar.h:6,
                 from ../Core/Src/lidar.c:8:
../Drivers/STM32L4xx_HAL_Driver/Inc/stm32l4xx_hal_uart.h:1696:79: note: expected 'const uint8_t *' {aka 'const unsigned char *'} but argument is of type 'uint8_t (*)[9]' {aka 'unsigned char (*)[9]'}
 1696 | HAL_StatusTypeDef HAL_UART_Transmit(UART_HandleTypeDef *huart, const uint8_t *pData, uint16_t Size, uint32_t Timeout);
      |                                                                ~~~~~~~~~~~~~~~^~~~~
../Core/Src/lidar.c: In function 'decode_express_capsule':
../Core/Src/lidar.c:102:13: warning: implicit declaration of function 'printf' [-Wimplicit-function-declaration]
  102 |             printf("theta: %06.1f Dist: %08.2f Q: %d\n", angle1, dist1_mm, 47);
      |             ^~~~~~
../Core/Src/lidar.c:9:1: note: include '<stdio.h>' or provide a declaration of 'printf'
    8 | #include "lidar.h"
  +++ |+#include <stdio.h>
    9 | 
../Core/Src/lidar.c:102:13: warning: incompatible implicit declaration of built-in function 'printf' [-Wbuiltin-declaration-mismatch]
  102 |             printf("theta: %06.1f Dist: %08.2f Q: %d\n", angle1, dist1_mm, 47);
      |             ^~~~~~
../Core/Src/main.c: In function 'main':
../Core/Src/lidar.c:102:13: note: include '<stdio.h>' or provide a declaration of 'printf'
../Core/Src/lidar.c:41:10: warning: unused variable 'new_scan' [-Wunused-variable]
   41 |     bool new_scan = (capsule_data[3] & 0x80) != 0;
      |          ^~~~~~~~
../Core/Inc/lidar.h: At top level:
../Core/Src/main.c:109:33: warning: passing argument 1 of 'decode_express_capsule' from incompatible pointer type [-Wincompatible-pointer-types]
  109 |          decode_express_capsule(capsule_data);
      |                                 ^~~~~~~~~~~~
      |                                 |
      |                                 uint8_t ** {aka unsigned char **}
../Core/Inc/lidar.h:15:18: warning: 'capsule_data' defined but not used [-Wunused-variable]
   15 | static uint8_t * capsule_data[168];
      |                  ^~~~~~~~~~~~
In file included from ../Core/Src/main.c:21:
../Core/Inc/lidar.h:26:38: note: expected 'uint8_t *' {aka 'unsigned char *'} but argument is of type 'uint8_t **' {aka 'unsigned char **'}
   26 | void decode_express_capsule(uint8_t* capsule_data);
      |                             ~~~~~~~~~^~~~~~~~~~~~
../Core/Inc/lidar.h: At top level:
../Core/Inc/lidar.h:18:14: warning: 'prev_start_angle' defined but not used [-Wunused-variable]
   18 | static float prev_start_angle = 0;
      |              ^~~~~~~~~~~~~~~~
../Core/Inc/lidar.h:17:13: warning: 'has_prev_packet' defined but not used [-Wunused-variable]
   17 | static bool has_prev_packet = false;
      |             ^~~~~~~~~~~~~~~
../Core/Inc/lidar.h:16:16: warning: 'prev_packet' defined but not used [-Wunused-variable]
   16 | static uint8_t prev_packet[84];
      |                ^~~~~~~~~~~
arm-none-eabi-gcc -o "373_Final_Project.elf" @"objects.list"   -mcpu=cortex-m4 -T"N:\EECS373-CubeIDE-Workspace\373_Final_Project\STM32L4R5ZITXP_FLASH.ld" --specs=nosys.specs -Wl,-Map="373_Final_Project.map" -Wl,--gc-sections -static --specs=nano.specs -mfpu=fpv4-sp-d16 -mfloat-abi=hard -mthumb -u _printf_float -Wl,--start-group -lc -lm -Wl,--end-group
Finished building target: 373_Final_Project.elf
 
arm-none-eabi-size  373_Final_Project.elf 
arm-none-eabi-objdump -h -S 373_Final_Project.elf  > "373_Final_Project.list"
   text	   data	    bss	    dec	    hex	filename
  31976	    468	   3060	  35504	   8ab0	373_Final_Project.elf
Finished building: default.size.stdout
 
Finished building: 373_Final_Project.list
 
15:56:11 **** Incremental Build of configuration Debug for project 373_Final_Project ****
make -j12 all 
arm-none-eabi-gcc "../Core/Src/lidar.c" -mcpu=cortex-m4 -std=gnu11 -g3 -DDEBUG -DUSE_HAL_DRIVER -DSTM32L4R5xx -c -I../Core/Inc -I../Drivers/STM32L4xx_HAL_Driver/Inc -I../Drivers/STM32L4xx_HAL_Driver/Inc/Legacy -I../Drivers/CMSIS/Device/ST/STM32L4xx/Include -I../Drivers/CMSIS/Include -O0 -ffunction-sections -fdata-sections -Wall -fstack-usage -fcyclomatic-complexity -MMD -MP -MF"Core/Src/lidar.d" -MT"Core/Src/lidar.o" --specs=nano.specs -mfpu=fpv4-sp-d16 -mfloat-abi=hard -mthumb -o "Core/Src/lidar.o"
arm-none-eabi-gcc "../Core/Src/main.c" -mcpu=cortex-m4 -std=gnu11 -g3 -DDEBUG -DUSE_HAL_DRIVER -DSTM32L4R5xx -c -I../Core/Inc -I../Drivers/STM32L4xx_HAL_Driver/Inc -I../Drivers/STM32L4xx_HAL_Driver/Inc/Legacy -I../Drivers/CMSIS/Device/ST/STM32L4xx/Include -I../Drivers/CMSIS/Include -O0 -ffunction-sections -fdata-sections -Wall -fstack-usage -fcyclomatic-complexity -MMD -MP -MF"Core/Src/main.d" -MT"Core/Src/main.o" --specs=nano.specs -mfpu=fpv4-sp-d16 -mfloat-abi=hard -mthumb -o "Core/Src/main.o"
../Core/Src/lidar.c: In function 'send_express_scan_command':
../Core/Src/lidar.c:28:34: warning: passing argument 2 of 'HAL_UART_Transmit' from incompatible pointer type [-Wincompatible-pointer-types]
   28 |         HAL_UART_Transmit(huart, &packet, sizeof(packet), HAL_MAX_DELAY);
      |                                  ^~~~~~~
      |                                  |
      |                                  uint8_t (*)[9] {aka unsigned char (*)[9]}
In file included from ../Core/Inc/stm32l4xx_hal_conf.h:450,
                 from ../Drivers/STM32L4xx_HAL_Driver/Inc/stm32l4xx_hal.h:29,
                 from ../Core/Inc/lidar.h:6,
                 from ../Core/Src/lidar.c:8:
../Drivers/STM32L4xx_HAL_Driver/Inc/stm32l4xx_hal_uart.h:1696:79: note: expected 'const uint8_t *' {aka 'const unsigned char *'} but argument is of type 'uint8_t (*)[9]' {aka 'unsigned char (*)[9]'}
 1696 | HAL_StatusTypeDef HAL_UART_Transmit(UART_HandleTypeDef *huart, const uint8_t *pData, uint16_t Size, uint32_t Timeout);
      |                                                                ~~~~~~~~~~~~~~~^~~~~
../Core/Src/lidar.c: In function 'decode_express_capsule':
../Core/Src/lidar.c:102:13: warning: implicit declaration of function 'printf' [-Wimplicit-function-declaration]
  102 |             printf("theta: %06.1f Dist: %08.2f Q: %d\n", angle1, dist1_mm, 47);
      |             ^~~~~~
../Core/Src/lidar.c:9:1: note: include '<stdio.h>' or provide a declaration of 'printf'
    8 | #include "lidar.h"
  +++ |+#include <stdio.h>
    9 | 
../Core/Src/lidar.c:102:13: warning: incompatible implicit declaration of built-in function 'printf' [-Wbuiltin-declaration-mismatch]
  102 |             printf("theta: %06.1f Dist: %08.2f Q: %d\n", angle1, dist1_mm, 47);
      |             ^~~~~~
../Core/Src/main.c: In function 'main':
../Core/Src/lidar.c:102:13: note: include '<stdio.h>' or provide a declaration of 'printf'
../Core/Src/lidar.c:41:10: warning: unused variable 'new_scan' [-Wunused-variable]
   41 |     bool new_scan = (capsule_data[3] & 0x80) != 0;
      |          ^~~~~~~~
../Core/Src/main.c:108:33: warning: passing argument 1 of 'decode_express_capsule' from incompatible pointer type [-Wincompatible-pointer-types]
  108 |          decode_express_capsule(capsule_data);
      |                                 ^~~~~~~~~~~~
      |                                 |
      |                                 uint8_t ** {aka unsigned char **}
In file included from ../Core/Src/main.c:21:
../Core/Inc/lidar.h:26:38: note: expected 'uint8_t *' {aka 'unsigned char *'} but argument is of type 'uint8_t **' {aka 'unsigned char **'}
   26 | void decode_express_capsule(uint8_t* capsule_data);
      |                             ~~~~~~~~~^~~~~~~~~~~~
../Core/Inc/lidar.h: At top level:
../Core/Inc/lidar.h:18:14: warning: 'prev_start_angle' defined but not used [-Wunused-variable]
   18 | static float prev_start_angle = 0;
      |              ^~~~~~~~~~~~~~~~
../Core/Inc/lidar.h:17:13: warning: 'has_prev_packet' defined but not used [-Wunused-variable]
   17 | static bool has_prev_packet = false;
      |             ^~~~~~~~~~~~~~~
../Core/Inc/lidar.h:16:16: warning: 'prev_packet' defined but not used [-Wunused-variable]
   16 | static uint8_t prev_packet[84];
      |                ^~~~~~~~~~~
arm-none-eabi-gcc -o "373_Final_Project.elf" @"objects.list"   -mcpu=cortex-m4 -T"N:\EECS373-CubeIDE-Workspace\373_Final_Project\STM32L4R5ZITXP_FLASH.ld" --specs=nosys.specs -Wl,-Map="373_Final_Project.map" -Wl,--gc-sections -static --specs=nano.specs -mfpu=fpv4-sp-d16 -mfloat-abi=hard -mthumb -u _printf_float -Wl,--start-group -lc -lm -Wl,--end-group
C:/ST/STM32CubeIDE_1.19.0/STM32CubeIDE/plugins/com.st.stm32cube.ide.mcu.externaltools.gnu-tools-for-stm32.13.3.rel1.win32_1.0.0.202411081344/tools/bin/../lib/gcc/arm-none-eabi/13.3.1/../../../../arm-none-eabi/bin/ld.exe: ./Core/Src/main.o: in function `main':
N:/EECS373-CubeIDE-Workspace/373_Final_Project/Debug/../Core/Src/main.c:108:(.text.main+0x4c): undefined reference to `capsule_data'
collect2.exe: error: ld returned 1 exit status
make: *** [makefile:64: 373_Final_Project.elf] Error 1
"make -j12 all" terminated with exit code 2. Build might be incomplete.
15:57:34 **** Incremental Build of configuration Debug for project 373_Final_Project ****
make -j12 all 
arm-none-eabi-gcc "../Core/Src/lidar.c" -mcpu=cortex-m4 -std=gnu11 -g3 -DDEBUG -DUSE_HAL_DRIVER -DSTM32L4R5xx -c -I../Core/Inc -I../Drivers/STM32L4xx_HAL_Driver/Inc -I../Drivers/STM32L4xx_HAL_Driver/Inc/Legacy -I../Drivers/CMSIS/Device/ST/STM32L4xx/Include -I../Drivers/CMSIS/Include -O0 -ffunction-sections -fdata-sections -Wall -fstack-usage -fcyclomatic-complexity -MMD -MP -MF"Core/Src/lidar.d" -MT"Core/Src/lidar.o" --specs=nano.specs -mfpu=fpv4-sp-d16 -mfloat-abi=hard -mthumb -o "Core/Src/lidar.o"
arm-none-eabi-gcc "../Core/Src/main.c" -mcpu=cortex-m4 -std=gnu11 -g3 -DDEBUG -DUSE_HAL_DRIVER -DSTM32L4R5xx -c -I../Core/Inc -I../Drivers/STM32L4xx_HAL_Driver/Inc -I../Drivers/STM32L4xx_HAL_Driver/Inc/Legacy -I../Drivers/CMSIS/Device/ST/STM32L4xx/Include -I../Drivers/CMSIS/Include -O0 -ffunction-sections -fdata-sections -Wall -fstack-usage -fcyclomatic-complexity -MMD -MP -MF"Core/Src/main.d" -MT"Core/Src/main.o" --specs=nano.specs -mfpu=fpv4-sp-d16 -mfloat-abi=hard -mthumb -o "Core/Src/main.o"
In file included from ../Core/Src/lidar.c:8:
../Core/Inc/lidar.h:17:13: warning: 'has_prev_packet' initialized and declared 'extern'
   17 | extern bool has_prev_packet = false;
      |             ^~~~~~~~~~~~~~~
../Core/Inc/lidar.h:18:14: warning: 'prev_start_angle' initialized and declared 'extern'
   18 | extern float prev_start_angle = 0;
      |              ^~~~~~~~~~~~~~~~
../Core/Src/lidar.c: In function 'send_express_scan_command':
../Core/Src/lidar.c:28:34: warning: passing argument 2 of 'HAL_UART_Transmit' from incompatible pointer type [-Wincompatible-pointer-types]
   28 |         HAL_UART_Transmit(huart, &packet, sizeof(packet), HAL_MAX_DELAY);
      |                                  ^~~~~~~
      |                                  |
      |                                  uint8_t (*)[9] {aka unsigned char (*)[9]}
In file included from ../Core/Inc/stm32l4xx_hal_conf.h:450,
                 from ../Drivers/STM32L4xx_HAL_Driver/Inc/stm32l4xx_hal.h:29,
                 from ../Core/Inc/lidar.h:6:
../Drivers/STM32L4xx_HAL_Driver/Inc/stm32l4xx_hal_uart.h:1696:79: note: expected 'const uint8_t *' {aka 'const unsigned char *'} but argument is of type 'uint8_t (*)[9]' {aka 'unsigned char (*)[9]'}
 1696 | HAL_StatusTypeDef HAL_UART_Transmit(UART_HandleTypeDef *huart, const uint8_t *pData, uint16_t Size, uint32_t Timeout);
      |                                                                ~~~~~~~~~~~~~~~^~~~~
In file included from ../Core/Src/main.c:21:
../Core/Inc/lidar.h:17:13: warning: 'has_prev_packet' initialized and declared 'extern'
   17 | extern bool has_prev_packet = false;
      |             ^~~~~~~~~~~~~~~
../Core/Inc/lidar.h:18:14: warning: 'prev_start_angle' initialized and declared 'extern'
   18 | extern float prev_start_angle = 0;
      |              ^~~~~~~~~~~~~~~~
../Core/Src/main.c: In function 'main':
../Core/Src/lidar.c: In function 'decode_express_capsule':
../Core/Src/lidar.c:102:13: warning: implicit declaration of function 'printf' [-Wimplicit-function-declaration]
  102 |             printf("theta: %06.1f Dist: %08.2f Q: %d\n", angle1, dist1_mm, 47);
      |             ^~~~~~
../Core/Src/main.c:109:33: warning: passing argument 1 of 'decode_express_capsule' from incompatible pointer type [-Wincompatible-pointer-types]
  109 |          decode_express_capsule(capsule_data);
      |                                 ^~~~~~~~~~~~
      |                                 |
      |                                 uint8_t ** {aka unsigned char **}
../Core/Src/lidar.c:9:1: note: include '<stdio.h>' or provide a declaration of 'printf'
    8 | #include "lidar.h"
  +++ |+#include <stdio.h>
    9 | 
../Core/Inc/lidar.h:26:38: note: expected 'uint8_t *' {aka 'unsigned char *'} but argument is of type 'uint8_t **' {aka 'unsigned char **'}
   26 | void decode_express_capsule(uint8_t* capsule_data);
      |                             ~~~~~~~~~^~~~~~~~~~~~
../Core/Src/lidar.c:102:13: warning: incompatible implicit declaration of built-in function 'printf' [-Wbuiltin-declaration-mismatch]
  102 |             printf("theta: %06.1f Dist: %08.2f Q: %d\n", angle1, dist1_mm, 47);
      |             ^~~~~~
../Core/Src/lidar.c:102:13: note: include '<stdio.h>' or provide a declaration of 'printf'
../Core/Src/lidar.c:41:10: warning: unused variable 'new_scan' [-Wunused-variable]
   41 |     bool new_scan = (capsule_data[3] & 0x80) != 0;
      |          ^~~~~~~~
arm-none-eabi-gcc -o "373_Final_Project.elf" @"objects.list"   -mcpu=cortex-m4 -T"N:\EECS373-CubeIDE-Workspace\373_Final_Project\STM32L4R5ZITXP_FLASH.ld" --specs=nosys.specs -Wl,-Map="373_Final_Project.map" -Wl,--gc-sections -static --specs=nano.specs -mfpu=fpv4-sp-d16 -mfloat-abi=hard -mthumb -u _printf_float -Wl,--start-group -lc -lm -Wl,--end-group
C:/ST/STM32CubeIDE_1.19.0/STM32CubeIDE/plugins/com.st.stm32cube.ide.mcu.externaltools.gnu-tools-for-stm32.13.3.rel1.win32_1.0.0.202411081344/tools/bin/../lib/gcc/arm-none-eabi/13.3.1/../../../../arm-none-eabi/bin/ld.exe: ./Core/Src/main.o:N:/EECS373-CubeIDE-Workspace/373_Final_Project/Debug/../Core/Inc/lidar.h:17: multiple definition of `has_prev_packet'; ./Core/Src/lidar.o:N:/EECS373-CubeIDE-Workspace/373_Final_Project/Debug/../Core/Inc/lidar.h:17: first defined here
C:/ST/STM32CubeIDE_1.19.0/STM32CubeIDE/plugins/com.st.stm32cube.ide.mcu.externaltools.gnu-tools-for-stm32.13.3.rel1.win32_1.0.0.202411081344/tools/bin/../lib/gcc/arm-none-eabi/13.3.1/../../../../arm-none-eabi/bin/ld.exe: ./Core/Src/main.o:N:/EECS373-CubeIDE-Workspace/373_Final_Project/Debug/../Core/Inc/lidar.h:18: multiple definition of `prev_start_angle'; ./Core/Src/lidar.o:N:/EECS373-CubeIDE-Workspace/373_Final_Project/Debug/../Core/Inc/lidar.h:18: first defined here
C:/ST/STM32CubeIDE_1.19.0/STM32CubeIDE/plugins/com.st.stm32cube.ide.mcu.externaltools.gnu-tools-for-stm32.13.3.rel1.win32_1.0.0.202411081344/tools/bin/../lib/gcc/arm-none-eabi/13.3.1/../../../../arm-none-eabi/bin/ld.exe: ./Core/Src/lidar.o: in function `decode_express_capsule':
N:/EECS373-CubeIDE-Workspace/373_Final_Project/Debug/../Core/Src/lidar.c:111:(.text.decode_express_capsule+0x320): undefined reference to `prev_packet'
collect2.exe: error: ld returned 1 exit status
make: *** [makefile:64: 373_Final_Project.elf] Error 1
"make -j12 all" terminated with exit code 2. Build might be incomplete.
15:59:21 **** Incremental Build of configuration Debug for project 373_Final_Project ****
make -j12 all 
arm-none-eabi-gcc "../Core/Src/lidar.c" -mcpu=cortex-m4 -std=gnu11 -g3 -DDEBUG -DUSE_HAL_DRIVER -DSTM32L4R5xx -c -I../Core/Inc -I../Drivers/STM32L4xx_HAL_Driver/Inc -I../Drivers/STM32L4xx_HAL_Driver/Inc/Legacy -I../Drivers/CMSIS/Device/ST/STM32L4xx/Include -I../Drivers/CMSIS/Include -O0 -ffunction-sections -fdata-sections -Wall -fstack-usage -fcyclomatic-complexity -MMD -MP -MF"Core/Src/lidar.d" -MT"Core/Src/lidar.o" --specs=nano.specs -mfpu=fpv4-sp-d16 -mfloat-abi=hard -mthumb -o "Core/Src/lidar.o"
arm-none-eabi-gcc "../Core/Src/main.c" -mcpu=cortex-m4 -std=gnu11 -g3 -DDEBUG -DUSE_HAL_DRIVER -DSTM32L4R5xx -c -I../Core/Inc -I../Drivers/STM32L4xx_HAL_Driver/Inc -I../Drivers/STM32L4xx_HAL_Driver/Inc/Legacy -I../Drivers/CMSIS/Device/ST/STM32L4xx/Include -I../Drivers/CMSIS/Include -O0 -ffunction-sections -fdata-sections -Wall -fstack-usage -fcyclomatic-complexity -MMD -MP -MF"Core/Src/main.d" -MT"Core/Src/main.o" --specs=nano.specs -mfpu=fpv4-sp-d16 -mfloat-abi=hard -mthumb -o "Core/Src/main.o"
In file included from ../Core/Src/lidar.c:8:
../Core/Inc/lidar.h:17:13: warning: 'has_prev_packet' initialized and declared 'extern'
   17 | extern bool has_prev_packet = false;
      |             ^~~~~~~~~~~~~~~
../Core/Inc/lidar.h:18:14: warning: 'prev_start_angle' initialized and declared 'extern'
   18 | extern float prev_start_angle = 0;
      |              ^~~~~~~~~~~~~~~~
../Core/Src/lidar.c: In function 'send_express_scan_command':
../Core/Src/lidar.c:28:34: warning: passing argument 2 of 'HAL_UART_Transmit' from incompatible pointer type [-Wincompatible-pointer-types]
   28 |         HAL_UART_Transmit(huart, &packet, sizeof(packet), HAL_MAX_DELAY);
      |                                  ^~~~~~~
      |                                  |
      |                                  uint8_t (*)[9] {aka unsigned char (*)[9]}
In file included from ../Core/Inc/stm32l4xx_hal_conf.h:450,
                 from ../Drivers/STM32L4xx_HAL_Driver/Inc/stm32l4xx_hal.h:29,
                 from ../Core/Inc/lidar.h:6:
../Drivers/STM32L4xx_HAL_Driver/Inc/stm32l4xx_hal_uart.h:1696:79: note: expected 'const uint8_t *' {aka 'const unsigned char *'} but argument is of type 'uint8_t (*)[9]' {aka 'unsigned char (*)[9]'}
 1696 | HAL_StatusTypeDef HAL_UART_Transmit(UART_HandleTypeDef *huart, const uint8_t *pData, uint16_t Size, uint32_t Timeout);
      |                                                                ~~~~~~~~~~~~~~~^~~~~
In file included from ../Core/Src/main.c:21:
../Core/Inc/lidar.h:17:13: warning: 'has_prev_packet' initialized and declared 'extern'
   17 | extern bool has_prev_packet = false;
      |             ^~~~~~~~~~~~~~~
../Core/Inc/lidar.h:18:14: warning: 'prev_start_angle' initialized and declared 'extern'
   18 | extern float prev_start_angle = 0;
      |              ^~~~~~~~~~~~~~~~
../Core/Src/lidar.c: In function 'decode_express_capsule':
../Core/Src/lidar.c:102:13: warning: implicit declaration of function 'printf' [-Wimplicit-function-declaration]
  102 |             printf("theta: %06.1f Dist: %08.2f Q: %d\n", angle1, dist1_mm, 47);
      |             ^~~~~~
../Core/Src/main.c: In function 'main':
../Core/Src/lidar.c:9:1: note: include '<stdio.h>' or provide a declaration of 'printf'
    8 | #include "lidar.h"
  +++ |+#include <stdio.h>
    9 | 
../Core/Src/lidar.c:102:13: warning: incompatible implicit declaration of built-in function 'printf' [-Wbuiltin-declaration-mismatch]
  102 |             printf("theta: %06.1f Dist: %08.2f Q: %d\n", angle1, dist1_mm, 47);
      |             ^~~~~~
../Core/Src/lidar.c:102:13: note: include '<stdio.h>' or provide a declaration of 'printf'
../Core/Src/main.c:109:33: warning: passing argument 1 of 'decode_express_capsule' from incompatible pointer type [-Wincompatible-pointer-types]
  109 |          decode_express_capsule(&capsule_data);
      |                                 ^~~~~~~~~~~~~
      |                                 |
      |                                 uint8_t (*)[168] {aka unsigned char (*)[168]}
../Core/Inc/lidar.h:26:38: note: expected 'uint8_t *' {aka 'unsigned char *'} but argument is of type 'uint8_t (*)[168]' {aka 'unsigned char (*)[168]'}
   26 | void decode_express_capsule(uint8_t* capsule_data);
      |                             ~~~~~~~~~^~~~~~~~~~~~
../Core/Src/lidar.c:41:10: warning: unused variable 'new_scan' [-Wunused-variable]
   41 |     bool new_scan = (capsule_data[3] & 0x80) != 0;
      |          ^~~~~~~~
arm-none-eabi-gcc -o "373_Final_Project.elf" @"objects.list"   -mcpu=cortex-m4 -T"N:\EECS373-CubeIDE-Workspace\373_Final_Project\STM32L4R5ZITXP_FLASH.ld" --specs=nosys.specs -Wl,-Map="373_Final_Project.map" -Wl,--gc-sections -static --specs=nano.specs -mfpu=fpv4-sp-d16 -mfloat-abi=hard -mthumb -u _printf_float -Wl,--start-group -lc -lm -Wl,--end-group
C:/ST/STM32CubeIDE_1.19.0/STM32CubeIDE/plugins/com.st.stm32cube.ide.mcu.externaltools.gnu-tools-for-stm32.13.3.rel1.win32_1.0.0.202411081344/tools/bin/../lib/gcc/arm-none-eabi/13.3.1/../../../../arm-none-eabi/bin/ld.exe: ./Core/Src/main.o:N:/EECS373-CubeIDE-Workspace/373_Final_Project/Debug/../Core/Inc/lidar.h:17: multiple definition of `has_prev_packet'; ./Core/Src/lidar.o:N:/EECS373-CubeIDE-Workspace/373_Final_Project/Debug/../Core/Inc/lidar.h:17: first defined here
C:/ST/STM32CubeIDE_1.19.0/STM32CubeIDE/plugins/com.st.stm32cube.ide.mcu.externaltools.gnu-tools-for-stm32.13.3.rel1.win32_1.0.0.202411081344/tools/bin/../lib/gcc/arm-none-eabi/13.3.1/../../../../arm-none-eabi/bin/ld.exe: ./Core/Src/main.o:N:/EECS373-CubeIDE-Workspace/373_Final_Project/Debug/../Core/Inc/lidar.h:18: multiple definition of `prev_start_angle'; ./Core/Src/lidar.o:N:/EECS373-CubeIDE-Workspace/373_Final_Project/Debug/../Core/Inc/lidar.h:18: first defined here
C:/ST/STM32CubeIDE_1.19.0/STM32CubeIDE/plugins/com.st.stm32cube.ide.mcu.externaltools.gnu-tools-for-stm32.13.3.rel1.win32_1.0.0.202411081344/tools/bin/../lib/gcc/arm-none-eabi/13.3.1/../../../../arm-none-eabi/bin/ld.exe: ./Core/Src/lidar.o: in function `decode_express_capsule':
N:/EECS373-CubeIDE-Workspace/373_Final_Project/Debug/../Core/Src/lidar.c:111:(.text.decode_express_capsule+0x320): undefined reference to `prev_packet'
collect2.exe: error: ld returned 1 exit status
make: *** [makefile:64: 373_Final_Project.elf] Error 1
"make -j12 all" terminated with exit code 2. Build might be incomplete.
16:06:54 **** Incremental Build of configuration Debug for project 373_Final_Project ****
make -j12 all 
arm-none-eabi-gcc "../Core/Src/lidar.c" -mcpu=cortex-m4 -std=gnu11 -g3 -DDEBUG -DUSE_HAL_DRIVER -DSTM32L4R5xx -c -I../Core/Inc -I../Drivers/STM32L4xx_HAL_Driver/Inc -I../Drivers/STM32L4xx_HAL_Driver/Inc/Legacy -I../Drivers/CMSIS/Device/ST/STM32L4xx/Include -I../Drivers/CMSIS/Include -O0 -ffunction-sections -fdata-sections -Wall -fstack-usage -fcyclomatic-complexity -MMD -MP -MF"Core/Src/lidar.d" -MT"Core/Src/lidar.o" --specs=nano.specs -mfpu=fpv4-sp-d16 -mfloat-abi=hard -mthumb -o "Core/Src/lidar.o"
arm-none-eabi-gcc "../Core/Src/main.c" -mcpu=cortex-m4 -std=gnu11 -g3 -DDEBUG -DUSE_HAL_DRIVER -DSTM32L4R5xx -c -I../Core/Inc -I../Drivers/STM32L4xx_HAL_Driver/Inc -I../Drivers/STM32L4xx_HAL_Driver/Inc/Legacy -I../Drivers/CMSIS/Device/ST/STM32L4xx/Include -I../Drivers/CMSIS/Include -O0 -ffunction-sections -fdata-sections -Wall -fstack-usage -fcyclomatic-complexity -MMD -MP -MF"Core/Src/main.d" -MT"Core/Src/main.o" --specs=nano.specs -mfpu=fpv4-sp-d16 -mfloat-abi=hard -mthumb -o "Core/Src/main.o"
../Core/Src/lidar.c: In function 'send_express_scan_command':
../Core/Src/lidar.c:33:34: warning: passing argument 2 of 'HAL_UART_Transmit' from incompatible pointer type [-Wincompatible-pointer-types]
   33 |         HAL_UART_Transmit(huart, &packet, sizeof(packet), HAL_MAX_DELAY);
      |                                  ^~~~~~~
      |                                  |
      |                                  uint8_t (*)[9] {aka unsigned char (*)[9]}
In file included from ../Core/Inc/stm32l4xx_hal_conf.h:450,
                 from ../Drivers/STM32L4xx_HAL_Driver/Inc/stm32l4xx_hal.h:29,
                 from ../Core/Inc/lidar.h:6,
                 from ../Core/Src/lidar.c:8:
../Drivers/STM32L4xx_HAL_Driver/Inc/stm32l4xx_hal_uart.h:1696:79: note: expected 'const uint8_t *' {aka 'const unsigned char *'} but argument is of type 'uint8_t (*)[9]' {aka 'unsigned char (*)[9]'}
 1696 | HAL_StatusTypeDef HAL_UART_Transmit(UART_HandleTypeDef *huart, const uint8_t *pData, uint16_t Size, uint32_t Timeout);
      |                                                                ~~~~~~~~~~~~~~~^~~~~
../Core/Src/lidar.c: In function 'decode_express_capsule':
../Core/Src/lidar.c:107:13: warning: implicit declaration of function 'printf' [-Wimplicit-function-declaration]
  107 |             printf("theta: %06.1f Dist: %08.2f Q: %d\n", angle1, dist1_mm, 47);
      |             ^~~~~~
../Core/Src/lidar.c:9:1: note: include '<stdio.h>' or provide a declaration of 'printf'
    8 | #include "lidar.h"
  +++ |+#include <stdio.h>
    9 | 
../Core/Src/lidar.c:107:13: warning: incompatible implicit declaration of built-in function 'printf' [-Wbuiltin-declaration-mismatch]
  107 |             printf("theta: %06.1f Dist: %08.2f Q: %d\n", angle1, dist1_mm, 47);
      |             ^~~~~~
../Core/Src/lidar.c:107:13: note: include '<stdio.h>' or provide a declaration of 'printf'
../Core/Src/lidar.c:46:10: warning: unused variable 'new_scan' [-Wunused-variable]
   46 |     bool new_scan = (capsule_data[3] & 0x80) != 0;
      |          ^~~~~~~~
../Core/Src/main.c: In function 'main':
../Core/Src/main.c:109:33: warning: passing argument 1 of 'decode_express_capsule' from incompatible pointer type [-Wincompatible-pointer-types]
  109 |          decode_express_capsule(&capsule_data);
      |                                 ^~~~~~~~~~~~~
      |                                 |
      |                                 uint8_t (*)[168] {aka unsigned char (*)[168]}
In file included from ../Core/Src/main.c:21:
../Core/Inc/lidar.h:22:38: note: expected 'uint8_t *' {aka 'unsigned char *'} but argument is of type 'uint8_t (*)[168]' {aka 'unsigned char (*)[168]'}
   22 | void decode_express_capsule(uint8_t* capsule_data);
      |                             ~~~~~~~~~^~~~~~~~~~~~
arm-none-eabi-gcc -o "373_Final_Project.elf" @"objects.list"   -mcpu=cortex-m4 -T"N:\EECS373-CubeIDE-Workspace\373_Final_Project\STM32L4R5ZITXP_FLASH.ld" --specs=nosys.specs -Wl,-Map="373_Final_Project.map" -Wl,--gc-sections -static --specs=nano.specs -mfpu=fpv4-sp-d16 -mfloat-abi=hard -mthumb -u _printf_float -Wl,--start-group -lc -lm -Wl,--end-group
Finished building target: 373_Final_Project.elf
 
arm-none-eabi-size  373_Final_Project.elf 
arm-none-eabi-objdump -h -S 373_Final_Project.elf  > "373_Final_Project.list"
   text	   data	    bss	    dec	    hex	filename
  31976	    468	   2388	  34832	   8810	373_Final_Project.elf
Finished building: default.size.stdout
 
Finished building: 373_Final_Project.list
 
16:34:57 **** Incremental Build of configuration Debug for project 373_Final_Project ****
make -j12 all 
arm-none-eabi-gcc "../Core/Src/main.c" -mcpu=cortex-m4 -std=gnu11 -g3 -DDEBUG -DUSE_HAL_DRIVER -DSTM32L4R5xx -c -I../Core/Inc -I../Drivers/STM32L4xx_HAL_Driver/Inc -I../Drivers/STM32L4xx_HAL_Driver/Inc/Legacy -I../Drivers/CMSIS/Device/ST/STM32L4xx/Include -I../Drivers/CMSIS/Include -O0 -ffunction-sections -fdata-sections -Wall -fstack-usage -fcyclomatic-complexity -MMD -MP -MF"Core/Src/main.d" -MT"Core/Src/main.o" --specs=nano.specs -mfpu=fpv4-sp-d16 -mfloat-abi=hard -mthumb -o "Core/Src/main.o"
../Core/Src/main.c: In function 'main':
../Core/Src/main.c:109:33: warning: passing argument 1 of 'decode_express_capsule' from incompatible pointer type [-Wincompatible-pointer-types]
  109 |          decode_express_capsule(&capsule_data);
      |                                 ^~~~~~~~~~~~~
      |                                 |
      |                                 uint8_t (*)[168] {aka unsigned char (*)[168]}
In file included from ../Core/Src/main.c:21:
../Core/Inc/lidar.h:22:38: note: expected 'uint8_t *' {aka 'unsigned char *'} but argument is of type 'uint8_t (*)[168]' {aka 'unsigned char (*)[168]'}
   22 | void decode_express_capsule(uint8_t* capsule_data);
      |                             ~~~~~~~~~^~~~~~~~~~~~
arm-none-eabi-gcc -o "373_Final_Project.elf" @"objects.list"   -mcpu=cortex-m4 -T"N:\EECS373-CubeIDE-Workspace\373_Final_Project\STM32L4R5ZITXP_FLASH.ld" --specs=nosys.specs -Wl,-Map="373_Final_Project.map" -Wl,--gc-sections -static --specs=nano.specs -mfpu=fpv4-sp-d16 -mfloat-abi=hard -mthumb -u _printf_float -Wl,--start-group -lc -lm -Wl,--end-group
Finished building target: 373_Final_Project.elf
 
arm-none-eabi-size  373_Final_Project.elf 
arm-none-eabi-objdump -h -S 373_Final_Project.elf  > "373_Final_Project.list"
   text	   data	    bss	    dec	    hex	filename
  31976	    468	   2388	  34832	   8810	373_Final_Project.elf
Finished building: default.size.stdout
 
Finished building: 373_Final_Project.list
 
16:35:41 **** Incremental Build of configuration Debug for project 373_Final_Project ****
make -j12 all 
arm-none-eabi-size  373_Final_Project.elf 
   text	   data	    bss	    dec	    hex	filename
  31976	    468	   2388	  34832	   8810	373_Final_Project.elf
Finished building: default.size.stdout
 
16:36:14 **** Incremental Build of configuration Debug for project 373_Final_Project ****
make -j12 all 
arm-none-eabi-size  373_Final_Project.elf 
   text	   data	    bss	    dec	    hex	filename
  31976	    468	   2388	  34832	   8810	373_Final_Project.elf
Finished building: default.size.stdout
 
16:38:29 **** Incremental Build of configuration Debug for project 373_Final_Project ****
make -j12 all 
arm-none-eabi-size  373_Final_Project.elf 
   text	   data	    bss	    dec	    hex	filename
  31976	    468	   2388	  34832	   8810	373_Final_Project.elf
Finished building: default.size.stdout
 
16:40:53 **** Incremental Build of configuration Debug for project 373_Final_Project ****
make -j12 all 
arm-none-eabi-size  373_Final_Project.elf 
   text	   data	    bss	    dec	    hex	filename
  31976	    468	   2388	  34832	   8810	373_Final_Project.elf
Finished building: default.size.stdout
 
16:45:37 **** Incremental Build of configuration Debug for project 373_Final_Project ****
make -j12 all 
arm-none-eabi-size  373_Final_Project.elf 
   text	   data	    bss	    dec	    hex	filename
  31976	    468	   2388	  34832	   8810	373_Final_Project.elf
Finished building: default.size.stdout
 
16:45:49 **** Incremental Build of configuration Debug for project 373_Final_Project ****
make -j12 all 
arm-none-eabi-size  373_Final_Project.elf 
   text	   data	    bss	    dec	    hex	filename
  31976	    468	   2388	  34832	   8810	373_Final_Project.elf
Finished building: default.size.stdout
 
16:48:17 **** Incremental Build of configuration Debug for project 373_Final_Project ****
make -j12 all 
arm-none-eabi-size  373_Final_Project.elf 
   text	   data	    bss	    dec	    hex	filename
  31976	    468	   2388	  34832	   8810	373_Final_Project.elf
Finished building: default.size.stdout
 
16:48:43 **** Incremental Build of configuration Debug for project 373_Final_Project ****
make -j12 all 
arm-none-eabi-size  373_Final_Project.elf 
   text	   data	    bss	    dec	    hex	filename
  31976	    468	   2388	  34832	   8810	373_Final_Project.elf
Finished building: default.size.stdout
 
16:49:02 **** Incremental Build of configuration Debug for project 373_Final_Project ****
make -j12 all 
arm-none-eabi-size  373_Final_Project.elf 
   text	   data	    bss	    dec	    hex	filename
  31976	    468	   2388	  34832	   8810	373_Final_Project.elf
Finished building: default.size.stdout
 
16:52:04 **** Incremental Build of configuration Debug for project 373_Final_Project ****
make -j12 all 
arm-none-eabi-size  373_Final_Project.elf 
   text	   data	    bss	    dec	    hex	filename
  31976	    468	   2388	  34832	   8810	373_Final_Project.elf
Finished building: default.size.stdout
 
16:53:22 **** Incremental Build of configuration Debug for project 373_Final_Project ****
make -j12 all 
arm-none-eabi-size  373_Final_Project.elf 
   text	   data	    bss	    dec	    hex	filename
  31976	    468	   2388	  34832	   8810	373_Final_Project.elf
Finished building: default.size.stdout
 
16:53:44 **** Incremental Build of configuration Debug for project 373_Final_Project ****
make -j12 all 
arm-none-eabi-size  373_Final_Project.elf 
   text	   data	    bss	    dec	    hex	filename
  31976	    468	   2388	  34832	   8810	373_Final_Project.elf
Finished building: default.size.stdout
 
16:54:10 **** Incremental Build of configuration Debug for project 373_Final_Project ****
make -j12 all 
arm-none-eabi-size  373_Final_Project.elf 
   text	   data	    bss	    dec	    hex	filename
  31976	    468	   2388	  34832	   8810	373_Final_Project.elf
Finished building: default.size.stdout
 
17:49:26 **** Incremental Build of configuration Debug for project 373_Final_Project ****
make -j12 all 
arm-none-eabi-gcc "../Core/Src/lidar.c" -mcpu=cortex-m4 -std=gnu11 -g3 -DDEBUG -DUSE_HAL_DRIVER -DSTM32L4R5xx -c -I../Core/Inc -I../Drivers/STM32L4xx_HAL_Driver/Inc -I../Drivers/STM32L4xx_HAL_Driver/Inc/Legacy -I../Drivers/CMSIS/Device/ST/STM32L4xx/Include -I../Drivers/CMSIS/Include -O0 -ffunction-sections -fdata-sections -Wall -fstack-usage -fcyclomatic-complexity -MMD -MP -MF"Core/Src/lidar.d" -MT"Core/Src/lidar.o" --specs=nano.specs -mfpu=fpv4-sp-d16 -mfloat-abi=hard -mthumb -o "Core/Src/lidar.o"
arm-none-eabi-gcc "../Core/Src/main.c" -mcpu=cortex-m4 -std=gnu11 -g3 -DDEBUG -DUSE_HAL_DRIVER -DSTM32L4R5xx -c -I../Core/Inc -I../Drivers/STM32L4xx_HAL_Driver/Inc -I../Drivers/STM32L4xx_HAL_Driver/Inc/Legacy -I../Drivers/CMSIS/Device/ST/STM32L4xx/Include -I../Drivers/CMSIS/Include -O0 -ffunction-sections -fdata-sections -Wall -fstack-usage -fcyclomatic-complexity -MMD -MP -MF"Core/Src/main.d" -MT"Core/Src/main.o" --specs=nano.specs -mfpu=fpv4-sp-d16 -mfloat-abi=hard -mthumb -o "Core/Src/main.o"
../Core/Src/lidar.c: In function 'send_express_scan_command':
../Core/Src/lidar.c:33:39: warning: passing argument 2 of 'HAL_UART_Transmit' from incompatible pointer type [-Wincompatible-pointer-types]
   33 |         HAL_UART_Transmit(huart_addr, &packet, sizeof(packet), HAL_MAX_DELAY);
      |                                       ^~~~~~~
      |                                       |
      |                                       uint8_t (*)[9] {aka unsigned char (*)[9]}
In file included from ../Core/Inc/stm32l4xx_hal_conf.h:450,
                 from ../Drivers/STM32L4xx_HAL_Driver/Inc/stm32l4xx_hal.h:29,
                 from ../Core/Inc/lidar.h:6,
                 from ../Core/Src/lidar.c:8:
../Drivers/STM32L4xx_HAL_Driver/Inc/stm32l4xx_hal_uart.h:1696:79: note: expected 'const uint8_t *' {aka 'const unsigned char *'} but argument is of type 'uint8_t (*)[9]' {aka 'unsigned char (*)[9]'}
 1696 | HAL_StatusTypeDef HAL_UART_Transmit(UART_HandleTypeDef *huart, const uint8_t *pData, uint16_t Size, uint32_t Timeout);
      |                                                                ~~~~~~~~~~~~~~~^~~~~
../Core/Src/lidar.c: In function 'decode_express_capsule':
../Core/Src/lidar.c:107:13: warning: implicit declaration of function 'printf' [-Wimplicit-function-declaration]
  107 |             printf("theta: %06.1f Dist: %08.2f Q: %d\n", angle1, dist1_mm, 47);
      |             ^~~~~~
../Core/Src/lidar.c:9:1: note: include '<stdio.h>' or provide a declaration of 'printf'
    8 | #include "lidar.h"
  +++ |+#include <stdio.h>
    9 | 
../Core/Src/lidar.c:107:13: warning: incompatible implicit declaration of built-in function 'printf' [-Wbuiltin-declaration-mismatch]
  107 |             printf("theta: %06.1f Dist: %08.2f Q: %d\n", angle1, dist1_mm, 47);
      |             ^~~~~~
../Core/Src/main.c: In function 'main':
../Core/Src/lidar.c:107:13: note: include '<stdio.h>' or provide a declaration of 'printf'
../Core/Src/lidar.c:46:10: warning: unused variable 'new_scan' [-Wunused-variable]
   46 |     bool new_scan = (capsule_data[3] & 0x80) != 0;
      |          ^~~~~~~~
../Core/Src/main.c:108:58: error: 'new_data' undeclared (first use in this function)
  108 |          HAL_UART_Receive(&huart3, &capsule_data, sizeof(new_data), HAL_MAX_DELAY);
      |                                                          ^~~~~~~~
../Core/Src/main.c:108:58: note: each undeclared identifier is reported only once for each function it appears in
../Core/Src/main.c:108:36: warning: passing argument 2 of 'HAL_UART_Receive' from incompatible pointer type [-Wincompatible-pointer-types]
  108 |          HAL_UART_Receive(&huart3, &capsule_data, sizeof(new_data), HAL_MAX_DELAY);
      |                                    ^~~~~~~~~~~~~
      |                                    |
      |                                    uint8_t (*)[1680] {aka unsigned char (*)[1680]}
In file included from ../Core/Inc/stm32l4xx_hal_conf.h:450,
                 from ../Drivers/STM32L4xx_HAL_Driver/Inc/stm32l4xx_hal.h:29,
                 from ../Core/Inc/main.h:30,
                 from ../Core/Src/main.c:20:
../Drivers/STM32L4xx_HAL_Driver/Inc/stm32l4xx_hal_uart.h:1697:72: note: expected 'uint8_t *' {aka 'unsigned char *'} but argument is of type 'uint8_t (*)[1680]' {aka 'unsigned char (*)[1680]'}
 1697 | HAL_StatusTypeDef HAL_UART_Receive(UART_HandleTypeDef *huart, uint8_t *pData, uint16_t Size, uint32_t Timeout);
      |                                                               ~~~~~~~~~^~~~~
../Core/Src/main.c:109:33: warning: passing argument 1 of 'decode_express_capsule' from incompatible pointer type [-Wincompatible-pointer-types]
  109 |          decode_express_capsule(&capsule_data);
      |                                 ^~~~~~~~~~~~~
      |                                 |
      |                                 uint8_t (*)[1680] {aka unsigned char (*)[1680]}
In file included from ../Core/Src/main.c:21:
../Core/Inc/lidar.h:22:38: note: expected 'uint8_t *' {aka 'unsigned char *'} but argument is of type 'uint8_t (*)[1680]' {aka 'unsigned char (*)[1680]'}
   22 | void decode_express_capsule(uint8_t* capsule_data);
      |                             ~~~~~~~~~^~~~~~~~~~~~
make: *** [Core/Src/subdir.mk:37: Core/Src/main.o] Error 1
make: *** Waiting for unfinished jobs....
"make -j12 all" terminated with exit code 2. Build might be incomplete.
17:55:01 **** Incremental Build of configuration Debug for project 373_Final_Project ****
make -j12 all 
arm-none-eabi-gcc "../Core/Src/main.c" -mcpu=cortex-m4 -std=gnu11 -g3 -DDEBUG -DUSE_HAL_DRIVER -DSTM32L4R5xx -c -I../Core/Inc -I../Drivers/STM32L4xx_HAL_Driver/Inc -I../Drivers/STM32L4xx_HAL_Driver/Inc/Legacy -I../Drivers/CMSIS/Device/ST/STM32L4xx/Include -I../Drivers/CMSIS/Include -O0 -ffunction-sections -fdata-sections -Wall -fstack-usage -fcyclomatic-complexity -MMD -MP -MF"Core/Src/main.d" -MT"Core/Src/main.o" --specs=nano.specs -mfpu=fpv4-sp-d16 -mfloat-abi=hard -mthumb -o "Core/Src/main.o"
../Core/Src/main.c: In function 'main':
../Core/Src/main.c:108:36: warning: passing argument 2 of 'HAL_UART_Receive' from incompatible pointer type [-Wincompatible-pointer-types]
  108 |          HAL_UART_Receive(&huart3, &capsule_data, sizeof(capsule_data), HAL_MAX_DELAY);
      |                                    ^~~~~~~~~~~~~
      |                                    |
      |                                    uint8_t (*)[1680] {aka unsigned char (*)[1680]}
In file included from ../Core/Inc/stm32l4xx_hal_conf.h:450,
                 from ../Drivers/STM32L4xx_HAL_Driver/Inc/stm32l4xx_hal.h:29,
                 from ../Core/Inc/main.h:30,
                 from ../Core/Src/main.c:20:
../Drivers/STM32L4xx_HAL_Driver/Inc/stm32l4xx_hal_uart.h:1697:72: note: expected 'uint8_t *' {aka 'unsigned char *'} but argument is of type 'uint8_t (*)[1680]' {aka 'unsigned char (*)[1680]'}
 1697 | HAL_StatusTypeDef HAL_UART_Receive(UART_HandleTypeDef *huart, uint8_t *pData, uint16_t Size, uint32_t Timeout);
      |                                                               ~~~~~~~~~^~~~~
../Core/Src/main.c:109:33: warning: passing argument 1 of 'decode_express_capsule' from incompatible pointer type [-Wincompatible-pointer-types]
  109 |          decode_express_capsule(&capsule_data);
      |                                 ^~~~~~~~~~~~~
      |                                 |
      |                                 uint8_t (*)[1680] {aka unsigned char (*)[1680]}
In file included from ../Core/Src/main.c:21:
../Core/Inc/lidar.h:22:38: note: expected 'uint8_t *' {aka 'unsigned char *'} but argument is of type 'uint8_t (*)[1680]' {aka 'unsigned char (*)[1680]'}
   22 | void decode_express_capsule(uint8_t* capsule_data);
      |                             ~~~~~~~~~^~~~~~~~~~~~
arm-none-eabi-gcc -o "373_Final_Project.elf" @"objects.list"   -mcpu=cortex-m4 -T"N:\EECS373-CubeIDE-Workspace\373_Final_Project\STM32L4R5ZITXP_FLASH.ld" --specs=nosys.specs -Wl,-Map="373_Final_Project.map" -Wl,--gc-sections -static --specs=nano.specs -mfpu=fpv4-sp-d16 -mfloat-abi=hard -mthumb -u _printf_float -Wl,--start-group -lc -lm -Wl,--end-group
Finished building target: 373_Final_Project.elf
 
arm-none-eabi-size  373_Final_Project.elf 
arm-none-eabi-objdump -h -S 373_Final_Project.elf  > "373_Final_Project.list"
   text	   data	    bss	    dec	    hex	filename
  32384	    468	   2388	  35240	   89a8	373_Final_Project.elf
Finished building: default.size.stdout
 
Finished building: 373_Final_Project.list
 
17:55:19 **** Incremental Build of configuration Debug for project 373_Final_Project ****
make -j12 all 
arm-none-eabi-size  373_Final_Project.elf 
   text	   data	    bss	    dec	    hex	filename
  32384	    468	   2388	  35240	   89a8	373_Final_Project.elf
Finished building: default.size.stdout
 
17:55:52 **** Incremental Build of configuration Debug for project 373_Final_Project ****
make -j12 all 
arm-none-eabi-size  373_Final_Project.elf 
   text	   data	    bss	    dec	    hex	filename
  32384	    468	   2388	  35240	   89a8	373_Final_Project.elf
Finished building: default.size.stdout
 
17:58:09 **** Incremental Build of configuration Debug for project 373_Final_Project ****
make -j12 all 
arm-none-eabi-gcc "../Core/Src/main.c" -mcpu=cortex-m4 -std=gnu11 -g3 -DDEBUG -DUSE_HAL_DRIVER -DSTM32L4R5xx -c -I../Core/Inc -I../Drivers/STM32L4xx_HAL_Driver/Inc -I../Drivers/STM32L4xx_HAL_Driver/Inc/Legacy -I../Drivers/CMSIS/Device/ST/STM32L4xx/Include -I../Drivers/CMSIS/Include -O0 -ffunction-sections -fdata-sections -Wall -fstack-usage -fcyclomatic-complexity -MMD -MP -MF"Core/Src/main.d" -MT"Core/Src/main.o" --specs=nano.specs -mfpu=fpv4-sp-d16 -mfloat-abi=hard -mthumb -o "Core/Src/main.o"
../Core/Src/main.c: In function 'main':
../Core/Src/main.c:108:36: warning: passing argument 2 of 'HAL_UART_Receive' from incompatible pointer type [-Wincompatible-pointer-types]
  108 |          HAL_UART_Receive(&huart3, &capsule_data, sizeof(capsule_data), HAL_MAX_DELAY);
      |                                    ^~~~~~~~~~~~~
      |                                    |
      |                                    uint8_t (*)[1680] {aka unsigned char (*)[1680]}
In file included from ../Core/Inc/stm32l4xx_hal_conf.h:450,
                 from ../Drivers/STM32L4xx_HAL_Driver/Inc/stm32l4xx_hal.h:29,
                 from ../Core/Inc/main.h:30,
                 from ../Core/Src/main.c:20:
../Drivers/STM32L4xx_HAL_Driver/Inc/stm32l4xx_hal_uart.h:1697:72: note: expected 'uint8_t *' {aka 'unsigned char *'} but argument is of type 'uint8_t (*)[1680]' {aka 'unsigned char (*)[1680]'}
 1697 | HAL_StatusTypeDef HAL_UART_Receive(UART_HandleTypeDef *huart, uint8_t *pData, uint16_t Size, uint32_t Timeout);
      |                                                               ~~~~~~~~~^~~~~
../Core/Src/main.c:109:10: warning: implicit declaration of function 'printf' [-Wimplicit-function-declaration]
  109 |          printf(capsule_data[0]);
      |          ^~~~~~
../Core/Src/main.c:22:1: note: include '<stdio.h>' or provide a declaration of 'printf'
   21 | #include "lidar.h"
  +++ |+#include <stdio.h>
   22 | 
../Core/Src/main.c:109:10: warning: incompatible implicit declaration of built-in function 'printf' [-Wbuiltin-declaration-mismatch]
  109 |          printf(capsule_data[0]);
      |          ^~~~~~
../Core/Src/main.c:109:10: note: include '<stdio.h>' or provide a declaration of 'printf'
../Core/Src/main.c:109:29: warning: passing argument 1 of 'printf' makes pointer from integer without a cast [-Wint-conversion]
  109 |          printf(capsule_data[0]);
      |                 ~~~~~~~~~~~~^~~
      |                             |
      |                             uint8_t {aka unsigned char}
../Core/Src/main.c:109:29: note: expected 'const char *' but argument is of type 'uint8_t' {aka 'unsigned char'}
../Core/Src/main.c:110:33: warning: passing argument 1 of 'decode_express_capsule' from incompatible pointer type [-Wincompatible-pointer-types]
  110 |          decode_express_capsule(&capsule_data);
      |                                 ^~~~~~~~~~~~~
      |                                 |
      |                                 uint8_t (*)[1680] {aka unsigned char (*)[1680]}
In file included from ../Core/Src/main.c:21:
../Core/Inc/lidar.h:22:38: note: expected 'uint8_t *' {aka 'unsigned char *'} but argument is of type 'uint8_t (*)[1680]' {aka 'unsigned char (*)[1680]'}
   22 | void decode_express_capsule(uint8_t* capsule_data);
      |                             ~~~~~~~~~^~~~~~~~~~~~
arm-none-eabi-gcc -o "373_Final_Project.elf" @"objects.list"   -mcpu=cortex-m4 -T"N:\EECS373-CubeIDE-Workspace\373_Final_Project\STM32L4R5ZITXP_FLASH.ld" --specs=nosys.specs -Wl,-Map="373_Final_Project.map" -Wl,--gc-sections -static --specs=nano.specs -mfpu=fpv4-sp-d16 -mfloat-abi=hard -mthumb -u _printf_float -Wl,--start-group -lc -lm -Wl,--end-group
Finished building target: 373_Final_Project.elf
 
arm-none-eabi-size  373_Final_Project.elf 
arm-none-eabi-objdump -h -S 373_Final_Project.elf  > "373_Final_Project.list"
   text	   data	    bss	    dec	    hex	filename
  32400	    468	   2388	  35256	   89b8	373_Final_Project.elf
Finished building: default.size.stdout
 
Finished building: 373_Final_Project.list
 
17:58:25 **** Incremental Build of configuration Debug for project 373_Final_Project ****
make -j12 all 
arm-none-eabi-size  373_Final_Project.elf 
   text	   data	    bss	    dec	    hex	filename
  32400	    468	   2388	  35256	   89b8	373_Final_Project.elf
Finished building: default.size.stdout
 
18:00:32 **** Incremental Build of configuration Debug for project 373_Final_Project ****
make -j12 all 
arm-none-eabi-size  373_Final_Project.elf 
   text	   data	    bss	    dec	    hex	filename
  32400	    468	   2388	  35256	   89b8	373_Final_Project.elf
Finished building: default.size.stdout
 
18:09:18 **** Incremental Build of configuration Debug for project 373_Final_Project ****
make -j12 all 
arm-none-eabi-size  373_Final_Project.elf 
   text	   data	    bss	    dec	    hex	filename
  32400	    468	   2388	  35256	   89b8	373_Final_Project.elf
Finished building: default.size.stdout
 
18:10:26 **** Incremental Build of configuration Debug for project 373_Final_Project ****
make -j12 all 
arm-none-eabi-gcc "../Core/Src/main.c" -mcpu=cortex-m4 -std=gnu11 -g3 -DDEBUG -DUSE_HAL_DRIVER -DSTM32L4R5xx -c -I../Core/Inc -I../Drivers/STM32L4xx_HAL_Driver/Inc -I../Drivers/STM32L4xx_HAL_Driver/Inc/Legacy -I../Drivers/CMSIS/Device/ST/STM32L4xx/Include -I../Drivers/CMSIS/Include -O0 -ffunction-sections -fdata-sections -Wall -fstack-usage -fcyclomatic-complexity -MMD -MP -MF"Core/Src/main.d" -MT"Core/Src/main.o" --specs=nano.specs -mfpu=fpv4-sp-d16 -mfloat-abi=hard -mthumb -o "Core/Src/main.o"
../Core/Src/main.c: In function 'main':
../Core/Src/main.c:108:36: warning: passing argument 2 of 'HAL_UART_Receive' from incompatible pointer type [-Wincompatible-pointer-types]
  108 |          HAL_UART_Receive(&huart3, &capsule_data, sizeof(capsule_data), HAL_MAX_DELAY);
      |                                    ^~~~~~~~~~~~~
      |                                    |
      |                                    uint8_t (*)[1680] {aka unsigned char (*)[1680]}
In file included from ../Core/Inc/stm32l4xx_hal_conf.h:450,
                 from ../Drivers/STM32L4xx_HAL_Driver/Inc/stm32l4xx_hal.h:29,
                 from ../Core/Inc/main.h:30,
                 from ../Core/Src/main.c:20:
../Drivers/STM32L4xx_HAL_Driver/Inc/stm32l4xx_hal_uart.h:1697:72: note: expected 'uint8_t *' {aka 'unsigned char *'} but argument is of type 'uint8_t (*)[1680]' {aka 'unsigned char (*)[1680]'}
 1697 | HAL_StatusTypeDef HAL_UART_Receive(UART_HandleTypeDef *huart, uint8_t *pData, uint16_t Size, uint32_t Timeout);
      |                                                               ~~~~~~~~~^~~~~
../Core/Src/main.c:109:33: warning: passing argument 1 of 'decode_express_capsule' from incompatible pointer type [-Wincompatible-pointer-types]
  109 |          decode_express_capsule(&capsule_data);
      |                                 ^~~~~~~~~~~~~
      |                                 |
      |                                 uint8_t (*)[1680] {aka unsigned char (*)[1680]}
In file included from ../Core/Src/main.c:21:
../Core/Inc/lidar.h:22:38: note: expected 'uint8_t *' {aka 'unsigned char *'} but argument is of type 'uint8_t (*)[1680]' {aka 'unsigned char (*)[1680]'}
   22 | void decode_express_capsule(uint8_t* capsule_data);
      |                             ~~~~~~~~~^~~~~~~~~~~~
arm-none-eabi-gcc -o "373_Final_Project.elf" @"objects.list"   -mcpu=cortex-m4 -T"N:\EECS373-CubeIDE-Workspace\373_Final_Project\STM32L4R5ZITXP_FLASH.ld" --specs=nosys.specs -Wl,-Map="373_Final_Project.map" -Wl,--gc-sections -static --specs=nano.specs -mfpu=fpv4-sp-d16 -mfloat-abi=hard -mthumb -u _printf_float -Wl,--start-group -lc -lm -Wl,--end-group
Finished building target: 373_Final_Project.elf
 
arm-none-eabi-size  373_Final_Project.elf 
arm-none-eabi-objdump -h -S 373_Final_Project.elf  > "373_Final_Project.list"
   text	   data	    bss	    dec	    hex	filename
  32384	    468	   2388	  35240	   89a8	373_Final_Project.elf
Finished building: default.size.stdout
 
Finished building: 373_Final_Project.list
 
18:10:55 **** Incremental Build of configuration Debug for project 373_Final_Project ****
make -j12 all 
arm-none-eabi-size  373_Final_Project.elf 
   text	   data	    bss	    dec	    hex	filename
  32384	    468	   2388	  35240	   89a8	373_Final_Project.elf
Finished building: default.size.stdout
 
18:20:32 **** Incremental Build of configuration Debug for project 373_Final_Project ****
make -j12 all 
arm-none-eabi-gcc "../Core/Src/lidar.c" -mcpu=cortex-m4 -std=gnu11 -g3 -DDEBUG -DUSE_HAL_DRIVER -DSTM32L4R5xx -c -I../Core/Inc -I../Drivers/STM32L4xx_HAL_Driver/Inc -I../Drivers/STM32L4xx_HAL_Driver/Inc/Legacy -I../Drivers/CMSIS/Device/ST/STM32L4xx/Include -I../Drivers/CMSIS/Include -O0 -ffunction-sections -fdata-sections -Wall -fstack-usage -fcyclomatic-complexity -MMD -MP -MF"Core/Src/lidar.d" -MT"Core/Src/lidar.o" --specs=nano.specs -mfpu=fpv4-sp-d16 -mfloat-abi=hard -mthumb -o "Core/Src/lidar.o"
arm-none-eabi-gcc "../Core/Src/main.c" -mcpu=cortex-m4 -std=gnu11 -g3 -DDEBUG -DUSE_HAL_DRIVER -DSTM32L4R5xx -c -I../Core/Inc -I../Drivers/STM32L4xx_HAL_Driver/Inc -I../Drivers/STM32L4xx_HAL_Driver/Inc/Legacy -I../Drivers/CMSIS/Device/ST/STM32L4xx/Include -I../Drivers/CMSIS/Include -O0 -ffunction-sections -fdata-sections -Wall -fstack-usage -fcyclomatic-complexity -MMD -MP -MF"Core/Src/main.d" -MT"Core/Src/main.o" --specs=nano.specs -mfpu=fpv4-sp-d16 -mfloat-abi=hard -mthumb -o "Core/Src/main.o"
../Core/Src/lidar.c: In function 'decode_express_capsule':
../Core/Src/lidar.c:107:13: warning: implicit declaration of function 'printf' [-Wimplicit-function-declaration]
  107 |             printf("theta: %06.1f Dist: %08.2f Q: %d\n", angle1, dist1_mm, 47);
      |             ^~~~~~
../Core/Src/lidar.c:9:1: note: include '<stdio.h>' or provide a declaration of 'printf'
    8 | #include "lidar.h"
  +++ |+#include <stdio.h>
    9 | 
../Core/Src/lidar.c:107:13: warning: incompatible implicit declaration of built-in function 'printf' [-Wbuiltin-declaration-mismatch]
  107 |             printf("theta: %06.1f Dist: %08.2f Q: %d\n", angle1, dist1_mm, 47);
      |             ^~~~~~
../Core/Src/lidar.c:107:13: note: include '<stdio.h>' or provide a declaration of 'printf'
../Core/Src/lidar.c:46:10: warning: unused variable 'new_scan' [-Wunused-variable]
   46 |     bool new_scan = (capsule_data[3] & 0x80) != 0;
      |          ^~~~~~~~
arm-none-eabi-gcc -o "373_Final_Project.elf" @"objects.list"   -mcpu=cortex-m4 -T"N:\EECS373-CubeIDE-Workspace\373_Final_Project\STM32L4R5ZITXP_FLASH.ld" --specs=nosys.specs -Wl,-Map="373_Final_Project.map" -Wl,--gc-sections -static --specs=nano.specs -mfpu=fpv4-sp-d16 -mfloat-abi=hard -mthumb -u _printf_float -Wl,--start-group -lc -lm -Wl,--end-group
Finished building target: 373_Final_Project.elf
 
arm-none-eabi-size  373_Final_Project.elf 
arm-none-eabi-objdump -h -S 373_Final_Project.elf  > "373_Final_Project.list"
   text	   data	    bss	    dec	    hex	filename
  32376	    468	   2388	  35232	   89a0	373_Final_Project.elf
Finished building: default.size.stdout
 
Finished building: 373_Final_Project.list
 
18:20:59 **** Incremental Build of configuration Debug for project 373_Final_Project ****
make -j12 all 
arm-none-eabi-size  373_Final_Project.elf 
   text	   data	    bss	    dec	    hex	filename
  32376	    468	   2388	  35232	   89a0	373_Final_Project.elf
Finished building: default.size.stdout
 
18:23:45 **** Incremental Build of configuration Debug for project 373_Final_Project ****
make -j12 all 
arm-none-eabi-size  373_Final_Project.elf 
   text	   data	    bss	    dec	    hex	filename
  32376	    468	   2388	  35232	   89a0	373_Final_Project.elf
Finished building: default.size.stdout
 
18:26:16 **** Incremental Build of configuration Debug for project 373_Final_Project ****
make -j12 all 
arm-none-eabi-size  373_Final_Project.elf 
   text	   data	    bss	    dec	    hex	filename
  32376	    468	   2388	  35232	   89a0	373_Final_Project.elf
Finished building: default.size.stdout
 
18:29:19 **** Incremental Build of configuration Debug for project 373_Final_Project ****
make -j12 all 
arm-none-eabi-size  373_Final_Project.elf 
   text	   data	    bss	    dec	    hex	filename
  32376	    468	   2388	  35232	   89a0	373_Final_Project.elf
Finished building: default.size.stdout
 
18:29:39 **** Incremental Build of configuration Debug for project 373_Final_Project ****
make -j12 all 
arm-none-eabi-size  373_Final_Project.elf 
   text	   data	    bss	    dec	    hex	filename
  32376	    468	   2388	  35232	   89a0	373_Final_Project.elf
Finished building: default.size.stdout
 
18:31:50 **** Incremental Build of configuration Debug for project 373_Final_Project ****
make -j12 all 
arm-none-eabi-size  373_Final_Project.elf 
   text	   data	    bss	    dec	    hex	filename
  32376	    468	   2388	  35232	   89a0	373_Final_Project.elf
Finished building: default.size.stdout
 
18:36:01 **** Incremental Build of configuration Debug for project 373_Final_Project ****
make -j12 all 
arm-none-eabi-size  373_Final_Project.elf 
   text	   data	    bss	    dec	    hex	filename
  32376	    468	   2388	  35232	   89a0	373_Final_Project.elf
Finished building: default.size.stdout
 
18:36:21 **** Incremental Build of configuration Debug for project 373_Final_Project ****
make -j12 all 
arm-none-eabi-size  373_Final_Project.elf 
   text	   data	    bss	    dec	    hex	filename
  32376	    468	   2388	  35232	   89a0	373_Final_Project.elf
Finished building: default.size.stdout
 
18:47:09 **** Incremental Build of configuration Debug for project 373_Final_Project ****
make -j12 all 
arm-none-eabi-size  373_Final_Project.elf 
   text	   data	    bss	    dec	    hex	filename
  32376	    468	   2388	  35232	   89a0	373_Final_Project.elf
Finished building: default.size.stdout
 
18:59:45 **** Incremental Build of configuration Debug for project 373_Final_Project ****
make -j12 all 
arm-none-eabi-gcc "../Core/Src/main.c" -mcpu=cortex-m4 -std=gnu11 -g3 -DDEBUG -DUSE_HAL_DRIVER -DSTM32L4R5xx -c -I../Core/Inc -I../Drivers/STM32L4xx_HAL_Driver/Inc -I../Drivers/STM32L4xx_HAL_Driver/Inc/Legacy -I../Drivers/CMSIS/Device/ST/STM32L4xx/Include -I../Drivers/CMSIS/Include -O0 -ffunction-sections -fdata-sections -Wall -fstack-usage -fcyclomatic-complexity -MMD -MP -MF"Core/Src/main.d" -MT"Core/Src/main.o" --specs=nano.specs -mfpu=fpv4-sp-d16 -mfloat-abi=hard -mthumb -o "Core/Src/main.o"
../Core/Src/main.c: In function 'main':
../Core/Src/main.c:99:3: warning: implicit declaration of function 'send_express_scan_command' [-Wimplicit-function-declaration]
   99 |   send_express_scan_command(&huart3);
      |   ^~~~~~~~~~~~~~~~~~~~~~~~~
../Core/Src/main.c:108:10: warning: implicit declaration of function 'decode_express_capsule' [-Wimplicit-function-declaration]
  108 |          decode_express_capsule(capsule_data);
      |          ^~~~~~~~~~~~~~~~~~~~~~
arm-none-eabi-gcc -o "373_Final_Project.elf" @"objects.list"   -mcpu=cortex-m4 -T"N:\EECS373-CubeIDE-Workspace\373_Final_Project\STM32L4R5ZITXP_FLASH.ld" --specs=nosys.specs -Wl,-Map="373_Final_Project.map" -Wl,--gc-sections -static --specs=nano.specs -mfpu=fpv4-sp-d16 -mfloat-abi=hard -mthumb -u _printf_float -Wl,--start-group -lc -lm -Wl,--end-group
Finished building target: 373_Final_Project.elf
 
arm-none-eabi-size  373_Final_Project.elf 
arm-none-eabi-objdump -h -S 373_Final_Project.elf  > "373_Final_Project.list"
   text	   data	    bss	    dec	    hex	filename
  32376	    468	   2388	  35232	   89a0	373_Final_Project.elf
Finished building: default.size.stdout
 
Finished building: 373_Final_Project.list
 
19:05:06 **** Incremental Build of configuration Debug for project 373_Final_Project ****
make -j12 all 
arm-none-eabi-gcc "../Core/Src/lidar.c" -mcpu=cortex-m4 -std=gnu11 -g3 -DDEBUG -DUSE_HAL_DRIVER -DSTM32L4R5xx -c -I../Core/Inc -I../Drivers/STM32L4xx_HAL_Driver/Inc -I../Drivers/STM32L4xx_HAL_Driver/Inc/Legacy -I../Drivers/CMSIS/Device/ST/STM32L4xx/Include -I../Drivers/CMSIS/Include -O0 -ffunction-sections -fdata-sections -Wall -fstack-usage -fcyclomatic-complexity -MMD -MP -MF"Core/Src/lidar.d" -MT"Core/Src/lidar.o" --specs=nano.specs -mfpu=fpv4-sp-d16 -mfloat-abi=hard -mthumb -o "Core/Src/lidar.o"
../Core/Src/lidar.c: In function 'decode_express_capsule':
../Core/Src/lidar.c:107:13: warning: implicit declaration of function 'printf' [-Wimplicit-function-declaration]
  107 |             printf("theta: %06.1f Dist: %08.2f Q: %d\n", angle1, dist1_mm, 47);
      |             ^~~~~~
../Core/Src/lidar.c:9:1: note: include '<stdio.h>' or provide a declaration of 'printf'
    8 | #include "lidar.h"
  +++ |+#include <stdio.h>
    9 | 
../Core/Src/lidar.c:107:13: warning: incompatible implicit declaration of built-in function 'printf' [-Wbuiltin-declaration-mismatch]
  107 |             printf("theta: %06.1f Dist: %08.2f Q: %d\n", angle1, dist1_mm, 47);
      |             ^~~~~~
../Core/Src/lidar.c:107:13: note: include '<stdio.h>' or provide a declaration of 'printf'
../Core/Src/lidar.c:46:10: warning: unused variable 'new_scan' [-Wunused-variable]
   46 |     bool new_scan = (capsule_data[3] & 0x80) != 0;
      |          ^~~~~~~~
arm-none-eabi-gcc -o "373_Final_Project.elf" @"objects.list"   -mcpu=cortex-m4 -T"N:\EECS373-CubeIDE-Workspace\373_Final_Project\STM32L4R5ZITXP_FLASH.ld" --specs=nosys.specs -Wl,-Map="373_Final_Project.map" -Wl,--gc-sections -static --specs=nano.specs -mfpu=fpv4-sp-d16 -mfloat-abi=hard -mthumb -u _printf_float -Wl,--start-group -lc -lm -Wl,--end-group
Finished building target: 373_Final_Project.elf
 
arm-none-eabi-size  373_Final_Project.elf 
arm-none-eabi-objdump -h -S 373_Final_Project.elf  > "373_Final_Project.list"
   text	   data	    bss	    dec	    hex	filename
  32376	    468	   2388	  35232	   89a0	373_Final_Project.elf
Finished building: default.size.stdout
 
Finished building: 373_Final_Project.list
 
19:05:25 **** Incremental Build of configuration Debug for project 373_Final_Project ****
make -j12 all 
arm-none-eabi-size  373_Final_Project.elf 
   text	   data	    bss	    dec	    hex	filename
  32376	    468	   2388	  35232	   89a0	373_Final_Project.elf
Finished building: default.size.stdout
 
19:08:16 **** Incremental Build of configuration Debug for project 373_Final_Project ****
make -j12 all 
arm-none-eabi-gcc "../Core/Src/main.c" -mcpu=cortex-m4 -std=gnu11 -g3 -DDEBUG -DUSE_HAL_DRIVER -DSTM32L4R5xx -c -I../Core/Inc -I../Drivers/STM32L4xx_HAL_Driver/Inc -I../Drivers/STM32L4xx_HAL_Driver/Inc/Legacy -I../Drivers/CMSIS/Device/ST/STM32L4xx/Include -I../Drivers/CMSIS/Include -O0 -ffunction-sections -fdata-sections -Wall -fstack-usage -fcyclomatic-complexity -MMD -MP -MF"Core/Src/main.d" -MT"Core/Src/main.o" --specs=nano.specs -mfpu=fpv4-sp-d16 -mfloat-abi=hard -mthumb -o "Core/Src/main.o"
../Core/Src/main.c: In function 'main':
../Core/Src/main.c:99:3: warning: implicit declaration of function 'send_express_scan_command' [-Wimplicit-function-declaration]
   99 |   send_express_scan_command(&huart3);
      |   ^~~~~~~~~~~~~~~~~~~~~~~~~
../Core/Src/main.c:108:10: warning: implicit declaration of function 'decode_express_capsule' [-Wimplicit-function-declaration]
  108 |          decode_express_capsule(capsule_data);
      |          ^~~~~~~~~~~~~~~~~~~~~~
arm-none-eabi-gcc -o "373_Final_Project.elf" @"objects.list"   -mcpu=cortex-m4 -T"N:\EECS373-CubeIDE-Workspace\373_Final_Project\STM32L4R5ZITXP_FLASH.ld" --specs=nosys.specs -Wl,-Map="373_Final_Project.map" -Wl,--gc-sections -static --specs=nano.specs -mfpu=fpv4-sp-d16 -mfloat-abi=hard -mthumb -u _printf_float -Wl,--start-group -lc -lm -Wl,--end-group
Finished building target: 373_Final_Project.elf
 
arm-none-eabi-size  373_Final_Project.elf 
arm-none-eabi-objdump -h -S 373_Final_Project.elf  > "373_Final_Project.list"
   text	   data	    bss	    dec	    hex	filename
  32376	    468	   2388	  35232	   89a0	373_Final_Project.elf
Finished building: default.size.stdout
 
Finished building: 373_Final_Project.list
 
19:12:10 **** Incremental Build of configuration Debug for project 373_Final_Project ****
make -j12 all 
arm-none-eabi-gcc "../Core/Src/main.c" -mcpu=cortex-m4 -std=gnu11 -g3 -DDEBUG -DUSE_HAL_DRIVER -DSTM32L4R5xx -c -I../Core/Inc -I../Drivers/STM32L4xx_HAL_Driver/Inc -I../Drivers/STM32L4xx_HAL_Driver/Inc/Legacy -I../Drivers/CMSIS/Device/ST/STM32L4xx/Include -I../Drivers/CMSIS/Include -O0 -ffunction-sections -fdata-sections -Wall -fstack-usage -fcyclomatic-complexity -MMD -MP -MF"Core/Src/main.d" -MT"Core/Src/main.o" --specs=nano.specs -mfpu=fpv4-sp-d16 -mfloat-abi=hard -mthumb -o "Core/Src/main.o"
arm-none-eabi-gcc -o "373_Final_Project.elf" @"objects.list"   -mcpu=cortex-m4 -T"N:\EECS373-CubeIDE-Workspace\373_Final_Project\STM32L4R5ZITXP_FLASH.ld" --specs=nosys.specs -Wl,-Map="373_Final_Project.map" -Wl,--gc-sections -static --specs=nano.specs -mfpu=fpv4-sp-d16 -mfloat-abi=hard -mthumb -u _printf_float -Wl,--start-group -lc -lm -Wl,--end-group
Finished building target: 373_Final_Project.elf
 
arm-none-eabi-size  373_Final_Project.elf 
arm-none-eabi-objdump -h -S 373_Final_Project.elf  > "373_Final_Project.list"
   text	   data	    bss	    dec	    hex	filename
  32376	    468	   2388	  35232	   89a0	373_Final_Project.elf
Finished building: default.size.stdout
 
Finished building: 373_Final_Project.list
 
19:14:24 **** Incremental Build of configuration Debug for project 373_Final_Project ****
make -j12 all 
arm-none-eabi-size  373_Final_Project.elf 
   text	   data	    bss	    dec	    hex	filename
  32376	    468	   2388	  35232	   89a0	373_Final_Project.elf
Finished building: default.size.stdout
 
19:14:49 **** Incremental Build of configuration Debug for project 373_Final_Project ****
make -j12 all 
arm-none-eabi-size  373_Final_Project.elf 
   text	   data	    bss	    dec	    hex	filename
  32376	    468	   2388	  35232	   89a0	373_Final_Project.elf
Finished building: default.size.stdout
 
19:19:07 **** Incremental Build of configuration Debug for project 373_Final_Project ****
make -j12 all 
arm-none-eabi-gcc "../Core/Src/main.c" -mcpu=cortex-m4 -std=gnu11 -g3 -DDEBUG -DUSE_HAL_DRIVER -DSTM32L4R5xx -c -I../Core/Inc -I../Drivers/STM32L4xx_HAL_Driver/Inc -I../Drivers/STM32L4xx_HAL_Driver/Inc/Legacy -I../Drivers/CMSIS/Device/ST/STM32L4xx/Include -I../Drivers/CMSIS/Include -O0 -ffunction-sections -fdata-sections -Wall -fstack-usage -fcyclomatic-complexity -MMD -MP -MF"Core/Src/main.d" -MT"Core/Src/main.o" --specs=nano.specs -mfpu=fpv4-sp-d16 -mfloat-abi=hard -mthumb -o "Core/Src/main.o"
../Core/Src/main.c: In function 'main':
../Core/Src/main.c:102:3: warning: implicit declaration of function 'HAL_UART_Recieve'; did you mean 'HAL_UART_Receive'? [-Wimplicit-function-declaration]
  102 |   HAL_UART_Recieve(&huart3, response_descriptor, 7, HAL_MAX_DELAY);
      |   ^~~~~~~~~~~~~~~~
      |   HAL_UART_Receive
arm-none-eabi-gcc -o "373_Final_Project.elf" @"objects.list"   -mcpu=cortex-m4 -T"N:\EECS373-CubeIDE-Workspace\373_Final_Project\STM32L4R5ZITXP_FLASH.ld" --specs=nosys.specs -Wl,-Map="373_Final_Project.map" -Wl,--gc-sections -static --specs=nano.specs -mfpu=fpv4-sp-d16 -mfloat-abi=hard -mthumb -u _printf_float -Wl,--start-group -lc -lm -Wl,--end-group
C:/ST/STM32CubeIDE_1.19.0/STM32CubeIDE/plugins/com.st.stm32cube.ide.mcu.externaltools.gnu-tools-for-stm32.13.3.rel1.win32_1.0.0.202411081344/tools/bin/../lib/gcc/arm-none-eabi/13.3.1/../../../../arm-none-eabi/bin/ld.exe: ./Core/Src/main.o: in function `main':
N:/EECS373-CubeIDE-Workspace/373_Final_Project/Debug/../Core/Src/main.c:102:(.text.main+0x36): undefined reference to `HAL_UART_Recieve'
collect2.exe: error: ld returned 1 exit status
make: *** [makefile:64: 373_Final_Project.elf] Error 1
"make -j12 all" terminated with exit code 2. Build might be incomplete.
19:19:54 **** Incremental Build of configuration Debug for project 373_Final_Project ****
make -j12 all 
arm-none-eabi-gcc "../Core/Src/main.c" -mcpu=cortex-m4 -std=gnu11 -g3 -DDEBUG -DUSE_HAL_DRIVER -DSTM32L4R5xx -c -I../Core/Inc -I../Drivers/STM32L4xx_HAL_Driver/Inc -I../Drivers/STM32L4xx_HAL_Driver/Inc/Legacy -I../Drivers/CMSIS/Device/ST/STM32L4xx/Include -I../Drivers/CMSIS/Include -O0 -ffunction-sections -fdata-sections -Wall -fstack-usage -fcyclomatic-complexity -MMD -MP -MF"Core/Src/main.d" -MT"Core/Src/main.o" --specs=nano.specs -mfpu=fpv4-sp-d16 -mfloat-abi=hard -mthumb -o "Core/Src/main.o"
arm-none-eabi-gcc -o "373_Final_Project.elf" @"objects.list"   -mcpu=cortex-m4 -T"N:\EECS373-CubeIDE-Workspace\373_Final_Project\STM32L4R5ZITXP_FLASH.ld" --specs=nosys.specs -Wl,-Map="373_Final_Project.map" -Wl,--gc-sections -static --specs=nano.specs -mfpu=fpv4-sp-d16 -mfloat-abi=hard -mthumb -u _printf_float -Wl,--start-group -lc -lm -Wl,--end-group
Finished building target: 373_Final_Project.elf
 
arm-none-eabi-size  373_Final_Project.elf 
arm-none-eabi-objdump -h -S 373_Final_Project.elf  > "373_Final_Project.list"
   text	   data	    bss	    dec	    hex	filename
  32392	    468	   2388	  35248	   89b0	373_Final_Project.elf
Finished building: default.size.stdout
 
Finished building: 373_Final_Project.list
 
19:20:20 **** Incremental Build of configuration Debug for project 373_Final_Project ****
make -j12 all 
arm-none-eabi-size  373_Final_Project.elf 
   text	   data	    bss	    dec	    hex	filename
  32392	    468	   2388	  35248	   89b0	373_Final_Project.elf
Finished building: default.size.stdout
 
19:27:43 **** Clean-only build of configuration Debug for project 373_Final_Project ****
make -j12 clean 
rm -rf ./Drivers/STM32L4xx_HAL_Driver/Src/stm32l4xx_hal.cyclo ./Drivers/STM32L4xx_HAL_Driver/Src/stm32l4xx_hal.d ./Drivers/STM32L4xx_HAL_Driver/Src/stm32l4xx_hal.o ./Drivers/STM32L4xx_HAL_Driver/Src/stm32l4xx_hal.su ./Drivers/STM32L4xx_HAL_Driver/Src/stm32l4xx_hal_cortex.cyclo ./Drivers/STM32L4xx_HAL_Driver/Src/stm32l4xx_hal_cortex.d ./Drivers/STM32L4xx_HAL_Driver/Src/stm32l4xx_hal_cortex.o ./Drivers/STM32L4xx_HAL_Driver/Src/stm32l4xx_hal_cortex.su ./Drivers/STM32L4xx_HAL_Driver/Src/stm32l4xx_hal_dma.cyclo ./Drivers/STM32L4xx_HAL_Driver/Src/stm32l4xx_hal_dma.d ./Drivers/STM32L4xx_HAL_Driver/Src/stm32l4xx_hal_dma.o ./Drivers/STM32L4xx_HAL_Driver/Src/stm32l4xx_hal_dma.su ./Drivers/STM32L4xx_HAL_Driver/Src/stm32l4xx_hal_dma_ex.cyclo ./Drivers/STM32L4xx_HAL_Driver/Src/stm32l4xx_hal_dma_ex.d ./Drivers/STM32L4xx_HAL_Driver/Src/stm32l4xx_hal_dma_ex.o ./Drivers/STM32L4xx_HAL_Driver/Src/stm32l4xx_hal_dma_ex.su ./Drivers/STM32L4xx_HAL_Driver/Src/stm32l4xx_hal_exti.cyclo ./Drivers/STM32L4xx_HAL_Driver/Src/stm32l4xx_hal_exti.d ./Drivers/STM32L4xx_HAL_Driver/Src/stm32l4xx_hal_exti.o ./Drivers/STM32L4xx_HAL_Driver/Src/stm32l4xx_hal_exti.su ./Drivers/STM32L4xx_HAL_Driver/Src/stm32l4xx_hal_flash.cyclo ./Drivers/STM32L4xx_HAL_Driver/Src/stm32l4xx_hal_flash.d ./Drivers/STM32L4xx_HAL_Driver/Src/stm32l4xx_hal_flash.o ./Drivers/STM32L4xx_HAL_Driver/Src/stm32l4xx_hal_flash.su ./Drivers/STM32L4xx_HAL_Driver/Src/stm32l4xx_hal_flash_ex.cyclo ./Drivers/STM32L4xx_HAL_Driver/Src/stm32l4xx_hal_flash_ex.d ./Drivers/STM32L4xx_HAL_Driver/Src/stm32l4xx_hal_flash_ex.o ./Drivers/STM32L4xx_HAL_Driver/Src/stm32l4xx_hal_flash_ex.su ./Drivers/STM32L4xx_HAL_Driver/Src/stm32l4xx_hal_flash_ramfunc.cyclo ./Drivers/STM32L4xx_HAL_Driver/Src/stm32l4xx_hal_flash_ramfunc.d ./Drivers/STM32L4xx_HAL_Driver/Src/stm32l4xx_hal_flash_ramfunc.o ./Drivers/STM32L4xx_HAL_Driver/Src/stm32l4xx_hal_flash_ramfunc.su ./Drivers/STM32L4xx_HAL_Driver/Src/stm32l4xx_hal_gpio.cyclo ./Drivers/STM32L4xx_HAL_Driver/Src/stm32l4xx_hal_gpio.d ./Drivers/STM32L4xx_HAL_Driver/Src/stm32l4xx_hal_gpio.o ./Drivers/STM32L4xx_HAL_Driver/Src/stm32l4xx_hal_gpio.su ./Drivers/STM32L4xx_HAL_Driver/Src/stm32l4xx_hal_i2c.cyclo ./Drivers/STM32L4xx_HAL_Driver/Src/stm32l4xx_hal_i2c.d ./Drivers/STM32L4xx_HAL_Driver/Src/stm32l4xx_hal_i2c.o ./Drivers/STM32L4xx_HAL_Driver/Src/stm32l4xx_hal_i2c.su ./Drivers/STM32L4xx_HAL_Driver/Src/stm32l4xx_hal_i2c_ex.cyclo ./Drivers/STM32L4xx_HAL_Driver/Src/stm32l4xx_hal_i2c_ex.d ./Drivers/STM32L4xx_HAL_Driver/Src/stm32l4xx_hal_i2c_ex.o ./Drivers/STM32L4xx_HAL_Driver/Src/stm32l4xx_hal_i2c_ex.su ./Drivers/STM32L4xx_HAL_Driver/Src/stm32l4xx_hal_pwr.cyclo ./Drivers/STM32L4xx_HAL_Driver/Src/stm32l4xx_hal_pwr.d ./Drivers/STM32L4xx_HAL_Driver/Src/stm32l4xx_hal_pwr.o ./Drivers/STM32L4xx_HAL_Driver/Src/stm32l4xx_hal_pwr.su ./Drivers/STM32L4xx_HAL_Driver/Src/stm32l4xx_hal_pwr_ex.cyclo ./Drivers/STM32L4xx_HAL_Driver/Src/stm32l4xx_hal_pwr_ex.d ./Drivers/STM32L4xx_HAL_Driver/Src/stm32l4xx_hal_pwr_ex.o ./Drivers/STM32L4xx_HAL_Driver/Src/stm32l4xx_hal_pwr_ex.su ./Drivers/STM32L4xx_HAL_Driver/Src/stm32l4xx_hal_rcc.cyclo ./Drivers/STM32L4xx_HAL_Driver/Src/stm32l4xx_hal_rcc.d ./Drivers/STM32L4xx_HAL_Driver/Src/stm32l4xx_hal_rcc.o ./Drivers/STM32L4xx_HAL_Driver/Src/stm32l4xx_hal_rcc.su ./Drivers/STM32L4xx_HAL_Driver/Src/stm32l4xx_hal_rcc_ex.cyclo ./Drivers/STM32L4xx_HAL_Driver/Src/stm32l4xx_hal_rcc_ex.d ./Drivers/STM32L4xx_HAL_Driver/Src/stm32l4xx_hal_rcc_ex.o ./Drivers/STM32L4xx_HAL_Driver/Src/stm32l4xx_hal_rcc_ex.su ./Drivers/STM32L4xx_HAL_Driver/Src/stm32l4xx_hal_uart.cyclo ./Drivers/STM32L4xx_HAL_Driver/Src/stm32l4xx_hal_uart.d ./Drivers/STM32L4xx_HAL_Driver/Src/stm32l4xx_hal_uart.o ./Drivers/STM32L4xx_HAL_Driver/Src/stm32l4xx_hal_uart.su ./Drivers/STM32L4xx_HAL_Driver/Src/stm32l4xx_hal_uart_ex.cyclo ./Drivers/STM32L4xx_HAL_Driver/Src/stm32l4xx_hal_uart_ex.d ./Drivers/STM32L4xx_HAL_Driver/Src/stm32l4xx_hal_uart_ex.o ./Drivers/STM32L4xx_HAL_Driver/Src/stm32l4xx_hal_uart_ex.su
rm -rf ./Core/Startup/startup_stm32l4r5zitxp.d ./Core/Startup/startup_stm32l4r5zitxp.o
rm -rf ./Core/Src/lidar.cyclo ./Core/Src/lidar.d ./Core/Src/lidar.o ./Core/Src/lidar.su ./Core/Src/main.cyclo ./Core/Src/main.d ./Core/Src/main.o ./Core/Src/main.su ./Core/Src/stm32l4xx_hal_msp.cyclo ./Core/Src/stm32l4xx_hal_msp.d ./Core/Src/stm32l4xx_hal_msp.o ./Core/Src/stm32l4xx_hal_msp.su ./Core/Src/stm32l4xx_it.cyclo ./Core/Src/stm32l4xx_it.d ./Core/Src/stm32l4xx_it.o ./Core/Src/stm32l4xx_it.su ./Core/Src/syscalls.cyclo ./Core/Src/syscalls.d ./Core/Src/syscalls.o ./Core/Src/syscalls.su ./Core/Src/sysmem.cyclo ./Core/Src/sysmem.d ./Core/Src/sysmem.o ./Core/Src/sysmem.su ./Core/Src/system_stm32l4xx.cyclo ./Core/Src/system_stm32l4xx.d ./Core/Src/system_stm32l4xx.o ./Core/Src/system_stm32l4xx.su
rm -rf 373_Final_Project.elf 373_Final_Project.list 373_Final_Project.map default.size.stdout
rm: can't remove '373_Final_Project.elf': Permission denied
make: [makefile:80: clean] Error 1 (ignored)
 
19:27:55 **** Incremental Build of configuration Debug for project 373_Final_Project ****
make -j12 all 
arm-none-eabi-gcc "../Drivers/STM32L4xx_HAL_Driver/Src/stm32l4xx_hal.c" -mcpu=cortex-m4 -std=gnu11 -g3 -DDEBUG -DUSE_HAL_DRIVER -DSTM32L4R5xx -c -I../Core/Inc -I../Drivers/STM32L4xx_HAL_Driver/Inc -I../Drivers/STM32L4xx_HAL_Driver/Inc/Legacy -I../Drivers/CMSIS/Device/ST/STM32L4xx/Include -I../Drivers/CMSIS/Include -O0 -ffunction-sections -fdata-sections -Wall -fstack-usage -fcyclomatic-complexity -MMD -MP -MF"Drivers/STM32L4xx_HAL_Driver/Src/stm32l4xx_hal.d" -MT"Drivers/STM32L4xx_HAL_Driver/Src/stm32l4xx_hal.o" --specs=nano.specs -mfpu=fpv4-sp-d16 -mfloat-abi=hard -mthumb -o "Drivers/STM32L4xx_HAL_Driver/Src/stm32l4xx_hal.o"
arm-none-eabi-gcc "../Drivers/STM32L4xx_HAL_Driver/Src/stm32l4xx_hal_cortex.c" -mcpu=cortex-m4 -std=gnu11 -g3 -DDEBUG -DUSE_HAL_DRIVER -DSTM32L4R5xx -c -I../Core/Inc -I../Drivers/STM32L4xx_HAL_Driver/Inc -I../Drivers/STM32L4xx_HAL_Driver/Inc/Legacy -I../Drivers/CMSIS/Device/ST/STM32L4xx/Include -I../Drivers/CMSIS/Include -O0 -ffunction-sections -fdata-sections -Wall -fstack-usage -fcyclomatic-complexity -MMD -MP -MF"Drivers/STM32L4xx_HAL_Driver/Src/stm32l4xx_hal_cortex.d" -MT"Drivers/STM32L4xx_HAL_Driver/Src/stm32l4xx_hal_cortex.o" --specs=nano.specs -mfpu=fpv4-sp-d16 -mfloat-abi=hard -mthumb -o "Drivers/STM32L4xx_HAL_Driver/Src/stm32l4xx_hal_cortex.o"
arm-none-eabi-gcc "../Drivers/STM32L4xx_HAL_Driver/Src/stm32l4xx_hal_dma.c" -mcpu=cortex-m4 -std=gnu11 -g3 -DDEBUG -DUSE_HAL_DRIVER -DSTM32L4R5xx -c -I../Core/Inc -I../Drivers/STM32L4xx_HAL_Driver/Inc -I../Drivers/STM32L4xx_HAL_Driver/Inc/Legacy -I../Drivers/CMSIS/Device/ST/STM32L4xx/Include -I../Drivers/CMSIS/Include -O0 -ffunction-sections -fdata-sections -Wall -fstack-usage -fcyclomatic-complexity -MMD -MP -MF"Drivers/STM32L4xx_HAL_Driver/Src/stm32l4xx_hal_dma.d" -MT"Drivers/STM32L4xx_HAL_Driver/Src/stm32l4xx_hal_dma.o" --specs=nano.specs -mfpu=fpv4-sp-d16 -mfloat-abi=hard -mthumb -o "Drivers/STM32L4xx_HAL_Driver/Src/stm32l4xx_hal_dma.o"
arm-none-eabi-gcc "../Drivers/STM32L4xx_HAL_Driver/Src/stm32l4xx_hal_dma_ex.c" -mcpu=cortex-m4 -std=gnu11 -g3 -DDEBUG -DUSE_HAL_DRIVER -DSTM32L4R5xx -c -I../Core/Inc -I../Drivers/STM32L4xx_HAL_Driver/Inc -I../Drivers/STM32L4xx_HAL_Driver/Inc/Legacy -I../Drivers/CMSIS/Device/ST/STM32L4xx/Include -I../Drivers/CMSIS/Include -O0 -ffunction-sections -fdata-sections -Wall -fstack-usage -fcyclomatic-complexity -MMD -MP -MF"Drivers/STM32L4xx_HAL_Driver/Src/stm32l4xx_hal_dma_ex.d" -MT"Drivers/STM32L4xx_HAL_Driver/Src/stm32l4xx_hal_dma_ex.o" --specs=nano.specs -mfpu=fpv4-sp-d16 -mfloat-abi=hard -mthumb -o "Drivers/STM32L4xx_HAL_Driver/Src/stm32l4xx_hal_dma_ex.o"
arm-none-eabi-gcc "../Drivers/STM32L4xx_HAL_Driver/Src/stm32l4xx_hal_exti.c" -mcpu=cortex-m4 -std=gnu11 -g3 -DDEBUG -DUSE_HAL_DRIVER -DSTM32L4R5xx -c -I../Core/Inc -I../Drivers/STM32L4xx_HAL_Driver/Inc -I../Drivers/STM32L4xx_HAL_Driver/Inc/Legacy -I../Drivers/CMSIS/Device/ST/STM32L4xx/Include -I../Drivers/CMSIS/Include -O0 -ffunction-sections -fdata-sections -Wall -fstack-usage -fcyclomatic-complexity -MMD -MP -MF"Drivers/STM32L4xx_HAL_Driver/Src/stm32l4xx_hal_exti.d" -MT"Drivers/STM32L4xx_HAL_Driver/Src/stm32l4xx_hal_exti.o" --specs=nano.specs -mfpu=fpv4-sp-d16 -mfloat-abi=hard -mthumb -o "Drivers/STM32L4xx_HAL_Driver/Src/stm32l4xx_hal_exti.o"
arm-none-eabi-gcc "../Drivers/STM32L4xx_HAL_Driver/Src/stm32l4xx_hal_flash.c" -mcpu=cortex-m4 -std=gnu11 -g3 -DDEBUG -DUSE_HAL_DRIVER -DSTM32L4R5xx -c -I../Core/Inc -I../Drivers/STM32L4xx_HAL_Driver/Inc -I../Drivers/STM32L4xx_HAL_Driver/Inc/Legacy -I../Drivers/CMSIS/Device/ST/STM32L4xx/Include -I../Drivers/CMSIS/Include -O0 -ffunction-sections -fdata-sections -Wall -fstack-usage -fcyclomatic-complexity -MMD -MP -MF"Drivers/STM32L4xx_HAL_Driver/Src/stm32l4xx_hal_flash.d" -MT"Drivers/STM32L4xx_HAL_Driver/Src/stm32l4xx_hal_flash.o" --specs=nano.specs -mfpu=fpv4-sp-d16 -mfloat-abi=hard -mthumb -o "Drivers/STM32L4xx_HAL_Driver/Src/stm32l4xx_hal_flash.o"
arm-none-eabi-gcc "../Drivers/STM32L4xx_HAL_Driver/Src/stm32l4xx_hal_flash_ex.c" -mcpu=cortex-m4 -std=gnu11 -g3 -DDEBUG -DUSE_HAL_DRIVER -DSTM32L4R5xx -c -I../Core/Inc -I../Drivers/STM32L4xx_HAL_Driver/Inc -I../Drivers/STM32L4xx_HAL_Driver/Inc/Legacy -I../Drivers/CMSIS/Device/ST/STM32L4xx/Include -I../Drivers/CMSIS/Include -O0 -ffunction-sections -fdata-sections -Wall -fstack-usage -fcyclomatic-complexity -MMD -MP -MF"Drivers/STM32L4xx_HAL_Driver/Src/stm32l4xx_hal_flash_ex.d" -MT"Drivers/STM32L4xx_HAL_Driver/Src/stm32l4xx_hal_flash_ex.o" --specs=nano.specs -mfpu=fpv4-sp-d16 -mfloat-abi=hard -mthumb -o "Drivers/STM32L4xx_HAL_Driver/Src/stm32l4xx_hal_flash_ex.o"
arm-none-eabi-gcc "../Drivers/STM32L4xx_HAL_Driver/Src/stm32l4xx_hal_flash_ramfunc.c" -mcpu=cortex-m4 -std=gnu11 -g3 -DDEBUG -DUSE_HAL_DRIVER -DSTM32L4R5xx -c -I../Core/Inc -I../Drivers/STM32L4xx_HAL_Driver/Inc -I../Drivers/STM32L4xx_HAL_Driver/Inc/Legacy -I../Drivers/CMSIS/Device/ST/STM32L4xx/Include -I../Drivers/CMSIS/Include -O0 -ffunction-sections -fdata-sections -Wall -fstack-usage -fcyclomatic-complexity -MMD -MP -MF"Drivers/STM32L4xx_HAL_Driver/Src/stm32l4xx_hal_flash_ramfunc.d" -MT"Drivers/STM32L4xx_HAL_Driver/Src/stm32l4xx_hal_flash_ramfunc.o" --specs=nano.specs -mfpu=fpv4-sp-d16 -mfloat-abi=hard -mthumb -o "Drivers/STM32L4xx_HAL_Driver/Src/stm32l4xx_hal_flash_ramfunc.o"
arm-none-eabi-gcc "../Drivers/STM32L4xx_HAL_Driver/Src/stm32l4xx_hal_gpio.c" -mcpu=cortex-m4 -std=gnu11 -g3 -DDEBUG -DUSE_HAL_DRIVER -DSTM32L4R5xx -c -I../Core/Inc -I../Drivers/STM32L4xx_HAL_Driver/Inc -I../Drivers/STM32L4xx_HAL_Driver/Inc/Legacy -I../Drivers/CMSIS/Device/ST/STM32L4xx/Include -I../Drivers/CMSIS/Include -O0 -ffunction-sections -fdata-sections -Wall -fstack-usage -fcyclomatic-complexity -MMD -MP -MF"Drivers/STM32L4xx_HAL_Driver/Src/stm32l4xx_hal_gpio.d" -MT"Drivers/STM32L4xx_HAL_Driver/Src/stm32l4xx_hal_gpio.o" --specs=nano.specs -mfpu=fpv4-sp-d16 -mfloat-abi=hard -mthumb -o "Drivers/STM32L4xx_HAL_Driver/Src/stm32l4xx_hal_gpio.o"
arm-none-eabi-gcc "../Drivers/STM32L4xx_HAL_Driver/Src/stm32l4xx_hal_i2c.c" -mcpu=cortex-m4 -std=gnu11 -g3 -DDEBUG -DUSE_HAL_DRIVER -DSTM32L4R5xx -c -I../Core/Inc -I../Drivers/STM32L4xx_HAL_Driver/Inc -I../Drivers/STM32L4xx_HAL_Driver/Inc/Legacy -I../Drivers/CMSIS/Device/ST/STM32L4xx/Include -I../Drivers/CMSIS/Include -O0 -ffunction-sections -fdata-sections -Wall -fstack-usage -fcyclomatic-complexity -MMD -MP -MF"Drivers/STM32L4xx_HAL_Driver/Src/stm32l4xx_hal_i2c.d" -MT"Drivers/STM32L4xx_HAL_Driver/Src/stm32l4xx_hal_i2c.o" --specs=nano.specs -mfpu=fpv4-sp-d16 -mfloat-abi=hard -mthumb -o "Drivers/STM32L4xx_HAL_Driver/Src/stm32l4xx_hal_i2c.o"
arm-none-eabi-gcc "../Drivers/STM32L4xx_HAL_Driver/Src/stm32l4xx_hal_i2c_ex.c" -mcpu=cortex-m4 -std=gnu11 -g3 -DDEBUG -DUSE_HAL_DRIVER -DSTM32L4R5xx -c -I../Core/Inc -I../Drivers/STM32L4xx_HAL_Driver/Inc -I../Drivers/STM32L4xx_HAL_Driver/Inc/Legacy -I../Drivers/CMSIS/Device/ST/STM32L4xx/Include -I../Drivers/CMSIS/Include -O0 -ffunction-sections -fdata-sections -Wall -fstack-usage -fcyclomatic-complexity -MMD -MP -MF"Drivers/STM32L4xx_HAL_Driver/Src/stm32l4xx_hal_i2c_ex.d" -MT"Drivers/STM32L4xx_HAL_Driver/Src/stm32l4xx_hal_i2c_ex.o" --specs=nano.specs -mfpu=fpv4-sp-d16 -mfloat-abi=hard -mthumb -o "Drivers/STM32L4xx_HAL_Driver/Src/stm32l4xx_hal_i2c_ex.o"
arm-none-eabi-gcc "../Drivers/STM32L4xx_HAL_Driver/Src/stm32l4xx_hal_pwr.c" -mcpu=cortex-m4 -std=gnu11 -g3 -DDEBUG -DUSE_HAL_DRIVER -DSTM32L4R5xx -c -I../Core/Inc -I../Drivers/STM32L4xx_HAL_Driver/Inc -I../Drivers/STM32L4xx_HAL_Driver/Inc/Legacy -I../Drivers/CMSIS/Device/ST/STM32L4xx/Include -I../Drivers/CMSIS/Include -O0 -ffunction-sections -fdata-sections -Wall -fstack-usage -fcyclomatic-complexity -MMD -MP -MF"Drivers/STM32L4xx_HAL_Driver/Src/stm32l4xx_hal_pwr.d" -MT"Drivers/STM32L4xx_HAL_Driver/Src/stm32l4xx_hal_pwr.o" --specs=nano.specs -mfpu=fpv4-sp-d16 -mfloat-abi=hard -mthumb -o "Drivers/STM32L4xx_HAL_Driver/Src/stm32l4xx_hal_pwr.o"
arm-none-eabi-gcc "../Drivers/STM32L4xx_HAL_Driver/Src/stm32l4xx_hal_pwr_ex.c" -mcpu=cortex-m4 -std=gnu11 -g3 -DDEBUG -DUSE_HAL_DRIVER -DSTM32L4R5xx -c -I../Core/Inc -I../Drivers/STM32L4xx_HAL_Driver/Inc -I../Drivers/STM32L4xx_HAL_Driver/Inc/Legacy -I../Drivers/CMSIS/Device/ST/STM32L4xx/Include -I../Drivers/CMSIS/Include -O0 -ffunction-sections -fdata-sections -Wall -fstack-usage -fcyclomatic-complexity -MMD -MP -MF"Drivers/STM32L4xx_HAL_Driver/Src/stm32l4xx_hal_pwr_ex.d" -MT"Drivers/STM32L4xx_HAL_Driver/Src/stm32l4xx_hal_pwr_ex.o" --specs=nano.specs -mfpu=fpv4-sp-d16 -mfloat-abi=hard -mthumb -o "Drivers/STM32L4xx_HAL_Driver/Src/stm32l4xx_hal_pwr_ex.o"
arm-none-eabi-gcc "../Drivers/STM32L4xx_HAL_Driver/Src/stm32l4xx_hal_rcc.c" -mcpu=cortex-m4 -std=gnu11 -g3 -DDEBUG -DUSE_HAL_DRIVER -DSTM32L4R5xx -c -I../Core/Inc -I../Drivers/STM32L4xx_HAL_Driver/Inc -I../Drivers/STM32L4xx_HAL_Driver/Inc/Legacy -I../Drivers/CMSIS/Device/ST/STM32L4xx/Include -I../Drivers/CMSIS/Include -O0 -ffunction-sections -fdata-sections -Wall -fstack-usage -fcyclomatic-complexity -MMD -MP -MF"Drivers/STM32L4xx_HAL_Driver/Src/stm32l4xx_hal_rcc.d" -MT"Drivers/STM32L4xx_HAL_Driver/Src/stm32l4xx_hal_rcc.o" --specs=nano.specs -mfpu=fpv4-sp-d16 -mfloat-abi=hard -mthumb -o "Drivers/STM32L4xx_HAL_Driver/Src/stm32l4xx_hal_rcc.o"
arm-none-eabi-gcc "../Drivers/STM32L4xx_HAL_Driver/Src/stm32l4xx_hal_rcc_ex.c" -mcpu=cortex-m4 -std=gnu11 -g3 -DDEBUG -DUSE_HAL_DRIVER -DSTM32L4R5xx -c -I../Core/Inc -I../Drivers/STM32L4xx_HAL_Driver/Inc -I../Drivers/STM32L4xx_HAL_Driver/Inc/Legacy -I../Drivers/CMSIS/Device/ST/STM32L4xx/Include -I../Drivers/CMSIS/Include -O0 -ffunction-sections -fdata-sections -Wall -fstack-usage -fcyclomatic-complexity -MMD -MP -MF"Drivers/STM32L4xx_HAL_Driver/Src/stm32l4xx_hal_rcc_ex.d" -MT"Drivers/STM32L4xx_HAL_Driver/Src/stm32l4xx_hal_rcc_ex.o" --specs=nano.specs -mfpu=fpv4-sp-d16 -mfloat-abi=hard -mthumb -o "Drivers/STM32L4xx_HAL_Driver/Src/stm32l4xx_hal_rcc_ex.o"
arm-none-eabi-gcc "../Drivers/STM32L4xx_HAL_Driver/Src/stm32l4xx_hal_uart.c" -mcpu=cortex-m4 -std=gnu11 -g3 -DDEBUG -DUSE_HAL_DRIVER -DSTM32L4R5xx -c -I../Core/Inc -I../Drivers/STM32L4xx_HAL_Driver/Inc -I../Drivers/STM32L4xx_HAL_Driver/Inc/Legacy -I../Drivers/CMSIS/Device/ST/STM32L4xx/Include -I../Drivers/CMSIS/Include -O0 -ffunction-sections -fdata-sections -Wall -fstack-usage -fcyclomatic-complexity -MMD -MP -MF"Drivers/STM32L4xx_HAL_Driver/Src/stm32l4xx_hal_uart.d" -MT"Drivers/STM32L4xx_HAL_Driver/Src/stm32l4xx_hal_uart.o" --specs=nano.specs -mfpu=fpv4-sp-d16 -mfloat-abi=hard -mthumb -o "Drivers/STM32L4xx_HAL_Driver/Src/stm32l4xx_hal_uart.o"
arm-none-eabi-gcc "../Drivers/STM32L4xx_HAL_Driver/Src/stm32l4xx_hal_uart_ex.c" -mcpu=cortex-m4 -std=gnu11 -g3 -DDEBUG -DUSE_HAL_DRIVER -DSTM32L4R5xx -c -I../Core/Inc -I../Drivers/STM32L4xx_HAL_Driver/Inc -I../Drivers/STM32L4xx_HAL_Driver/Inc/Legacy -I../Drivers/CMSIS/Device/ST/STM32L4xx/Include -I../Drivers/CMSIS/Include -O0 -ffunction-sections -fdata-sections -Wall -fstack-usage -fcyclomatic-complexity -MMD -MP -MF"Drivers/STM32L4xx_HAL_Driver/Src/stm32l4xx_hal_uart_ex.d" -MT"Drivers/STM32L4xx_HAL_Driver/Src/stm32l4xx_hal_uart_ex.o" --specs=nano.specs -mfpu=fpv4-sp-d16 -mfloat-abi=hard -mthumb -o "Drivers/STM32L4xx_HAL_Driver/Src/stm32l4xx_hal_uart_ex.o"
arm-none-eabi-gcc -mcpu=cortex-m4 -g3 -DDEBUG -c -x assembler-with-cpp -MMD -MP -MF"Core/Startup/startup_stm32l4r5zitxp.d" -MT"Core/Startup/startup_stm32l4r5zitxp.o" --specs=nano.specs -mfpu=fpv4-sp-d16 -mfloat-abi=hard -mthumb -o "Core/Startup/startup_stm32l4r5zitxp.o" "../Core/Startup/startup_stm32l4r5zitxp.s"
arm-none-eabi-gcc "../Core/Src/lidar.c" -mcpu=cortex-m4 -std=gnu11 -g3 -DDEBUG -DUSE_HAL_DRIVER -DSTM32L4R5xx -c -I../Core/Inc -I../Drivers/STM32L4xx_HAL_Driver/Inc -I../Drivers/STM32L4xx_HAL_Driver/Inc/Legacy -I../Drivers/CMSIS/Device/ST/STM32L4xx/Include -I../Drivers/CMSIS/Include -O0 -ffunction-sections -fdata-sections -Wall -fstack-usage -fcyclomatic-complexity -MMD -MP -MF"Core/Src/lidar.d" -MT"Core/Src/lidar.o" --specs=nano.specs -mfpu=fpv4-sp-d16 -mfloat-abi=hard -mthumb -o "Core/Src/lidar.o"
arm-none-eabi-gcc "../Core/Src/main.c" -mcpu=cortex-m4 -std=gnu11 -g3 -DDEBUG -DUSE_HAL_DRIVER -DSTM32L4R5xx -c -I../Core/Inc -I../Drivers/STM32L4xx_HAL_Driver/Inc -I../Drivers/STM32L4xx_HAL_Driver/Inc/Legacy -I../Drivers/CMSIS/Device/ST/STM32L4xx/Include -I../Drivers/CMSIS/Include -O0 -ffunction-sections -fdata-sections -Wall -fstack-usage -fcyclomatic-complexity -MMD -MP -MF"Core/Src/main.d" -MT"Core/Src/main.o" --specs=nano.specs -mfpu=fpv4-sp-d16 -mfloat-abi=hard -mthumb -o "Core/Src/main.o"
arm-none-eabi-gcc "../Core/Src/stm32l4xx_hal_msp.c" -mcpu=cortex-m4 -std=gnu11 -g3 -DDEBUG -DUSE_HAL_DRIVER -DSTM32L4R5xx -c -I../Core/Inc -I../Drivers/STM32L4xx_HAL_Driver/Inc -I../Drivers/STM32L4xx_HAL_Driver/Inc/Legacy -I../Drivers/CMSIS/Device/ST/STM32L4xx/Include -I../Drivers/CMSIS/Include -O0 -ffunction-sections -fdata-sections -Wall -fstack-usage -fcyclomatic-complexity -MMD -MP -MF"Core/Src/stm32l4xx_hal_msp.d" -MT"Core/Src/stm32l4xx_hal_msp.o" --specs=nano.specs -mfpu=fpv4-sp-d16 -mfloat-abi=hard -mthumb -o "Core/Src/stm32l4xx_hal_msp.o"
arm-none-eabi-gcc "../Core/Src/stm32l4xx_it.c" -mcpu=cortex-m4 -std=gnu11 -g3 -DDEBUG -DUSE_HAL_DRIVER -DSTM32L4R5xx -c -I../Core/Inc -I../Drivers/STM32L4xx_HAL_Driver/Inc -I../Drivers/STM32L4xx_HAL_Driver/Inc/Legacy -I../Drivers/CMSIS/Device/ST/STM32L4xx/Include -I../Drivers/CMSIS/Include -O0 -ffunction-sections -fdata-sections -Wall -fstack-usage -fcyclomatic-complexity -MMD -MP -MF"Core/Src/stm32l4xx_it.d" -MT"Core/Src/stm32l4xx_it.o" --specs=nano.specs -mfpu=fpv4-sp-d16 -mfloat-abi=hard -mthumb -o "Core/Src/stm32l4xx_it.o"
arm-none-eabi-gcc "../Core/Src/syscalls.c" -mcpu=cortex-m4 -std=gnu11 -g3 -DDEBUG -DUSE_HAL_DRIVER -DSTM32L4R5xx -c -I../Core/Inc -I../Drivers/STM32L4xx_HAL_Driver/Inc -I../Drivers/STM32L4xx_HAL_Driver/Inc/Legacy -I../Drivers/CMSIS/Device/ST/STM32L4xx/Include -I../Drivers/CMSIS/Include -O0 -ffunction-sections -fdata-sections -Wall -fstack-usage -fcyclomatic-complexity -MMD -MP -MF"Core/Src/syscalls.d" -MT"Core/Src/syscalls.o" --specs=nano.specs -mfpu=fpv4-sp-d16 -mfloat-abi=hard -mthumb -o "Core/Src/syscalls.o"
arm-none-eabi-gcc "../Core/Src/sysmem.c" -mcpu=cortex-m4 -std=gnu11 -g3 -DDEBUG -DUSE_HAL_DRIVER -DSTM32L4R5xx -c -I../Core/Inc -I../Drivers/STM32L4xx_HAL_Driver/Inc -I../Drivers/STM32L4xx_HAL_Driver/Inc/Legacy -I../Drivers/CMSIS/Device/ST/STM32L4xx/Include -I../Drivers/CMSIS/Include -O0 -ffunction-sections -fdata-sections -Wall -fstack-usage -fcyclomatic-complexity -MMD -MP -MF"Core/Src/sysmem.d" -MT"Core/Src/sysmem.o" --specs=nano.specs -mfpu=fpv4-sp-d16 -mfloat-abi=hard -mthumb -o "Core/Src/sysmem.o"
arm-none-eabi-gcc "../Core/Src/system_stm32l4xx.c" -mcpu=cortex-m4 -std=gnu11 -g3 -DDEBUG -DUSE_HAL_DRIVER -DSTM32L4R5xx -c -I../Core/Inc -I../Drivers/STM32L4xx_HAL_Driver/Inc -I../Drivers/STM32L4xx_HAL_Driver/Inc/Legacy -I../Drivers/CMSIS/Device/ST/STM32L4xx/Include -I../Drivers/CMSIS/Include -O0 -ffunction-sections -fdata-sections -Wall -fstack-usage -fcyclomatic-complexity -MMD -MP -MF"Core/Src/system_stm32l4xx.d" -MT"Core/Src/system_stm32l4xx.o" --specs=nano.specs -mfpu=fpv4-sp-d16 -mfloat-abi=hard -mthumb -o "Core/Src/system_stm32l4xx.o"
../Core/Src/main.c: In function 'main':
../Core/Src/main.c:100:3: warning: implicit declaration of function 'send_express_scan_command' [-Wimplicit-function-declaration]
  100 |   send_express_scan_command(&huart3);
      |   ^~~~~~~~~~~~~~~~~~~~~~~~~
../Core/Src/main.c:110:10: warning: implicit declaration of function 'decode_express_capsule' [-Wimplicit-function-declaration]
  110 |          decode_express_capsule(capsule_data);
      |          ^~~~~~~~~~~~~~~~~~~~~~
../Core/Src/lidar.c: In function 'decode_express_capsule':
../Core/Src/lidar.c:46:10: warning: unused variable 'new_scan' [-Wunused-variable]
   46 |     bool new_scan = (capsule_data[3] & 0x80) != 0;
      |          ^~~~~~~~
arm-none-eabi-gcc -o "373_Final_Project.elf" @"objects.list"   -mcpu=cortex-m4 -T"N:\EECS373-CubeIDE-Workspace\373_Final_Project\STM32L4R5ZITXP_FLASH.ld" --specs=nosys.specs -Wl,-Map="373_Final_Project.map" -Wl,--gc-sections -static --specs=nano.specs -mfpu=fpv4-sp-d16 -mfloat-abi=hard -mthumb -u _printf_float -Wl,--start-group -lc -lm -Wl,--end-group
Finished building target: 373_Final_Project.elf
 
arm-none-eabi-size  373_Final_Project.elf 
arm-none-eabi-objdump -h -S 373_Final_Project.elf  > "373_Final_Project.list"
   text	   data	    bss	    dec	    hex	filename
  32416	    468	   2388	  35272	   89c8	373_Final_Project.elf
Finished building: default.size.stdout
 
Finished building: 373_Final_Project.list
 
19:28:10 **** Incremental Build of configuration Debug for project 373_Final_Project ****
make -j12 all 
arm-none-eabi-size  373_Final_Project.elf 
   text	   data	    bss	    dec	    hex	filename
  32416	    468	   2388	  35272	   89c8	373_Final_Project.elf
Finished building: default.size.stdout
 
19:29:12 **** Incremental Build of configuration Debug for project 373_Final_Project ****
make -j12 all 
arm-none-eabi-gcc "../Core/Src/main.c" -mcpu=cortex-m4 -std=gnu11 -g3 -DDEBUG -DUSE_HAL_DRIVER -DSTM32L4R5xx -c -I../Core/Inc -I../Drivers/STM32L4xx_HAL_Driver/Inc -I../Drivers/STM32L4xx_HAL_Driver/Inc/Legacy -I../Drivers/CMSIS/Device/ST/STM32L4xx/Include -I../Drivers/CMSIS/Include -O0 -ffunction-sections -fdata-sections -Wall -fstack-usage -fcyclomatic-complexity -MMD -MP -MF"Core/Src/main.d" -MT"Core/Src/main.o" --specs=nano.specs -mfpu=fpv4-sp-d16 -mfloat-abi=hard -mthumb -o "Core/Src/main.o"
arm-none-eabi-gcc -o "373_Final_Project.elf" @"objects.list"   -mcpu=cortex-m4 -T"N:\EECS373-CubeIDE-Workspace\373_Final_Project\STM32L4R5ZITXP_FLASH.ld" --specs=nosys.specs -Wl,-Map="373_Final_Project.map" -Wl,--gc-sections -static --specs=nano.specs -mfpu=fpv4-sp-d16 -mfloat-abi=hard -mthumb -u _printf_float -Wl,--start-group -lc -lm -Wl,--end-group
Finished building target: 373_Final_Project.elf
 
arm-none-eabi-size  373_Final_Project.elf 
arm-none-eabi-objdump -h -S 373_Final_Project.elf  > "373_Final_Project.list"
   text	   data	    bss	    dec	    hex	filename
  32416	    468	   2388	  35272	   89c8	373_Final_Project.elf
Finished building: default.size.stdout
 
Finished building: 373_Final_Project.list
 
19:29:44 **** Incremental Build of configuration Debug for project 373_Final_Project ****
make -j12 all 
arm-none-eabi-size  373_Final_Project.elf 
   text	   data	    bss	    dec	    hex	filename
  32416	    468	   2388	  35272	   89c8	373_Final_Project.elf
Finished building: default.size.stdout
 
19:35:56 **** Incremental Build of configuration Debug for project 373_Final_Project ****
make -j12 all 
arm-none-eabi-gcc "../Core/Src/main.c" -mcpu=cortex-m4 -std=gnu11 -g3 -DDEBUG -DUSE_HAL_DRIVER -DSTM32L4R5xx -c -I../Core/Inc -I../Drivers/STM32L4xx_HAL_Driver/Inc -I../Drivers/STM32L4xx_HAL_Driver/Inc/Legacy -I../Drivers/CMSIS/Device/ST/STM32L4xx/Include -I../Drivers/CMSIS/Include -O0 -ffunction-sections -fdata-sections -Wall -fstack-usage -fcyclomatic-complexity -MMD -MP -MF"Core/Src/main.d" -MT"Core/Src/main.o" --specs=nano.specs -mfpu=fpv4-sp-d16 -mfloat-abi=hard -mthumb -o "Core/Src/main.o"
arm-none-eabi-gcc -o "373_Final_Project.elf" @"objects.list"   -mcpu=cortex-m4 -T"N:\EECS373-CubeIDE-Workspace\373_Final_Project\STM32L4R5ZITXP_FLASH.ld" --specs=nosys.specs -Wl,-Map="373_Final_Project.map" -Wl,--gc-sections -static --specs=nano.specs -mfpu=fpv4-sp-d16 -mfloat-abi=hard -mthumb -u _printf_float -Wl,--start-group -lc -lm -Wl,--end-group
Finished building target: 373_Final_Project.elf
 
arm-none-eabi-size  373_Final_Project.elf 
arm-none-eabi-objdump -h -S 373_Final_Project.elf  > "373_Final_Project.list"
   text	   data	    bss	    dec	    hex	filename
  32464	    468	   2388	  35320	   89f8	373_Final_Project.elf
Finished building: default.size.stdout
 
Finished building: 373_Final_Project.list
 
19:36:08 **** Incremental Build of configuration Debug for project 373_Final_Project ****
make -j12 all 
arm-none-eabi-size  373_Final_Project.elf 
   text	   data	    bss	    dec	    hex	filename
  32464	    468	   2388	  35320	   89f8	373_Final_Project.elf
Finished building: default.size.stdout
 
19:36:40 **** Incremental Build of configuration Debug for project 373_Final_Project ****
make -j12 all 
arm-none-eabi-size  373_Final_Project.elf 
   text	   data	    bss	    dec	    hex	filename
  32464	    468	   2388	  35320	   89f8	373_Final_Project.elf
Finished building: default.size.stdout
 
19:36:47 **** Incremental Build of configuration Debug for project 373_Final_Project ****
make -j12 all 
arm-none-eabi-size  373_Final_Project.elf 
   text	   data	    bss	    dec	    hex	filename
  32464	    468	   2388	  35320	   89f8	373_Final_Project.elf
Finished building: default.size.stdout
 
19:50:02 **** Incremental Build of configuration Debug for project 373_Final_Project ****
make -j12 all 
arm-none-eabi-size  373_Final_Project.elf 
   text	   data	    bss	    dec	    hex	filename
  32464	    468	   2388	  35320	   89f8	373_Final_Project.elf
Finished building: default.size.stdout
 
19:53:28 **** Incremental Build of configuration Debug for project 373_Final_Project ****
make -j12 all 
arm-none-eabi-gcc "../Core/Src/main.c" -mcpu=cortex-m4 -std=gnu11 -g3 -DDEBUG -DUSE_HAL_DRIVER -DSTM32L4R5xx -c -I../Core/Inc -I../Drivers/STM32L4xx_HAL_Driver/Inc -I../Drivers/STM32L4xx_HAL_Driver/Inc/Legacy -I../Drivers/CMSIS/Device/ST/STM32L4xx/Include -I../Drivers/CMSIS/Include -O0 -ffunction-sections -fdata-sections -Wall -fstack-usage -fcyclomatic-complexity -MMD -MP -MF"Core/Src/main.d" -MT"Core/Src/main.o" --specs=nano.specs -mfpu=fpv4-sp-d16 -mfloat-abi=hard -mthumb -o "Core/Src/main.o"
../Core/Src/main.c: In function 'main':
../Core/Src/main.c:83:11: warning: unused variable 'response_descriptor' [-Wunused-variable]
   83 |   uint8_t response_descriptor[7];
      |           ^~~~~~~~~~~~~~~~~~~
arm-none-eabi-gcc -o "373_Final_Project.elf" @"objects.list"   -mcpu=cortex-m4 -T"N:\EECS373-CubeIDE-Workspace\373_Final_Project\STM32L4R5ZITXP_FLASH.ld" --specs=nosys.specs -Wl,-Map="373_Final_Project.map" -Wl,--gc-sections -static --specs=nano.specs -mfpu=fpv4-sp-d16 -mfloat-abi=hard -mthumb -u _printf_float -Wl,--start-group -lc -lm -Wl,--end-group
Finished building target: 373_Final_Project.elf
 
arm-none-eabi-size  373_Final_Project.elf 
arm-none-eabi-objdump -h -S 373_Final_Project.elf  > "373_Final_Project.list"
   text	   data	    bss	    dec	    hex	filename
  32448	    468	   2388	  35304	   89e8	373_Final_Project.elf
Finished building: default.size.stdout
 
Finished building: 373_Final_Project.list
 
19:54:45 **** Incremental Build of configuration Debug for project 373_Final_Project ****
make -j12 all 
arm-none-eabi-size  373_Final_Project.elf 
   text	   data	    bss	    dec	    hex	filename
  32448	    468	   2388	  35304	   89e8	373_Final_Project.elf
Finished building: default.size.stdout
 
20:02:46 **** Incremental Build of configuration Debug for project 373_Final_Project ****
make -j12 all 
arm-none-eabi-gcc "../Core/Src/lidar.c" -mcpu=cortex-m4 -std=gnu11 -g3 -DDEBUG -DUSE_HAL_DRIVER -DSTM32L4R5xx -c -I../Core/Inc -I../Drivers/STM32L4xx_HAL_Driver/Inc -I../Drivers/STM32L4xx_HAL_Driver/Inc/Legacy -I../Drivers/CMSIS/Device/ST/STM32L4xx/Include -I../Drivers/CMSIS/Include -O0 -ffunction-sections -fdata-sections -Wall -fstack-usage -fcyclomatic-complexity -MMD -MP -MF"Core/Src/lidar.d" -MT"Core/Src/lidar.o" --specs=nano.specs -mfpu=fpv4-sp-d16 -mfloat-abi=hard -mthumb -o "Core/Src/lidar.o"
arm-none-eabi-gcc "../Core/Src/main.c" -mcpu=cortex-m4 -std=gnu11 -g3 -DDEBUG -DUSE_HAL_DRIVER -DSTM32L4R5xx -c -I../Core/Inc -I../Drivers/STM32L4xx_HAL_Driver/Inc -I../Drivers/STM32L4xx_HAL_Driver/Inc/Legacy -I../Drivers/CMSIS/Device/ST/STM32L4xx/Include -I../Drivers/CMSIS/Include -O0 -ffunction-sections -fdata-sections -Wall -fstack-usage -fcyclomatic-complexity -MMD -MP -MF"Core/Src/main.d" -MT"Core/Src/main.o" --specs=nano.specs -mfpu=fpv4-sp-d16 -mfloat-abi=hard -mthumb -o "Core/Src/main.o"
../Core/Src/lidar.c: In function 'decode_express_capsule':
../Core/Src/lidar.c:38:10: warning: unused variable 'new_scan' [-Wunused-variable]
   38 |     bool new_scan = (capsule_data[3] & 0x80) != 0;
      |          ^~~~~~~~
../Core/Src/main.c: In function 'main':
../Core/Src/main.c:83:11: warning: unused variable 'response_descriptor' [-Wunused-variable]
   83 |   uint8_t response_descriptor[7];
      |           ^~~~~~~~~~~~~~~~~~~
arm-none-eabi-gcc -o "373_Final_Project.elf" @"objects.list"   -mcpu=cortex-m4 -T"N:\EECS373-CubeIDE-Workspace\373_Final_Project\STM32L4R5ZITXP_FLASH.ld" --specs=nosys.specs -Wl,-Map="373_Final_Project.map" -Wl,--gc-sections -static --specs=nano.specs -mfpu=fpv4-sp-d16 -mfloat-abi=hard -mthumb -u _printf_float -Wl,--start-group -lc -lm -Wl,--end-group
C:/ST/STM32CubeIDE_1.19.0/STM32CubeIDE/plugins/com.st.stm32cube.ide.mcu.externaltools.gnu-tools-for-stm32.13.3.rel1.win32_1.0.0.202411081344/tools/bin/../lib/gcc/arm-none-eabi/13.3.1/../../../../arm-none-eabi/bin/ld.exe: ./Core/Src/main.o:N:/EECS373-CubeIDE-Workspace/373_Final_Project/Debug/../Core/Inc/lidar.h:15: multiple definition of `packet'; ./Core/Src/lidar.o:N:/EECS373-CubeIDE-Workspace/373_Final_Project/Debug/../Core/Inc/lidar.h:15: first defined here
collect2.exe: error: ld returned 1 exit status
make: *** [makefile:64: 373_Final_Project.elf] Error 1
"make -j12 all" terminated with exit code 2. Build might be incomplete.
20:03:57 **** Incremental Build of configuration Debug for project 373_Final_Project ****
make -j12 all 
arm-none-eabi-gcc "../Core/Src/lidar.c" -mcpu=cortex-m4 -std=gnu11 -g3 -DDEBUG -DUSE_HAL_DRIVER -DSTM32L4R5xx -c -I../Core/Inc -I../Drivers/STM32L4xx_HAL_Driver/Inc -I../Drivers/STM32L4xx_HAL_Driver/Inc/Legacy -I../Drivers/CMSIS/Device/ST/STM32L4xx/Include -I../Drivers/CMSIS/Include -O0 -ffunction-sections -fdata-sections -Wall -fstack-usage -fcyclomatic-complexity -MMD -MP -MF"Core/Src/lidar.d" -MT"Core/Src/lidar.o" --specs=nano.specs -mfpu=fpv4-sp-d16 -mfloat-abi=hard -mthumb -o "Core/Src/lidar.o"
arm-none-eabi-gcc "../Core/Src/main.c" -mcpu=cortex-m4 -std=gnu11 -g3 -DDEBUG -DUSE_HAL_DRIVER -DSTM32L4R5xx -c -I../Core/Inc -I../Drivers/STM32L4xx_HAL_Driver/Inc -I../Drivers/STM32L4xx_HAL_Driver/Inc/Legacy -I../Drivers/CMSIS/Device/ST/STM32L4xx/Include -I../Drivers/CMSIS/Include -O0 -ffunction-sections -fdata-sections -Wall -fstack-usage -fcyclomatic-complexity -MMD -MP -MF"Core/Src/main.d" -MT"Core/Src/main.o" --specs=nano.specs -mfpu=fpv4-sp-d16 -mfloat-abi=hard -mthumb -o "Core/Src/main.o"
In file included from ../Core/Src/lidar.c:8:
../Core/Inc/lidar.h:15:22: warning: 'packet' initialized and declared 'extern'
   15 | extern const uint8_t packet[9] = {
      |                      ^~~~~~
../Core/Src/lidar.c: In function 'decode_express_capsule':
../Core/Src/lidar.c:38:10: warning: unused variable 'new_scan' [-Wunused-variable]
   38 |     bool new_scan = (capsule_data[3] & 0x80) != 0;
      |          ^~~~~~~~
In file included from ../Core/Src/main.c:24:
../Core/Inc/lidar.h:15:22: warning: 'packet' initialized and declared 'extern'
   15 | extern const uint8_t packet[9] = {
      |                      ^~~~~~
../Core/Src/main.c: In function 'main':
../Core/Src/main.c:83:11: warning: unused variable 'response_descriptor' [-Wunused-variable]
   83 |   uint8_t response_descriptor[7];
      |           ^~~~~~~~~~~~~~~~~~~
arm-none-eabi-gcc -o "373_Final_Project.elf" @"objects.list"   -mcpu=cortex-m4 -T"N:\EECS373-CubeIDE-Workspace\373_Final_Project\STM32L4R5ZITXP_FLASH.ld" --specs=nosys.specs -Wl,-Map="373_Final_Project.map" -Wl,--gc-sections -static --specs=nano.specs -mfpu=fpv4-sp-d16 -mfloat-abi=hard -mthumb -u _printf_float -Wl,--start-group -lc -lm -Wl,--end-group
C:/ST/STM32CubeIDE_1.19.0/STM32CubeIDE/plugins/com.st.stm32cube.ide.mcu.externaltools.gnu-tools-for-stm32.13.3.rel1.win32_1.0.0.202411081344/tools/bin/../lib/gcc/arm-none-eabi/13.3.1/../../../../arm-none-eabi/bin/ld.exe: ./Core/Src/main.o:N:/EECS373-CubeIDE-Workspace/373_Final_Project/Debug/../Core/Inc/lidar.h:15: multiple definition of `packet'; ./Core/Src/lidar.o:N:/EECS373-CubeIDE-Workspace/373_Final_Project/Debug/../Core/Inc/lidar.h:15: first defined here
collect2.exe: error: ld returned 1 exit status
make: *** [makefile:64: 373_Final_Project.elf] Error 1
"make -j12 all" terminated with exit code 2. Build might be incomplete.
20:06:38 **** Incremental Build of configuration Debug for project 373_Final_Project ****
make -j12 all 
arm-none-eabi-gcc "../Core/Src/lidar.c" -mcpu=cortex-m4 -std=gnu11 -g3 -DDEBUG -DUSE_HAL_DRIVER -DSTM32L4R5xx -c -I../Core/Inc -I../Drivers/STM32L4xx_HAL_Driver/Inc -I../Drivers/STM32L4xx_HAL_Driver/Inc/Legacy -I../Drivers/CMSIS/Device/ST/STM32L4xx/Include -I../Drivers/CMSIS/Include -O0 -ffunction-sections -fdata-sections -Wall -fstack-usage -fcyclomatic-complexity -MMD -MP -MF"Core/Src/lidar.d" -MT"Core/Src/lidar.o" --specs=nano.specs -mfpu=fpv4-sp-d16 -mfloat-abi=hard -mthumb -o "Core/Src/lidar.o"
arm-none-eabi-gcc "../Core/Src/main.c" -mcpu=cortex-m4 -std=gnu11 -g3 -DDEBUG -DUSE_HAL_DRIVER -DSTM32L4R5xx -c -I../Core/Inc -I../Drivers/STM32L4xx_HAL_Driver/Inc -I../Drivers/STM32L4xx_HAL_Driver/Inc/Legacy -I../Drivers/CMSIS/Device/ST/STM32L4xx/Include -I../Drivers/CMSIS/Include -O0 -ffunction-sections -fdata-sections -Wall -fstack-usage -fcyclomatic-complexity -MMD -MP -MF"Core/Src/main.d" -MT"Core/Src/main.o" --specs=nano.specs -mfpu=fpv4-sp-d16 -mfloat-abi=hard -mthumb -o "Core/Src/main.o"
In file included from ../Core/Src/lidar.c:8:
../Core/Inc/lidar.h:15:22: warning: 'express_scan' initialized and declared 'extern'
   15 | extern const uint8_t express_scan[9] = {
      |                      ^~~~~~~~~~~~
../Core/Src/lidar.c: In function 'decode_express_capsule':
../Core/Src/lidar.c:38:10: warning: unused variable 'new_scan' [-Wunused-variable]
   38 |     bool new_scan = (capsule_data[3] & 0x80) != 0;
      |          ^~~~~~~~
In file included from ../Core/Src/main.c:24:
../Core/Inc/lidar.h:15:22: warning: 'express_scan' initialized and declared 'extern'
   15 | extern const uint8_t express_scan[9] = {
      |                      ^~~~~~~~~~~~
../Core/Src/main.c: In function 'main':
../Core/Src/main.c:83:11: warning: unused variable 'response_descriptor' [-Wunused-variable]
   83 |   uint8_t response_descriptor[7];
      |           ^~~~~~~~~~~~~~~~~~~
arm-none-eabi-gcc -o "373_Final_Project.elf" @"objects.list"   -mcpu=cortex-m4 -T"N:\EECS373-CubeIDE-Workspace\373_Final_Project\STM32L4R5ZITXP_FLASH.ld" --specs=nosys.specs -Wl,-Map="373_Final_Project.map" -Wl,--gc-sections -static --specs=nano.specs -mfpu=fpv4-sp-d16 -mfloat-abi=hard -mthumb -u _printf_float -Wl,--start-group -lc -lm -Wl,--end-group
C:/ST/STM32CubeIDE_1.19.0/STM32CubeIDE/plugins/com.st.stm32cube.ide.mcu.externaltools.gnu-tools-for-stm32.13.3.rel1.win32_1.0.0.202411081344/tools/bin/../lib/gcc/arm-none-eabi/13.3.1/../../../../arm-none-eabi/bin/ld.exe: ./Core/Src/main.o:N:/EECS373-CubeIDE-Workspace/373_Final_Project/Debug/../Core/Inc/lidar.h:15: multiple definition of `express_scan'; ./Core/Src/lidar.o:N:/EECS373-CubeIDE-Workspace/373_Final_Project/Debug/../Core/Inc/lidar.h:15: first defined here
collect2.exe: error: ld returned 1 exit status
make: *** [makefile:64: 373_Final_Project.elf] Error 1
"make -j12 all" terminated with exit code 2. Build might be incomplete.
20:07:13 **** Incremental Build of configuration Debug for project 373_Final_Project ****
make -j12 all 
arm-none-eabi-gcc "../Core/Src/lidar.c" -mcpu=cortex-m4 -std=gnu11 -g3 -DDEBUG -DUSE_HAL_DRIVER -DSTM32L4R5xx -c -I../Core/Inc -I../Drivers/STM32L4xx_HAL_Driver/Inc -I../Drivers/STM32L4xx_HAL_Driver/Inc/Legacy -I../Drivers/CMSIS/Device/ST/STM32L4xx/Include -I../Drivers/CMSIS/Include -O0 -ffunction-sections -fdata-sections -Wall -fstack-usage -fcyclomatic-complexity -MMD -MP -MF"Core/Src/lidar.d" -MT"Core/Src/lidar.o" --specs=nano.specs -mfpu=fpv4-sp-d16 -mfloat-abi=hard -mthumb -o "Core/Src/lidar.o"
arm-none-eabi-gcc "../Core/Src/main.c" -mcpu=cortex-m4 -std=gnu11 -g3 -DDEBUG -DUSE_HAL_DRIVER -DSTM32L4R5xx -c -I../Core/Inc -I../Drivers/STM32L4xx_HAL_Driver/Inc -I../Drivers/STM32L4xx_HAL_Driver/Inc/Legacy -I../Drivers/CMSIS/Device/ST/STM32L4xx/Include -I../Drivers/CMSIS/Include -O0 -ffunction-sections -fdata-sections -Wall -fstack-usage -fcyclomatic-complexity -MMD -MP -MF"Core/Src/main.d" -MT"Core/Src/main.o" --specs=nano.specs -mfpu=fpv4-sp-d16 -mfloat-abi=hard -mthumb -o "Core/Src/main.o"
../Core/Src/lidar.c: In function 'decode_express_capsule':
../Core/Src/lidar.c:38:10: warning: unused variable 'new_scan' [-Wunused-variable]
   38 |     bool new_scan = (capsule_data[3] & 0x80) != 0;
      |          ^~~~~~~~
../Core/Src/main.c: In function 'main':
../Core/Src/main.c:83:11: warning: unused variable 'response_descriptor' [-Wunused-variable]
   83 |   uint8_t response_descriptor[7];
      |           ^~~~~~~~~~~~~~~~~~~
arm-none-eabi-gcc -o "373_Final_Project.elf" @"objects.list"   -mcpu=cortex-m4 -T"N:\EECS373-CubeIDE-Workspace\373_Final_Project\STM32L4R5ZITXP_FLASH.ld" --specs=nosys.specs -Wl,-Map="373_Final_Project.map" -Wl,--gc-sections -static --specs=nano.specs -mfpu=fpv4-sp-d16 -mfloat-abi=hard -mthumb -u _printf_float -Wl,--start-group -lc -lm -Wl,--end-group
C:/ST/STM32CubeIDE_1.19.0/STM32CubeIDE/plugins/com.st.stm32cube.ide.mcu.externaltools.gnu-tools-for-stm32.13.3.rel1.win32_1.0.0.202411081344/tools/bin/../lib/gcc/arm-none-eabi/13.3.1/../../../../arm-none-eabi/bin/ld.exe: ./Core/Src/main.o:N:/EECS373-CubeIDE-Workspace/373_Final_Project/Debug/../Core/Inc/lidar.h:15: multiple definition of `express_scan'; ./Core/Src/lidar.o:N:/EECS373-CubeIDE-Workspace/373_Final_Project/Debug/../Core/Inc/lidar.h:15: first defined here
collect2.exe: error: ld returned 1 exit status
make: *** [makefile:64: 373_Final_Project.elf] Error 1
"make -j12 all" terminated with exit code 2. Build might be incomplete.
20:07:47 **** Incremental Build of configuration Debug for project 373_Final_Project ****
make -j12 all 
arm-none-eabi-gcc "../Core/Src/lidar.c" -mcpu=cortex-m4 -std=gnu11 -g3 -DDEBUG -DUSE_HAL_DRIVER -DSTM32L4R5xx -c -I../Core/Inc -I../Drivers/STM32L4xx_HAL_Driver/Inc -I../Drivers/STM32L4xx_HAL_Driver/Inc/Legacy -I../Drivers/CMSIS/Device/ST/STM32L4xx/Include -I../Drivers/CMSIS/Include -O0 -ffunction-sections -fdata-sections -Wall -fstack-usage -fcyclomatic-complexity -MMD -MP -MF"Core/Src/lidar.d" -MT"Core/Src/lidar.o" --specs=nano.specs -mfpu=fpv4-sp-d16 -mfloat-abi=hard -mthumb -o "Core/Src/lidar.o"
arm-none-eabi-gcc "../Core/Src/main.c" -mcpu=cortex-m4 -std=gnu11 -g3 -DDEBUG -DUSE_HAL_DRIVER -DSTM32L4R5xx -c -I../Core/Inc -I../Drivers/STM32L4xx_HAL_Driver/Inc -I../Drivers/STM32L4xx_HAL_Driver/Inc/Legacy -I../Drivers/CMSIS/Device/ST/STM32L4xx/Include -I../Drivers/CMSIS/Include -O0 -ffunction-sections -fdata-sections -Wall -fstack-usage -fcyclomatic-complexity -MMD -MP -MF"Core/Src/main.d" -MT"Core/Src/main.o" --specs=nano.specs -mfpu=fpv4-sp-d16 -mfloat-abi=hard -mthumb -o "Core/Src/main.o"
../Core/Src/lidar.c: In function 'decode_express_capsule':
../Core/Src/lidar.c:47:10: warning: unused variable 'new_scan' [-Wunused-variable]
   47 |     bool new_scan = (capsule_data[3] & 0x80) != 0;
      |          ^~~~~~~~
../Core/Src/main.c: In function 'main':
../Core/Src/main.c:83:11: warning: unused variable 'response_descriptor' [-Wunused-variable]
   83 |   uint8_t response_descriptor[7];
      |           ^~~~~~~~~~~~~~~~~~~
arm-none-eabi-gcc -o "373_Final_Project.elf" @"objects.list"   -mcpu=cortex-m4 -T"N:\EECS373-CubeIDE-Workspace\373_Final_Project\STM32L4R5ZITXP_FLASH.ld" --specs=nosys.specs -Wl,-Map="373_Final_Project.map" -Wl,--gc-sections -static --specs=nano.specs -mfpu=fpv4-sp-d16 -mfloat-abi=hard -mthumb -u _printf_float -Wl,--start-group -lc -lm -Wl,--end-group
Finished building target: 373_Final_Project.elf
 
arm-none-eabi-size  373_Final_Project.elf 
arm-none-eabi-objdump -h -S 373_Final_Project.elf  > "373_Final_Project.list"
   text	   data	    bss	    dec	    hex	filename
  32440	    468	   2388	  35296	   89e0	373_Final_Project.elf
Finished building: default.size.stdout
 
Finished building: 373_Final_Project.list
 
20:08:05 **** Incremental Build of configuration Debug for project 373_Final_Project ****
make -j12 all 
arm-none-eabi-size  373_Final_Project.elf 
   text	   data	    bss	    dec	    hex	filename
  32440	    468	   2388	  35296	   89e0	373_Final_Project.elf
Finished building: default.size.stdout
 
20:08:24 **** Incremental Build of configuration Debug for project 373_Final_Project ****
make -j12 all 
arm-none-eabi-size  373_Final_Project.elf 
   text	   data	    bss	    dec	    hex	filename
  32440	    468	   2388	  35296	   89e0	373_Final_Project.elf
Finished building: default.size.stdout
 
20:11:02 **** Incremental Build of configuration Debug for project 373_Final_Project ****
make -j12 all 
arm-none-eabi-gcc "../Core/Src/lidar.c" -mcpu=cortex-m4 -std=gnu11 -g3 -DDEBUG -DUSE_HAL_DRIVER -DSTM32L4R5xx -c -I../Core/Inc -I../Drivers/STM32L4xx_HAL_Driver/Inc -I../Drivers/STM32L4xx_HAL_Driver/Inc/Legacy -I../Drivers/CMSIS/Device/ST/STM32L4xx/Include -I../Drivers/CMSIS/Include -O0 -ffunction-sections -fdata-sections -Wall -fstack-usage -fcyclomatic-complexity -MMD -MP -MF"Core/Src/lidar.d" -MT"Core/Src/lidar.o" --specs=nano.specs -mfpu=fpv4-sp-d16 -mfloat-abi=hard -mthumb -o "Core/Src/lidar.o"
../Core/Src/lidar.c: In function 'decode_express_capsule':
../Core/Src/lidar.c:47:10: warning: unused variable 'new_scan' [-Wunused-variable]
   47 |     bool new_scan = (capsule_data[3] & 0x80) != 0;
      |          ^~~~~~~~
arm-none-eabi-gcc -o "373_Final_Project.elf" @"objects.list"   -mcpu=cortex-m4 -T"N:\EECS373-CubeIDE-Workspace\373_Final_Project\STM32L4R5ZITXP_FLASH.ld" --specs=nosys.specs -Wl,-Map="373_Final_Project.map" -Wl,--gc-sections -static --specs=nano.specs -mfpu=fpv4-sp-d16 -mfloat-abi=hard -mthumb -u _printf_float -Wl,--start-group -lc -lm -Wl,--end-group
Finished building target: 373_Final_Project.elf
 
arm-none-eabi-size  373_Final_Project.elf 
arm-none-eabi-objdump -h -S 373_Final_Project.elf  > "373_Final_Project.list"
   text	   data	    bss	    dec	    hex	filename
  32440	    468	   2388	  35296	   89e0	373_Final_Project.elf
Finished building: default.size.stdout
 
Finished building: 373_Final_Project.list
 
20:11:16 **** Incremental Build of configuration Debug for project 373_Final_Project ****
make -j12 all 
arm-none-eabi-size  373_Final_Project.elf 
   text	   data	    bss	    dec	    hex	filename
  32440	    468	   2388	  35296	   89e0	373_Final_Project.elf
Finished building: default.size.stdout
 
20:11:31 **** Incremental Build of configuration Debug for project 373_Final_Project ****
make -j12 all 
arm-none-eabi-size  373_Final_Project.elf 
   text	   data	    bss	    dec	    hex	filename
  32440	    468	   2388	  35296	   89e0	373_Final_Project.elf
Finished building: default.size.stdout
 
20:35:08 **** Incremental Build of configuration Debug for project 373_Final_Project ****
make -j12 all 
arm-none-eabi-gcc "../Core/Src/main.c" -mcpu=cortex-m4 -std=gnu11 -g3 -DDEBUG -DUSE_HAL_DRIVER -DSTM32L4R5xx -c -I../Core/Inc -I../Drivers/STM32L4xx_HAL_Driver/Inc -I../Drivers/STM32L4xx_HAL_Driver/Inc/Legacy -I../Drivers/CMSIS/Device/ST/STM32L4xx/Include -I../Drivers/CMSIS/Include -O0 -ffunction-sections -fdata-sections -Wall -fstack-usage -fcyclomatic-complexity -MMD -MP -MF"Core/Src/main.d" -MT"Core/Src/main.o" --specs=nano.specs -mfpu=fpv4-sp-d16 -mfloat-abi=hard -mthumb -o "Core/Src/main.o"
arm-none-eabi-gcc -o "373_Final_Project.elf" @"objects.list"   -mcpu=cortex-m4 -T"N:\EECS373-CubeIDE-Workspace\373_Final_Project\STM32L4R5ZITXP_FLASH.ld" --specs=nosys.specs -Wl,-Map="373_Final_Project.map" -Wl,--gc-sections -static --specs=nano.specs -mfpu=fpv4-sp-d16 -mfloat-abi=hard -mthumb -u _printf_float -Wl,--start-group -lc -lm -Wl,--end-group
Finished building target: 373_Final_Project.elf
 
arm-none-eabi-size  373_Final_Project.elf 
arm-none-eabi-objdump -h -S 373_Final_Project.elf  > "373_Final_Project.list"
   text	   data	    bss	    dec	    hex	filename
  32456	    468	   2388	  35312	   89f0	373_Final_Project.elf
Finished building: default.size.stdout
 
Finished building: 373_Final_Project.list
 
20:36:34 **** Incremental Build of configuration Debug for project 373_Final_Project ****
make -j12 all 
arm-none-eabi-size  373_Final_Project.elf 
   text	   data	    bss	    dec	    hex	filename
  32456	    468	   2388	  35312	   89f0	373_Final_Project.elf
Finished building: default.size.stdout
 
20:36:40 **** Incremental Build of configuration Debug for project 373_Final_Project ****
make -j12 all 
arm-none-eabi-size  373_Final_Project.elf 
   text	   data	    bss	    dec	    hex	filename
  32456	    468	   2388	  35312	   89f0	373_Final_Project.elf
Finished building: default.size.stdout
 
20:41:58 **** Incremental Build of configuration Debug for project 373_Final_Project ****
make -j12 all 
arm-none-eabi-size  373_Final_Project.elf 
   text	   data	    bss	    dec	    hex	filename
  32456	    468	   2388	  35312	   89f0	373_Final_Project.elf
Finished building: default.size.stdout
 
20:43:04 **** Incremental Build of configuration Debug for project 373_Final_Project ****
make -j12 all 
arm-none-eabi-size  373_Final_Project.elf 
   text	   data	    bss	    dec	    hex	filename
  32456	    468	   2388	  35312	   89f0	373_Final_Project.elf
Finished building: default.size.stdout
 
21:17:15 **** Incremental Build of configuration Debug for project 373_Final_Project ****
make -j12 all 
arm-none-eabi-size  373_Final_Project.elf 
   text	   data	    bss	    dec	    hex	filename
  32456	    468	   2388	  35312	   89f0	373_Final_Project.elf
Finished building: default.size.stdout
 
21:17:19 **** Incremental Build of configuration Debug for project 373_Final_Project ****
make -j12 all 
arm-none-eabi-size  373_Final_Project.elf 
   text	   data	    bss	    dec	    hex	filename
  32456	    468	   2388	  35312	   89f0	373_Final_Project.elf
Finished building: default.size.stdout
 
21:22:10 **** Incremental Build of configuration Debug for project 373_Final_Project ****
make -j12 all 
arm-none-eabi-gcc "../Core/Src/main.c" -mcpu=cortex-m4 -std=gnu11 -g3 -DDEBUG -DUSE_HAL_DRIVER -DSTM32L4R5xx -c -I../Core/Inc -I../Drivers/STM32L4xx_HAL_Driver/Inc -I../Drivers/STM32L4xx_HAL_Driver/Inc/Legacy -I../Drivers/CMSIS/Device/ST/STM32L4xx/Include -I../Drivers/CMSIS/Include -O0 -ffunction-sections -fdata-sections -Wall -fstack-usage -fcyclomatic-complexity -MMD -MP -MF"Core/Src/main.d" -MT"Core/Src/main.o" --specs=nano.specs -mfpu=fpv4-sp-d16 -mfloat-abi=hard -mthumb -o "Core/Src/main.o"
arm-none-eabi-gcc -o "373_Final_Project.elf" @"objects.list"   -mcpu=cortex-m4 -T"N:\EECS373-CubeIDE-Workspace\373_Final_Project\STM32L4R5ZITXP_FLASH.ld" --specs=nosys.specs -Wl,-Map="373_Final_Project.map" -Wl,--gc-sections -static --specs=nano.specs -mfpu=fpv4-sp-d16 -mfloat-abi=hard -mthumb -u _printf_float -Wl,--start-group -lc -lm -Wl,--end-group
Finished building target: 373_Final_Project.elf
 
arm-none-eabi-size  373_Final_Project.elf 
arm-none-eabi-objdump -h -S 373_Final_Project.elf  > "373_Final_Project.list"
   text	   data	    bss	    dec	    hex	filename
  32400	    468	   2388	  35256	   89b8	373_Final_Project.elf
Finished building: default.size.stdout
 
Finished building: 373_Final_Project.list
 
21:23:42 **** Incremental Build of configuration Debug for project 373_Final_Project ****
make -j12 all 
arm-none-eabi-gcc "../Core/Src/main.c" -mcpu=cortex-m4 -std=gnu11 -g3 -DDEBUG -DUSE_HAL_DRIVER -DSTM32L4R5xx -c -I../Core/Inc -I../Drivers/STM32L4xx_HAL_Driver/Inc -I../Drivers/STM32L4xx_HAL_Driver/Inc/Legacy -I../Drivers/CMSIS/Device/ST/STM32L4xx/Include -I../Drivers/CMSIS/Include -O0 -ffunction-sections -fdata-sections -Wall -fstack-usage -fcyclomatic-complexity -MMD -MP -MF"Core/Src/main.d" -MT"Core/Src/main.o" --specs=nano.specs -mfpu=fpv4-sp-d16 -mfloat-abi=hard -mthumb -o "Core/Src/main.o"
../Core/Src/main.c: In function 'main':
../Core/Src/main.c:102:30: error: 'express_scan' undeclared (first use in this function)
  102 |   HAL_UART_Transmit(&huart3, express_scan, sizeof(express_scan), HAL_MAX_DELAY);
      |                              ^~~~~~~~~~~~
../Core/Src/main.c:102:30: note: each undeclared identifier is reported only once for each function it appears in
make: *** [Core/Src/subdir.mk:37: Core/Src/main.o] Error 1
"make -j12 all" terminated with exit code 2. Build might be incomplete.
21:24:24 **** Incremental Build of configuration Debug for project 373_Final_Project ****
make -j12 all 
arm-none-eabi-gcc "../Core/Src/main.c" -mcpu=cortex-m4 -std=gnu11 -g3 -DDEBUG -DUSE_HAL_DRIVER -DSTM32L4R5xx -c -I../Core/Inc -I../Drivers/STM32L4xx_HAL_Driver/Inc -I../Drivers/STM32L4xx_HAL_Driver/Inc/Legacy -I../Drivers/CMSIS/Device/ST/STM32L4xx/Include -I../Drivers/CMSIS/Include -O0 -ffunction-sections -fdata-sections -Wall -fstack-usage -fcyclomatic-complexity -MMD -MP -MF"Core/Src/main.d" -MT"Core/Src/main.o" --specs=nano.specs -mfpu=fpv4-sp-d16 -mfloat-abi=hard -mthumb -o "Core/Src/main.o"
arm-none-eabi-gcc -o "373_Final_Project.elf" @"objects.list"   -mcpu=cortex-m4 -T"N:\EECS373-CubeIDE-Workspace\373_Final_Project\STM32L4R5ZITXP_FLASH.ld" --specs=nosys.specs -Wl,-Map="373_Final_Project.map" -Wl,--gc-sections -static --specs=nano.specs -mfpu=fpv4-sp-d16 -mfloat-abi=hard -mthumb -u _printf_float -Wl,--start-group -lc -lm -Wl,--end-group
Finished building target: 373_Final_Project.elf
 
arm-none-eabi-size  373_Final_Project.elf 
arm-none-eabi-objdump -h -S 373_Final_Project.elf  > "373_Final_Project.list"
   text	   data	    bss	    dec	    hex	filename
  32400	    468	   2388	  35256	   89b8	373_Final_Project.elf
Finished building: default.size.stdout
 
Finished building: 373_Final_Project.list
 
21:24:49 **** Incremental Build of configuration Debug for project 373_Final_Project ****
make -j12 all 
arm-none-eabi-size  373_Final_Project.elf 
   text	   data	    bss	    dec	    hex	filename
  32400	    468	   2388	  35256	   89b8	373_Final_Project.elf
Finished building: default.size.stdout
 
21:26:07 **** Incremental Build of configuration Debug for project 373_Final_Project ****
make -j12 all 
arm-none-eabi-gcc "../Core/Src/main.c" -mcpu=cortex-m4 -std=gnu11 -g3 -DDEBUG -DUSE_HAL_DRIVER -DSTM32L4R5xx -c -I../Core/Inc -I../Drivers/STM32L4xx_HAL_Driver/Inc -I../Drivers/STM32L4xx_HAL_Driver/Inc/Legacy -I../Drivers/CMSIS/Device/ST/STM32L4xx/Include -I../Drivers/CMSIS/Include -O0 -ffunction-sections -fdata-sections -Wall -fstack-usage -fcyclomatic-complexity -MMD -MP -MF"Core/Src/main.d" -MT"Core/Src/main.o" --specs=nano.specs -mfpu=fpv4-sp-d16 -mfloat-abi=hard -mthumb -o "Core/Src/main.o"
arm-none-eabi-gcc -o "373_Final_Project.elf" @"objects.list"   -mcpu=cortex-m4 -T"N:\EECS373-CubeIDE-Workspace\373_Final_Project\STM32L4R5ZITXP_FLASH.ld" --specs=nosys.specs -Wl,-Map="373_Final_Project.map" -Wl,--gc-sections -static --specs=nano.specs -mfpu=fpv4-sp-d16 -mfloat-abi=hard -mthumb -u _printf_float -Wl,--start-group -lc -lm -Wl,--end-group
Finished building target: 373_Final_Project.elf
 
arm-none-eabi-size  373_Final_Project.elf 
arm-none-eabi-objdump -h -S 373_Final_Project.elf  > "373_Final_Project.list"
   text	   data	    bss	    dec	    hex	filename
  32400	    468	   2388	  35256	   89b8	373_Final_Project.elf
Finished building: default.size.stdout
 
Finished building: 373_Final_Project.list
 
21:27:02 **** Incremental Build of configuration Debug for project 373_Final_Project ****
make -j12 all 
arm-none-eabi-size  373_Final_Project.elf 
   text	   data	    bss	    dec	    hex	filename
  32400	    468	   2388	  35256	   89b8	373_Final_Project.elf
Finished building: default.size.stdout
 
21:34:39 **** Incremental Build of configuration Debug for project 373_Final_Project ****
make -j12 all 
arm-none-eabi-gcc "../Core/Src/lidar.c" -mcpu=cortex-m4 -std=gnu11 -g3 -DDEBUG -DUSE_HAL_DRIVER -DSTM32L4R5xx -c -I../Core/Inc -I../Drivers/STM32L4xx_HAL_Driver/Inc -I../Drivers/STM32L4xx_HAL_Driver/Inc/Legacy -I../Drivers/CMSIS/Device/ST/STM32L4xx/Include -I../Drivers/CMSIS/Include -O0 -ffunction-sections -fdata-sections -Wall -fstack-usage -fcyclomatic-complexity -MMD -MP -MF"Core/Src/lidar.d" -MT"Core/Src/lidar.o" --specs=nano.specs -mfpu=fpv4-sp-d16 -mfloat-abi=hard -mthumb -o "Core/Src/lidar.o"
arm-none-eabi-gcc "../Core/Src/main.c" -mcpu=cortex-m4 -std=gnu11 -g3 -DDEBUG -DUSE_HAL_DRIVER -DSTM32L4R5xx -c -I../Core/Inc -I../Drivers/STM32L4xx_HAL_Driver/Inc -I../Drivers/STM32L4xx_HAL_Driver/Inc/Legacy -I../Drivers/CMSIS/Device/ST/STM32L4xx/Include -I../Drivers/CMSIS/Include -O0 -ffunction-sections -fdata-sections -Wall -fstack-usage -fcyclomatic-complexity -MMD -MP -MF"Core/Src/main.d" -MT"Core/Src/main.o" --specs=nano.specs -mfpu=fpv4-sp-d16 -mfloat-abi=hard -mthumb -o "Core/Src/main.o"
../Core/Src/lidar.c: In function 'get_health':
../Core/Src/lidar.c:33:30: warning: excess elements in scalar initializer
   33 |         uint8_t cmd = {0xA5, 0x52};
      |                              ^~~~
../Core/Src/lidar.c:33:30: note: (near initialization for 'cmd')
../Core/Src/lidar.c:34:9: warning: implicit declaration of function 'HAl_UART_Transmit'; did you mean 'HAL_UART_Transmit'? [-Wimplicit-function-declaration]
   34 |         HAl_UART_Transmit(huart_addr, cmd, 2, MAX_HAL_DELAY);
      |         ^~~~~~~~~~~~~~~~~
      |         HAL_UART_Transmit
../Core/Src/lidar.c:34:47: error: 'MAX_HAL_DELAY' undeclared (first use in this function); did you mean 'HAL_MAX_DELAY'?
   34 |         HAl_UART_Transmit(huart_addr, cmd, 2, MAX_HAL_DELAY);
      |                                               ^~~~~~~~~~~~~
      |                                               HAL_MAX_DELAY
../Core/Src/lidar.c:34:47: note: each undeclared identifier is reported only once for each function it appears in
../Core/Src/lidar.c:47:17: warning: implicit declaration of function 'prinf'; did you mean 'printf'? [-Wimplicit-function-declaration]
   47 |                 prinf("LIDAR Error\n");
      |                 ^~~~~
      |                 printf
../Core/Src/lidar.c: In function 'decode_express_capsule':
../Core/Src/lidar.c:65:10: warning: unused variable 'new_scan' [-Wunused-variable]
   65 |     bool new_scan = (capsule_data[3] & 0x80) != 0;
      |          ^~~~~~~~
make: *** [Core/Src/subdir.mk:37: Core/Src/lidar.o] Error 1
make: *** Waiting for unfinished jobs....
"make -j12 all" terminated with exit code 2. Build might be incomplete.
21:35:03 **** Incremental Build of configuration Debug for project 373_Final_Project ****
make -j12 all 
arm-none-eabi-gcc "../Core/Src/lidar.c" -mcpu=cortex-m4 -std=gnu11 -g3 -DDEBUG -DUSE_HAL_DRIVER -DSTM32L4R5xx -c -I../Core/Inc -I../Drivers/STM32L4xx_HAL_Driver/Inc -I../Drivers/STM32L4xx_HAL_Driver/Inc/Legacy -I../Drivers/CMSIS/Device/ST/STM32L4xx/Include -I../Drivers/CMSIS/Include -O0 -ffunction-sections -fdata-sections -Wall -fstack-usage -fcyclomatic-complexity -MMD -MP -MF"Core/Src/lidar.d" -MT"Core/Src/lidar.o" --specs=nano.specs -mfpu=fpv4-sp-d16 -mfloat-abi=hard -mthumb -o "Core/Src/lidar.o"
../Core/Src/lidar.c: In function 'get_health':
../Core/Src/lidar.c:33:30: warning: excess elements in scalar initializer
   33 |         uint8_t cmd = {0xA5, 0x52};
      |                              ^~~~
../Core/Src/lidar.c:33:30: note: (near initialization for 'cmd')
../Core/Src/lidar.c:34:9: warning: implicit declaration of function 'HAl_UART_Transmit'; did you mean 'HAL_UART_Transmit'? [-Wimplicit-function-declaration]
   34 |         HAl_UART_Transmit(huart_addr, cmd, 2, HAL_MAX_DELAY);
      |         ^~~~~~~~~~~~~~~~~
      |         HAL_UART_Transmit
../Core/Src/lidar.c:47:17: warning: implicit declaration of function 'prinf'; did you mean 'printf'? [-Wimplicit-function-declaration]
   47 |                 prinf("LIDAR Error\n");
      |                 ^~~~~
      |                 printf
../Core/Src/lidar.c: In function 'decode_express_capsule':
../Core/Src/lidar.c:65:10: warning: unused variable 'new_scan' [-Wunused-variable]
   65 |     bool new_scan = (capsule_data[3] & 0x80) != 0;
      |          ^~~~~~~~
arm-none-eabi-gcc -o "373_Final_Project.elf" @"objects.list"   -mcpu=cortex-m4 -T"N:\EECS373-CubeIDE-Workspace\373_Final_Project\STM32L4R5ZITXP_FLASH.ld" --specs=nosys.specs -Wl,-Map="373_Final_Project.map" -Wl,--gc-sections -static --specs=nano.specs -mfpu=fpv4-sp-d16 -mfloat-abi=hard -mthumb -u _printf_float -Wl,--start-group -lc -lm -Wl,--end-group
C:/ST/STM32CubeIDE_1.19.0/STM32CubeIDE/plugins/com.st.stm32cube.ide.mcu.externaltools.gnu-tools-for-stm32.13.3.rel1.win32_1.0.0.202411081344/tools/bin/../lib/gcc/arm-none-eabi/13.3.1/../../../../arm-none-eabi/bin/ld.exe: ./Core/Src/lidar.o: in function `get_health':
N:/EECS373-CubeIDE-Workspace/373_Final_Project/Debug/../Core/Src/lidar.c:34:(.text.get_health+0x16): undefined reference to `HAl_UART_Transmit'
C:/ST/STM32CubeIDE_1.19.0/STM32CubeIDE/plugins/com.st.stm32cube.ide.mcu.externaltools.gnu-tools-for-stm32.13.3.rel1.win32_1.0.0.202411081344/tools/bin/../lib/gcc/arm-none-eabi/13.3.1/../../../../arm-none-eabi/bin/ld.exe: N:/EECS373-CubeIDE-Workspace/373_Final_Project/Debug/../Core/Src/lidar.c:47:(.text.get_health+0x4c): undefined reference to `prinf'
collect2.exe: error: ld returned 1 exit status
make: *** [makefile:64: 373_Final_Project.elf] Error 1
"make -j12 all" terminated with exit code 2. Build might be incomplete.
21:35:36 **** Incremental Build of configuration Debug for project 373_Final_Project ****
make -j12 all 
arm-none-eabi-gcc "../Core/Src/lidar.c" -mcpu=cortex-m4 -std=gnu11 -g3 -DDEBUG -DUSE_HAL_DRIVER -DSTM32L4R5xx -c -I../Core/Inc -I../Drivers/STM32L4xx_HAL_Driver/Inc -I../Drivers/STM32L4xx_HAL_Driver/Inc/Legacy -I../Drivers/CMSIS/Device/ST/STM32L4xx/Include -I../Drivers/CMSIS/Include -O0 -ffunction-sections -fdata-sections -Wall -fstack-usage -fcyclomatic-complexity -MMD -MP -MF"Core/Src/lidar.d" -MT"Core/Src/lidar.o" --specs=nano.specs -mfpu=fpv4-sp-d16 -mfloat-abi=hard -mthumb -o "Core/Src/lidar.o"
arm-none-eabi-gcc "../Core/Src/main.c" -mcpu=cortex-m4 -std=gnu11 -g3 -DDEBUG -DUSE_HAL_DRIVER -DSTM32L4R5xx -c -I../Core/Inc -I../Drivers/STM32L4xx_HAL_Driver/Inc -I../Drivers/STM32L4xx_HAL_Driver/Inc/Legacy -I../Drivers/CMSIS/Device/ST/STM32L4xx/Include -I../Drivers/CMSIS/Include -O0 -ffunction-sections -fdata-sections -Wall -fstack-usage -fcyclomatic-complexity -MMD -MP -MF"Core/Src/main.d" -MT"Core/Src/main.o" --specs=nano.specs -mfpu=fpv4-sp-d16 -mfloat-abi=hard -mthumb -o "Core/Src/main.o"
../Core/Src/lidar.c: In function 'decode_express_capsule':
../Core/Src/lidar.c:48:10: warning: unused variable 'new_scan' [-Wunused-variable]
   48 |     bool new_scan = (capsule_data[3] & 0x80) != 0;
      |          ^~~~~~~~
../Core/Src/main.c: In function 'get_health':
../Core/Src/main.c:64:30: warning: excess elements in scalar initializer
   64 |         uint8_t cmd = {0xA5, 0x52};
      |                              ^~~~
../Core/Src/main.c:64:30: note: (near initialization for 'cmd')
../Core/Src/main.c:65:9: warning: implicit declaration of function 'HAl_UART_Transmit'; did you mean 'HAL_UART_Transmit'? [-Wimplicit-function-declaration]
   65 |         HAl_UART_Transmit(huart_addr, cmd, 2, HAL_MAX_DELAY);
      |         ^~~~~~~~~~~~~~~~~
      |         HAL_UART_Transmit
../Core/Src/main.c:72:17: warning: implicit declaration of function 'printf' [-Wimplicit-function-declaration]
   72 |                 printf("LIDAR OK\n");
      |                 ^~~~~~
../Core/Src/main.c:25:1: note: include '<stdio.h>' or provide a declaration of 'printf'
   24 | #include "lidar.h"
  +++ |+#include <stdio.h>
   25 | /* USER CODE END Includes */
../Core/Src/main.c:72:17: warning: incompatible implicit declaration of built-in function 'printf' [-Wbuiltin-declaration-mismatch]
   72 |                 printf("LIDAR OK\n");
      |                 ^~~~~~
../Core/Src/main.c:72:17: note: include '<stdio.h>' or provide a declaration of 'printf'
../Core/Src/main.c:75:17: warning: incompatible implicit declaration of built-in function 'printf' [-Wbuiltin-declaration-mismatch]
   75 |                 printf("LIDAR Warning\n");
      |                 ^~~~~~
../Core/Src/main.c:75:17: note: include '<stdio.h>' or provide a declaration of 'printf'
../Core/Src/main.c:78:17: warning: implicit declaration of function 'prinf' [-Wimplicit-function-declaration]
   78 |                 prinf("LIDAR Error\n");
      |                 ^~~~~
arm-none-eabi-gcc -o "373_Final_Project.elf" @"objects.list"   -mcpu=cortex-m4 -T"N:\EECS373-CubeIDE-Workspace\373_Final_Project\STM32L4R5ZITXP_FLASH.ld" --specs=nosys.specs -Wl,-Map="373_Final_Project.map" -Wl,--gc-sections -static --specs=nano.specs -mfpu=fpv4-sp-d16 -mfloat-abi=hard -mthumb -u _printf_float -Wl,--start-group -lc -lm -Wl,--end-group
C:/ST/STM32CubeIDE_1.19.0/STM32CubeIDE/plugins/com.st.stm32cube.ide.mcu.externaltools.gnu-tools-for-stm32.13.3.rel1.win32_1.0.0.202411081344/tools/bin/../lib/gcc/arm-none-eabi/13.3.1/../../../../arm-none-eabi/bin/ld.exe: ./Core/Src/main.o: in function `get_health':
N:/EECS373-CubeIDE-Workspace/373_Final_Project/Debug/../Core/Src/main.c:65:(.text.get_health+0x16): undefined reference to `HAl_UART_Transmit'
C:/ST/STM32CubeIDE_1.19.0/STM32CubeIDE/plugins/com.st.stm32cube.ide.mcu.externaltools.gnu-tools-for-stm32.13.3.rel1.win32_1.0.0.202411081344/tools/bin/../lib/gcc/arm-none-eabi/13.3.1/../../../../arm-none-eabi/bin/ld.exe: N:/EECS373-CubeIDE-Workspace/373_Final_Project/Debug/../Core/Src/main.c:78:(.text.get_health+0x4c): undefined reference to `prinf'
collect2.exe: error: ld returned 1 exit status
make: *** [makefile:64: 373_Final_Project.elf] Error 1
"make -j12 all" terminated with exit code 2. Build might be incomplete.
21:36:09 **** Incremental Build of configuration Debug for project 373_Final_Project ****
make -j12 all 
arm-none-eabi-gcc "../Core/Src/main.c" -mcpu=cortex-m4 -std=gnu11 -g3 -DDEBUG -DUSE_HAL_DRIVER -DSTM32L4R5xx -c -I../Core/Inc -I../Drivers/STM32L4xx_HAL_Driver/Inc -I../Drivers/STM32L4xx_HAL_Driver/Inc/Legacy -I../Drivers/CMSIS/Device/ST/STM32L4xx/Include -I../Drivers/CMSIS/Include -O0 -ffunction-sections -fdata-sections -Wall -fstack-usage -fcyclomatic-complexity -MMD -MP -MF"Core/Src/main.d" -MT"Core/Src/main.o" --specs=nano.specs -mfpu=fpv4-sp-d16 -mfloat-abi=hard -mthumb -o "Core/Src/main.o"
../Core/Src/main.c: In function 'get_health':
../Core/Src/main.c:64:30: warning: excess elements in scalar initializer
   64 |         uint8_t cmd = {0xA5, 0x52};
      |                              ^~~~
../Core/Src/main.c:64:30: note: (near initialization for 'cmd')
../Core/Src/main.c:65:39: warning: passing argument 2 of 'HAL_UART_Transmit' makes pointer from integer without a cast [-Wint-conversion]
   65 |         HAL_UART_Transmit(huart_addr, cmd, 2, HAL_MAX_DELAY);
      |                                       ^~~
      |                                       |
      |                                       uint8_t {aka unsigned char}
In file included from ../Core/Inc/stm32l4xx_hal_conf.h:450,
                 from ../Drivers/STM32L4xx_HAL_Driver/Inc/stm32l4xx_hal.h:29,
                 from ../Core/Inc/main.h:30,
                 from ../Core/Src/main.c:20:
../Drivers/STM32L4xx_HAL_Driver/Inc/stm32l4xx_hal_uart.h:1696:79: note: expected 'const uint8_t *' {aka 'const unsigned char *'} but argument is of type 'uint8_t' {aka 'unsigned char'}
 1696 | HAL_StatusTypeDef HAL_UART_Transmit(UART_HandleTypeDef *huart, const uint8_t *pData, uint16_t Size, uint32_t Timeout);
      |                                                                ~~~~~~~~~~~~~~~^~~~~
../Core/Src/main.c:72:17: warning: implicit declaration of function 'printf' [-Wimplicit-function-declaration]
   72 |                 printf("LIDAR OK\n");
      |                 ^~~~~~
../Core/Src/main.c:25:1: note: include '<stdio.h>' or provide a declaration of 'printf'
   24 | #include "lidar.h"
  +++ |+#include <stdio.h>
   25 | /* USER CODE END Includes */
../Core/Src/main.c:72:17: warning: incompatible implicit declaration of built-in function 'printf' [-Wbuiltin-declaration-mismatch]
   72 |                 printf("LIDAR OK\n");
      |                 ^~~~~~
../Core/Src/main.c:72:17: note: include '<stdio.h>' or provide a declaration of 'printf'
../Core/Src/main.c:75:17: warning: incompatible implicit declaration of built-in function 'printf' [-Wbuiltin-declaration-mismatch]
   75 |                 printf("LIDAR Warning\n");
      |                 ^~~~~~
../Core/Src/main.c:75:17: note: include '<stdio.h>' or provide a declaration of 'printf'
../Core/Src/main.c:78:17: warning: implicit declaration of function 'prinf' [-Wimplicit-function-declaration]
   78 |                 prinf("LIDAR Error\n");
      |                 ^~~~~
arm-none-eabi-gcc -o "373_Final_Project.elf" @"objects.list"   -mcpu=cortex-m4 -T"N:\EECS373-CubeIDE-Workspace\373_Final_Project\STM32L4R5ZITXP_FLASH.ld" --specs=nosys.specs -Wl,-Map="373_Final_Project.map" -Wl,--gc-sections -static --specs=nano.specs -mfpu=fpv4-sp-d16 -mfloat-abi=hard -mthumb -u _printf_float -Wl,--start-group -lc -lm -Wl,--end-group
C:/ST/STM32CubeIDE_1.19.0/STM32CubeIDE/plugins/com.st.stm32cube.ide.mcu.externaltools.gnu-tools-for-stm32.13.3.rel1.win32_1.0.0.202411081344/tools/bin/../lib/gcc/arm-none-eabi/13.3.1/../../../../arm-none-eabi/bin/ld.exe: ./Core/Src/main.o: in function `get_health':
N:/EECS373-CubeIDE-Workspace/373_Final_Project/Debug/../Core/Src/main.c:78:(.text.get_health+0x4e): undefined reference to `prinf'
collect2.exe: error: ld returned 1 exit status
make: *** [makefile:64: 373_Final_Project.elf] Error 1
"make -j12 all" terminated with exit code 2. Build might be incomplete.
21:36:24 **** Incremental Build of configuration Debug for project 373_Final_Project ****
make -j12 all 
arm-none-eabi-gcc "../Core/Src/main.c" -mcpu=cortex-m4 -std=gnu11 -g3 -DDEBUG -DUSE_HAL_DRIVER -DSTM32L4R5xx -c -I../Core/Inc -I../Drivers/STM32L4xx_HAL_Driver/Inc -I../Drivers/STM32L4xx_HAL_Driver/Inc/Legacy -I../Drivers/CMSIS/Device/ST/STM32L4xx/Include -I../Drivers/CMSIS/Include -O0 -ffunction-sections -fdata-sections -Wall -fstack-usage -fcyclomatic-complexity -MMD -MP -MF"Core/Src/main.d" -MT"Core/Src/main.o" --specs=nano.specs -mfpu=fpv4-sp-d16 -mfloat-abi=hard -mthumb -o "Core/Src/main.o"
../Core/Src/main.c: In function 'get_health':
../Core/Src/main.c:64:30: warning: excess elements in scalar initializer
   64 |         uint8_t cmd = {0xA5, 0x52};
      |                              ^~~~
../Core/Src/main.c:64:30: note: (near initialization for 'cmd')
../Core/Src/main.c:65:39: warning: passing argument 2 of 'HAL_UART_Transmit' makes pointer from integer without a cast [-Wint-conversion]
   65 |         HAL_UART_Transmit(huart_addr, cmd, 2, HAL_MAX_DELAY);
      |                                       ^~~
      |                                       |
      |                                       uint8_t {aka unsigned char}
In file included from ../Core/Inc/stm32l4xx_hal_conf.h:450,
                 from ../Drivers/STM32L4xx_HAL_Driver/Inc/stm32l4xx_hal.h:29,
                 from ../Core/Inc/main.h:30,
                 from ../Core/Src/main.c:20:
../Drivers/STM32L4xx_HAL_Driver/Inc/stm32l4xx_hal_uart.h:1696:79: note: expected 'const uint8_t *' {aka 'const unsigned char *'} but argument is of type 'uint8_t' {aka 'unsigned char'}
 1696 | HAL_StatusTypeDef HAL_UART_Transmit(UART_HandleTypeDef *huart, const uint8_t *pData, uint16_t Size, uint32_t Timeout);
      |                                                                ~~~~~~~~~~~~~~~^~~~~
../Core/Src/main.c:72:17: warning: implicit declaration of function 'printf' [-Wimplicit-function-declaration]
   72 |                 printf("LIDAR OK\n");
      |                 ^~~~~~
../Core/Src/main.c:25:1: note: include '<stdio.h>' or provide a declaration of 'printf'
   24 | #include "lidar.h"
  +++ |+#include <stdio.h>
   25 | /* USER CODE END Includes */
../Core/Src/main.c:72:17: warning: incompatible implicit declaration of built-in function 'printf' [-Wbuiltin-declaration-mismatch]
   72 |                 printf("LIDAR OK\n");
      |                 ^~~~~~
../Core/Src/main.c:72:17: note: include '<stdio.h>' or provide a declaration of 'printf'
../Core/Src/main.c:75:17: warning: incompatible implicit declaration of built-in function 'printf' [-Wbuiltin-declaration-mismatch]
   75 |                 printf("LIDAR Warning\n");
      |                 ^~~~~~
../Core/Src/main.c:75:17: note: include '<stdio.h>' or provide a declaration of 'printf'
../Core/Src/main.c:78:17: warning: incompatible implicit declaration of built-in function 'printf' [-Wbuiltin-declaration-mismatch]
   78 |                 printf("LIDAR Error\n");
      |                 ^~~~~~
../Core/Src/main.c:78:17: note: include '<stdio.h>' or provide a declaration of 'printf'
arm-none-eabi-gcc -o "373_Final_Project.elf" @"objects.list"   -mcpu=cortex-m4 -T"N:\EECS373-CubeIDE-Workspace\373_Final_Project\STM32L4R5ZITXP_FLASH.ld" --specs=nosys.specs -Wl,-Map="373_Final_Project.map" -Wl,--gc-sections -static --specs=nano.specs -mfpu=fpv4-sp-d16 -mfloat-abi=hard -mthumb -u _printf_float -Wl,--start-group -lc -lm -Wl,--end-group
Finished building target: 373_Final_Project.elf
 
arm-none-eabi-size  373_Final_Project.elf 
arm-none-eabi-objdump -h -S 373_Final_Project.elf  > "373_Final_Project.list"
   text	   data	    bss	    dec	    hex	filename
  32744	    468	   2388	  35600	   8b10	373_Final_Project.elf
Finished building: default.size.stdout
 
Finished building: 373_Final_Project.list
 
21:36:38 **** Incremental Build of configuration Debug for project 373_Final_Project ****
make -j12 all 
arm-none-eabi-size  373_Final_Project.elf 
   text	   data	    bss	    dec	    hex	filename
  32744	    468	   2388	  35600	   8b10	373_Final_Project.elf
Finished building: default.size.stdout
 
21:37:31 **** Incremental Build of configuration Debug for project 373_Final_Project ****
make -j12 all 
arm-none-eabi-size  373_Final_Project.elf 
   text	   data	    bss	    dec	    hex	filename
  32744	    468	   2388	  35600	   8b10	373_Final_Project.elf
Finished building: default.size.stdout
 
21:37:35 **** Incremental Build of configuration Debug for project 373_Final_Project ****
make -j12 all 
arm-none-eabi-size  373_Final_Project.elf 
   text	   data	    bss	    dec	    hex	filename
  32744	    468	   2388	  35600	   8b10	373_Final_Project.elf
Finished building: default.size.stdout
 
21:41:35 **** Incremental Build of configuration Debug for project 373_Final_Project ****
make -j12 all 
arm-none-eabi-size  373_Final_Project.elf 
   text	   data	    bss	    dec	    hex	filename
  32744	    468	   2388	  35600	   8b10	373_Final_Project.elf
Finished building: default.size.stdout
 
21:41:57 **** Incremental Build of configuration Debug for project 373_Final_Project ****
make -j12 all 
arm-none-eabi-size  373_Final_Project.elf 
   text	   data	    bss	    dec	    hex	filename
  32744	    468	   2388	  35600	   8b10	373_Final_Project.elf
Finished building: default.size.stdout
 
21:42:28 **** Incremental Build of configuration Debug for project 373_Final_Project ****
make -j12 all 
arm-none-eabi-size  373_Final_Project.elf 
   text	   data	    bss	    dec	    hex	filename
  32744	    468	   2388	  35600	   8b10	373_Final_Project.elf
Finished building: default.size.stdout
 
21:44:11 **** Incremental Build of configuration Debug for project 373_Final_Project ****
make -j12 all 
arm-none-eabi-size  373_Final_Project.elf 
   text	   data	    bss	    dec	    hex	filename
  32744	    468	   2388	  35600	   8b10	373_Final_Project.elf
Finished building: default.size.stdout
 
21:44:52 **** Incremental Build of configuration Debug for project 373_Final_Project ****
make -j12 all 
arm-none-eabi-size  373_Final_Project.elf 
   text	   data	    bss	    dec	    hex	filename
  32744	    468	   2388	  35600	   8b10	373_Final_Project.elf
Finished building: default.size.stdout
 
21:46:21 **** Incremental Build of configuration Debug for project 373_Final_Project ****
make -j12 all 
arm-none-eabi-size  373_Final_Project.elf 
   text	   data	    bss	    dec	    hex	filename
  32744	    468	   2388	  35600	   8b10	373_Final_Project.elf
Finished building: default.size.stdout
 
21:48:00 **** Incremental Build of configuration Debug for project 373_Final_Project ****
make -j12 all 
arm-none-eabi-size  373_Final_Project.elf 
   text	   data	    bss	    dec	    hex	filename
  32744	    468	   2388	  35600	   8b10	373_Final_Project.elf
Finished building: default.size.stdout
 
21:50:21 **** Incremental Build of configuration Debug for project 373_Final_Project ****
make -j12 all 
arm-none-eabi-gcc "../Core/Src/main.c" -mcpu=cortex-m4 -std=gnu11 -g3 -DDEBUG -DUSE_HAL_DRIVER -DSTM32L4R5xx -c -I../Core/Inc -I../Drivers/STM32L4xx_HAL_Driver/Inc -I../Drivers/STM32L4xx_HAL_Driver/Inc/Legacy -I../Drivers/CMSIS/Device/ST/STM32L4xx/Include -I../Drivers/CMSIS/Include -O0 -ffunction-sections -fdata-sections -Wall -fstack-usage -fcyclomatic-complexity -MMD -MP -MF"Core/Src/main.d" -MT"Core/Src/main.o" --specs=nano.specs -mfpu=fpv4-sp-d16 -mfloat-abi=hard -mthumb -o "Core/Src/main.o"
../Core/Src/main.c: In function 'get_health':
../Core/Src/main.c:72:17: warning: implicit declaration of function 'printf' [-Wimplicit-function-declaration]
   72 |                 printf("LIDAR OK\n");
      |                 ^~~~~~
../Core/Src/main.c:25:1: note: include '<stdio.h>' or provide a declaration of 'printf'
   24 | #include "lidar.h"
  +++ |+#include <stdio.h>
   25 | /* USER CODE END Includes */
../Core/Src/main.c:72:17: warning: incompatible implicit declaration of built-in function 'printf' [-Wbuiltin-declaration-mismatch]
   72 |                 printf("LIDAR OK\n");
      |                 ^~~~~~
../Core/Src/main.c:72:17: note: include '<stdio.h>' or provide a declaration of 'printf'
../Core/Src/main.c:75:17: warning: incompatible implicit declaration of built-in function 'printf' [-Wbuiltin-declaration-mismatch]
   75 |                 printf("LIDAR Warning\n");
      |                 ^~~~~~
../Core/Src/main.c:75:17: note: include '<stdio.h>' or provide a declaration of 'printf'
../Core/Src/main.c:78:17: warning: incompatible implicit declaration of built-in function 'printf' [-Wbuiltin-declaration-mismatch]
   78 |                 printf("LIDAR Error\n");
      |                 ^~~~~~
../Core/Src/main.c:78:17: note: include '<stdio.h>' or provide a declaration of 'printf'
arm-none-eabi-gcc -o "373_Final_Project.elf" @"objects.list"   -mcpu=cortex-m4 -T"N:\EECS373-CubeIDE-Workspace\373_Final_Project\STM32L4R5ZITXP_FLASH.ld" --specs=nosys.specs -Wl,-Map="373_Final_Project.map" -Wl,--gc-sections -static --specs=nano.specs -mfpu=fpv4-sp-d16 -mfloat-abi=hard -mthumb -u _printf_float -Wl,--start-group -lc -lm -Wl,--end-group
Finished building target: 373_Final_Project.elf
 
arm-none-eabi-size  373_Final_Project.elf 
arm-none-eabi-objdump -h -S 373_Final_Project.elf  > "373_Final_Project.list"
   text	   data	    bss	    dec	    hex	filename
  32744	    468	   2388	  35600	   8b10	373_Final_Project.elf
Finished building: default.size.stdout
 
Finished building: 373_Final_Project.list
 
21:50:35 **** Incremental Build of configuration Debug for project 373_Final_Project ****
make -j12 all 
arm-none-eabi-size  373_Final_Project.elf 
   text	   data	    bss	    dec	    hex	filename
  32744	    468	   2388	  35600	   8b10	373_Final_Project.elf
Finished building: default.size.stdout
 
21:50:46 **** Incremental Build of configuration Debug for project 373_Final_Project ****
make -j12 all 
arm-none-eabi-size  373_Final_Project.elf 
   text	   data	    bss	    dec	    hex	filename
  32744	    468	   2388	  35600	   8b10	373_Final_Project.elf
Finished building: default.size.stdout
 
21:51:05 **** Incremental Build of configuration Debug for project 373_Final_Project ****
make -j12 all 
arm-none-eabi-size  373_Final_Project.elf 
   text	   data	    bss	    dec	    hex	filename
  32744	    468	   2388	  35600	   8b10	373_Final_Project.elf
Finished building: default.size.stdout
 
21:53:50 **** Incremental Build of configuration Debug for project 373_Final_Project ****
make -j12 all 
arm-none-eabi-gcc "../Core/Src/main.c" -mcpu=cortex-m4 -std=gnu11 -g3 -DDEBUG -DUSE_HAL_DRIVER -DSTM32L4R5xx -c -I../Core/Inc -I../Drivers/STM32L4xx_HAL_Driver/Inc -I../Drivers/STM32L4xx_HAL_Driver/Inc/Legacy -I../Drivers/CMSIS/Device/ST/STM32L4xx/Include -I../Drivers/CMSIS/Include -O0 -ffunction-sections -fdata-sections -Wall -fstack-usage -fcyclomatic-complexity -MMD -MP -MF"Core/Src/main.d" -MT"Core/Src/main.o" --specs=nano.specs -mfpu=fpv4-sp-d16 -mfloat-abi=hard -mthumb -o "Core/Src/main.o"
../Core/Src/main.c: In function 'get_health':
../Core/Src/main.c:72:17: warning: implicit declaration of function 'printf' [-Wimplicit-function-declaration]
   72 |                 printf("LIDAR OK\n");
      |                 ^~~~~~
../Core/Src/main.c:25:1: note: include '<stdio.h>' or provide a declaration of 'printf'
   24 | #include "lidar.h"
  +++ |+#include <stdio.h>
   25 | /* USER CODE END Includes */
../Core/Src/main.c:72:17: warning: incompatible implicit declaration of built-in function 'printf' [-Wbuiltin-declaration-mismatch]
   72 |                 printf("LIDAR OK\n");
      |                 ^~~~~~
../Core/Src/main.c:72:17: note: include '<stdio.h>' or provide a declaration of 'printf'
../Core/Src/main.c:75:17: warning: incompatible implicit declaration of built-in function 'printf' [-Wbuiltin-declaration-mismatch]
   75 |                 printf("LIDAR Warning\n");
      |                 ^~~~~~
../Core/Src/main.c:75:17: note: include '<stdio.h>' or provide a declaration of 'printf'
../Core/Src/main.c:78:17: warning: incompatible implicit declaration of built-in function 'printf' [-Wbuiltin-declaration-mismatch]
   78 |                 printf("LIDAR Error\n");
      |                 ^~~~~~
../Core/Src/main.c:78:17: note: include '<stdio.h>' or provide a declaration of 'printf'
../Core/Src/main.c: In function 'main':
../Core/Src/main.c:121:57: error: expected ';' before 'get_health'
  121 |   HAL_UART_Transmit(&huart3, stop_cmd, 2, HAL_MAX_DELAY)
      |                                                         ^
      |                                                         ;
  122 |   get_health(&huart3);
      |   ~~~~~~~~~~                                             
make: *** [Core/Src/subdir.mk:37: Core/Src/main.o] Error 1
"make -j12 all" terminated with exit code 2. Build might be incomplete.
21:54:07 **** Incremental Build of configuration Debug for project 373_Final_Project ****
make -j12 all 
arm-none-eabi-gcc "../Core/Src/main.c" -mcpu=cortex-m4 -std=gnu11 -g3 -DDEBUG -DUSE_HAL_DRIVER -DSTM32L4R5xx -c -I../Core/Inc -I../Drivers/STM32L4xx_HAL_Driver/Inc -I../Drivers/STM32L4xx_HAL_Driver/Inc/Legacy -I../Drivers/CMSIS/Device/ST/STM32L4xx/Include -I../Drivers/CMSIS/Include -O0 -ffunction-sections -fdata-sections -Wall -fstack-usage -fcyclomatic-complexity -MMD -MP -MF"Core/Src/main.d" -MT"Core/Src/main.o" --specs=nano.specs -mfpu=fpv4-sp-d16 -mfloat-abi=hard -mthumb -o "Core/Src/main.o"
../Core/Src/main.c: In function 'get_health':
../Core/Src/main.c:72:17: warning: implicit declaration of function 'printf' [-Wimplicit-function-declaration]
   72 |                 printf("LIDAR OK\n");
      |                 ^~~~~~
../Core/Src/main.c:25:1: note: include '<stdio.h>' or provide a declaration of 'printf'
   24 | #include "lidar.h"
  +++ |+#include <stdio.h>
   25 | /* USER CODE END Includes */
../Core/Src/main.c:72:17: warning: incompatible implicit declaration of built-in function 'printf' [-Wbuiltin-declaration-mismatch]
   72 |                 printf("LIDAR OK\n");
      |                 ^~~~~~
../Core/Src/main.c:72:17: note: include '<stdio.h>' or provide a declaration of 'printf'
../Core/Src/main.c:75:17: warning: incompatible implicit declaration of built-in function 'printf' [-Wbuiltin-declaration-mismatch]
   75 |                 printf("LIDAR Warning\n");
      |                 ^~~~~~
../Core/Src/main.c:75:17: note: include '<stdio.h>' or provide a declaration of 'printf'
../Core/Src/main.c:78:17: warning: incompatible implicit declaration of built-in function 'printf' [-Wbuiltin-declaration-mismatch]
   78 |                 printf("LIDAR Error\n");
      |                 ^~~~~~
../Core/Src/main.c:78:17: note: include '<stdio.h>' or provide a declaration of 'printf'
arm-none-eabi-gcc -o "373_Final_Project.elf" @"objects.list"   -mcpu=cortex-m4 -T"N:\EECS373-CubeIDE-Workspace\373_Final_Project\STM32L4R5ZITXP_FLASH.ld" --specs=nosys.specs -Wl,-Map="373_Final_Project.map" -Wl,--gc-sections -static --specs=nano.specs -mfpu=fpv4-sp-d16 -mfloat-abi=hard -mthumb -u _printf_float -Wl,--start-group -lc -lm -Wl,--end-group
Finished building target: 373_Final_Project.elf
 
arm-none-eabi-size  373_Final_Project.elf 
arm-none-eabi-objdump -h -S 373_Final_Project.elf  > "373_Final_Project.list"
   text	   data	    bss	    dec	    hex	filename
  32776	    468	   2388	  35632	   8b30	373_Final_Project.elf
Finished building: default.size.stdout
 
Finished building: 373_Final_Project.list
 
21:54:22 **** Incremental Build of configuration Debug for project 373_Final_Project ****
make -j12 all 
arm-none-eabi-size  373_Final_Project.elf 
   text	   data	    bss	    dec	    hex	filename
  32776	    468	   2388	  35632	   8b30	373_Final_Project.elf
Finished building: default.size.stdout
 
21:54:27 **** Incremental Build of configuration Debug for project 373_Final_Project ****
make -j12 all 
arm-none-eabi-size  373_Final_Project.elf 
   text	   data	    bss	    dec	    hex	filename
  32776	    468	   2388	  35632	   8b30	373_Final_Project.elf
Finished building: default.size.stdout
 
21:55:10 **** Incremental Build of configuration Debug for project 373_Final_Project ****
make -j12 all 
arm-none-eabi-gcc "../Core/Src/main.c" -mcpu=cortex-m4 -std=gnu11 -g3 -DDEBUG -DUSE_HAL_DRIVER -DSTM32L4R5xx -c -I../Core/Inc -I../Drivers/STM32L4xx_HAL_Driver/Inc -I../Drivers/STM32L4xx_HAL_Driver/Inc/Legacy -I../Drivers/CMSIS/Device/ST/STM32L4xx/Include -I../Drivers/CMSIS/Include -O0 -ffunction-sections -fdata-sections -Wall -fstack-usage -fcyclomatic-complexity -MMD -MP -MF"Core/Src/main.d" -MT"Core/Src/main.o" --specs=nano.specs -mfpu=fpv4-sp-d16 -mfloat-abi=hard -mthumb -o "Core/Src/main.o"
../Core/Src/main.c: In function 'get_health':
../Core/Src/main.c:72:17: warning: implicit declaration of function 'printf' [-Wimplicit-function-declaration]
   72 |                 printf("LIDAR OK\n");
      |                 ^~~~~~
../Core/Src/main.c:25:1: note: include '<stdio.h>' or provide a declaration of 'printf'
   24 | #include "lidar.h"
  +++ |+#include <stdio.h>
   25 | /* USER CODE END Includes */
../Core/Src/main.c:72:17: warning: incompatible implicit declaration of built-in function 'printf' [-Wbuiltin-declaration-mismatch]
   72 |                 printf("LIDAR OK\n");
      |                 ^~~~~~
../Core/Src/main.c:72:17: note: include '<stdio.h>' or provide a declaration of 'printf'
../Core/Src/main.c:75:17: warning: incompatible implicit declaration of built-in function 'printf' [-Wbuiltin-declaration-mismatch]
   75 |                 printf("LIDAR Warning\n");
      |                 ^~~~~~
../Core/Src/main.c:75:17: note: include '<stdio.h>' or provide a declaration of 'printf'
../Core/Src/main.c:78:17: warning: incompatible implicit declaration of built-in function 'printf' [-Wbuiltin-declaration-mismatch]
   78 |                 printf("LIDAR Error\n");
      |                 ^~~~~~
../Core/Src/main.c:78:17: note: include '<stdio.h>' or provide a declaration of 'printf'
arm-none-eabi-gcc -o "373_Final_Project.elf" @"objects.list"   -mcpu=cortex-m4 -T"N:\EECS373-CubeIDE-Workspace\373_Final_Project\STM32L4R5ZITXP_FLASH.ld" --specs=nosys.specs -Wl,-Map="373_Final_Project.map" -Wl,--gc-sections -static --specs=nano.specs -mfpu=fpv4-sp-d16 -mfloat-abi=hard -mthumb -u _printf_float -Wl,--start-group -lc -lm -Wl,--end-group
Finished building target: 373_Final_Project.elf
 
arm-none-eabi-size  373_Final_Project.elf 
arm-none-eabi-objdump -h -S 373_Final_Project.elf  > "373_Final_Project.list"
   text	   data	    bss	    dec	    hex	filename
  32776	    468	   2388	  35632	   8b30	373_Final_Project.elf
Finished building: default.size.stdout
 
Finished building: 373_Final_Project.list
 
21:55:24 **** Incremental Build of configuration Debug for project 373_Final_Project ****
make -j12 all 
arm-none-eabi-size  373_Final_Project.elf 
   text	   data	    bss	    dec	    hex	filename
  32776	    468	   2388	  35632	   8b30	373_Final_Project.elf
Finished building: default.size.stdout
 
22:10:00 **** Incremental Build of configuration Debug for project 373_Final_Project ****
make -j12 all 
arm-none-eabi-size  373_Final_Project.elf 
   text	   data	    bss	    dec	    hex	filename
  32776	    468	   2388	  35632	   8b30	373_Final_Project.elf
Finished building: default.size.stdout
 
22:10:12 **** Incremental Build of configuration Debug for project 373_Final_Project ****
make -j12 all 
arm-none-eabi-size  373_Final_Project.elf 
   text	   data	    bss	    dec	    hex	filename
  32776	    468	   2388	  35632	   8b30	373_Final_Project.elf
Finished building: default.size.stdout
 
22:10:22 **** Incremental Build of configuration Debug for project 373_Final_Project ****
make -j12 all 
arm-none-eabi-size  373_Final_Project.elf 
   text	   data	    bss	    dec	    hex	filename
  32776	    468	   2388	  35632	   8b30	373_Final_Project.elf
Finished building: default.size.stdout
 
22:21:15 **** Incremental Build of configuration Debug for project 373_Final_Project ****
make -j12 all 
arm-none-eabi-size  373_Final_Project.elf 
   text	   data	    bss	    dec	    hex	filename
  32776	    468	   2388	  35632	   8b30	373_Final_Project.elf
Finished building: default.size.stdout
 
22:21:29 **** Incremental Build of configuration Debug for project 373_Final_Project ****
make -j12 all 
arm-none-eabi-size  373_Final_Project.elf 
   text	   data	    bss	    dec	    hex	filename
  32776	    468	   2388	  35632	   8b30	373_Final_Project.elf
Finished building: default.size.stdout
 
22:21:51 **** Incremental Build of configuration Debug for project 373_Final_Project ****
make -j12 all 
arm-none-eabi-size  373_Final_Project.elf 
   text	   data	    bss	    dec	    hex	filename
  32776	    468	   2388	  35632	   8b30	373_Final_Project.elf
Finished building: default.size.stdout
 
22:23:26 **** Incremental Build of configuration Debug for project 373_Final_Project ****
make -j12 all 
arm-none-eabi-size  373_Final_Project.elf 
   text	   data	    bss	    dec	    hex	filename
  32776	    468	   2388	  35632	   8b30	373_Final_Project.elf
Finished building: default.size.stdout
 
22:28:16 **** Incremental Build of configuration Debug for project 373_Final_Project ****
make -j12 all 
arm-none-eabi-size  373_Final_Project.elf 
   text	   data	    bss	    dec	    hex	filename
  32776	    468	   2388	  35632	   8b30	373_Final_Project.elf
Finished building: default.size.stdout
 
22:28:44 **** Incremental Build of configuration Debug for project 373_Final_Project ****
make -j12 all 
arm-none-eabi-size  373_Final_Project.elf 
   text	   data	    bss	    dec	    hex	filename
  32776	    468	   2388	  35632	   8b30	373_Final_Project.elf
Finished building: default.size.stdout
 
22:49:11 **** Incremental Build of configuration Debug for project 373_Final_Project ****
make -j12 all 
arm-none-eabi-size  373_Final_Project.elf 
   text	   data	    bss	    dec	    hex	filename
  32776	    468	   2388	  35632	   8b30	373_Final_Project.elf
Finished building: default.size.stdout
 
23:03:25 **** Incremental Build of configuration Debug for project 373_Final_Project ****
make -j12 all 
arm-none-eabi-gcc "../Core/Src/main.c" -mcpu=cortex-m4 -std=gnu11 -g3 -DDEBUG -DUSE_HAL_DRIVER -DSTM32L4R5xx -c -I../Core/Inc -I../Drivers/STM32L4xx_HAL_Driver/Inc -I../Drivers/STM32L4xx_HAL_Driver/Inc/Legacy -I../Drivers/CMSIS/Device/ST/STM32L4xx/Include -I../Drivers/CMSIS/Include -O0 -ffunction-sections -fdata-sections -Wall -fstack-usage -fcyclomatic-complexity -MMD -MP -MF"Core/Src/main.d" -MT"Core/Src/main.o" --specs=nano.specs -mfpu=fpv4-sp-d16 -mfloat-abi=hard -mthumb -o "Core/Src/main.o"
arm-none-eabi-gcc "../Core/Src/stm32l4xx_hal_msp.c" -mcpu=cortex-m4 -std=gnu11 -g3 -DDEBUG -DUSE_HAL_DRIVER -DSTM32L4R5xx -c -I../Core/Inc -I../Drivers/STM32L4xx_HAL_Driver/Inc -I../Drivers/STM32L4xx_HAL_Driver/Inc/Legacy -I../Drivers/CMSIS/Device/ST/STM32L4xx/Include -I../Drivers/CMSIS/Include -O0 -ffunction-sections -fdata-sections -Wall -fstack-usage -fcyclomatic-complexity -MMD -MP -MF"Core/Src/stm32l4xx_hal_msp.d" -MT"Core/Src/stm32l4xx_hal_msp.o" --specs=nano.specs -mfpu=fpv4-sp-d16 -mfloat-abi=hard -mthumb -o "Core/Src/stm32l4xx_hal_msp.o"
../Core/Src/main.c: In function 'get_health':
../Core/Src/main.c:72:17: warning: implicit declaration of function 'printf' [-Wimplicit-function-declaration]
   72 |                 printf("LIDAR OK\n");
      |                 ^~~~~~
../Core/Src/main.c:25:1: note: include '<stdio.h>' or provide a declaration of 'printf'
   24 | #include "lidar.h"
  +++ |+#include <stdio.h>
   25 | /* USER CODE END Includes */
../Core/Src/main.c:72:17: warning: incompatible implicit declaration of built-in function 'printf' [-Wbuiltin-declaration-mismatch]
   72 |                 printf("LIDAR OK\n");
      |                 ^~~~~~
../Core/Src/main.c:72:17: note: include '<stdio.h>' or provide a declaration of 'printf'
../Core/Src/main.c:75:17: warning: incompatible implicit declaration of built-in function 'printf' [-Wbuiltin-declaration-mismatch]
   75 |                 printf("LIDAR Warning\n");
      |                 ^~~~~~
../Core/Src/main.c:75:17: note: include '<stdio.h>' or provide a declaration of 'printf'
../Core/Src/main.c:78:17: warning: incompatible implicit declaration of built-in function 'printf' [-Wbuiltin-declaration-mismatch]
   78 |                 printf("LIDAR Error\n");
      |                 ^~~~~~
../Core/Src/main.c:78:17: note: include '<stdio.h>' or provide a declaration of 'printf'
arm-none-eabi-gcc -o "373_Final_Project.elf" @"objects.list"   -mcpu=cortex-m4 -T"N:\EECS373-CubeIDE-Workspace\373_Final_Project\STM32L4R5ZITXP_FLASH.ld" --specs=nosys.specs -Wl,-Map="373_Final_Project.map" -Wl,--gc-sections -static --specs=nano.specs -mfpu=fpv4-sp-d16 -mfloat-abi=hard -mthumb -u _printf_float -Wl,--start-group -lc -lm -Wl,--end-group
Finished building target: 373_Final_Project.elf
 
arm-none-eabi-size  373_Final_Project.elf 
arm-none-eabi-objdump -h -S 373_Final_Project.elf  > "373_Final_Project.list"
   text	   data	    bss	    dec	    hex	filename
  32768	    468	   2388	  35624	   8b28	373_Final_Project.elf
Finished building: default.size.stdout
 
Finished building: 373_Final_Project.list
 
23:04:39 **** Incremental Build of configuration Debug for project 373_Final_Project ****
make -j12 all 
arm-none-eabi-size  373_Final_Project.elf 
   text	   data	    bss	    dec	    hex	filename
  32768	    468	   2388	  35624	   8b28	373_Final_Project.elf
Finished building: default.size.stdout
 
14:42:51 **** Incremental Build of configuration Debug for project 373_Final_Project ****
make -j12 all 
arm-none-eabi-size  373_Final_Project.elf 
   text	   data	    bss	    dec	    hex	filename
  32768	    468	   2388	  35624	   8b28	373_Final_Project.elf
Finished building: default.size.stdout
 
14:43:03 **** Incremental Build of configuration Debug for project 373_Final_Project ****
make -j12 all 
arm-none-eabi-size  373_Final_Project.elf 
   text	   data	    bss	    dec	    hex	filename
  32768	    468	   2388	  35624	   8b28	373_Final_Project.elf
Finished building: default.size.stdout
 
14:46:06 **** Incremental Build of configuration Debug for project 373_Final_Project ****
make -j12 all 
arm-none-eabi-size  373_Final_Project.elf 
   text	   data	    bss	    dec	    hex	filename
  32768	    468	   2388	  35624	   8b28	373_Final_Project.elf
Finished building: default.size.stdout
 
14:47:58 **** Incremental Build of configuration Debug for project 373_Final_Project ****
make -j12 all 
arm-none-eabi-size  373_Final_Project.elf 
   text	   data	    bss	    dec	    hex	filename
  32768	    468	   2388	  35624	   8b28	373_Final_Project.elf
Finished building: default.size.stdout
 
14:48:39 **** Incremental Build of configuration Debug for project 373_Final_Project ****
make -j12 all 
arm-none-eabi-size  373_Final_Project.elf 
   text	   data	    bss	    dec	    hex	filename
  32768	    468	   2388	  35624	   8b28	373_Final_Project.elf
Finished building: default.size.stdout
 
14:49:49 **** Incremental Build of configuration Debug for project 373_Final_Project ****
make -j12 all 
arm-none-eabi-size  373_Final_Project.elf 
   text	   data	    bss	    dec	    hex	filename
  32768	    468	   2388	  35624	   8b28	373_Final_Project.elf
Finished building: default.size.stdout
 
14:49:54 **** Incremental Build of configuration Debug for project 373_Final_Project ****
make -j12 all 
arm-none-eabi-size  373_Final_Project.elf 
   text	   data	    bss	    dec	    hex	filename
  32768	    468	   2388	  35624	   8b28	373_Final_Project.elf
Finished building: default.size.stdout
 
14:50:34 **** Incremental Build of configuration Debug for project 373_Final_Project ****
make -j12 all 
arm-none-eabi-size  373_Final_Project.elf 
   text	   data	    bss	    dec	    hex	filename
  32768	    468	   2388	  35624	   8b28	373_Final_Project.elf
Finished building: default.size.stdout
 
14:51:34 **** Incremental Build of configuration Debug for project 373_Final_Project ****
make -j12 all 
arm-none-eabi-size  373_Final_Project.elf 
   text	   data	    bss	    dec	    hex	filename
  32768	    468	   2388	  35624	   8b28	373_Final_Project.elf
Finished building: default.size.stdout
 
14:55:24 **** Incremental Build of configuration Debug for project 373_Final_Project ****
make -j12 all 
arm-none-eabi-size  373_Final_Project.elf 
   text	   data	    bss	    dec	    hex	filename
  32768	    468	   2388	  35624	   8b28	373_Final_Project.elf
Finished building: default.size.stdout
 
14:55:57 **** Incremental Build of configuration Debug for project 373_Final_Project ****
make -j12 all 
arm-none-eabi-size  373_Final_Project.elf 
   text	   data	    bss	    dec	    hex	filename
  32768	    468	   2388	  35624	   8b28	373_Final_Project.elf
Finished building: default.size.stdout
 
14:56:23 **** Incremental Build of configuration Debug for project 373_Final_Project ****
make -j12 all 
arm-none-eabi-size  373_Final_Project.elf 
   text	   data	    bss	    dec	    hex	filename
  32768	    468	   2388	  35624	   8b28	373_Final_Project.elf
Finished building: default.size.stdout
 
15:01:26 **** Incremental Build of configuration Debug for project 373_Final_Project ****
make -j12 all 
arm-none-eabi-gcc "../Core/Src/main.c" -mcpu=cortex-m4 -std=gnu11 -g3 -DDEBUG -DUSE_HAL_DRIVER -DSTM32L4R5xx -c -I../Core/Inc -I../Drivers/STM32L4xx_HAL_Driver/Inc -I../Drivers/STM32L4xx_HAL_Driver/Inc/Legacy -I../Drivers/CMSIS/Device/ST/STM32L4xx/Include -I../Drivers/CMSIS/Include -O0 -ffunction-sections -fdata-sections -Wall -fstack-usage -fcyclomatic-complexity -MMD -MP -MF"Core/Src/main.d" -MT"Core/Src/main.o" --specs=nano.specs -mfpu=fpv4-sp-d16 -mfloat-abi=hard -mthumb -o "Core/Src/main.o"
../Core/Src/main.c: In function 'get_health':
../Core/Src/main.c:72:17: warning: implicit declaration of function 'printf' [-Wimplicit-function-declaration]
   72 |                 printf("LIDAR OK\n");
      |                 ^~~~~~
../Core/Src/main.c:25:1: note: include '<stdio.h>' or provide a declaration of 'printf'
   24 | #include "lidar.h"
  +++ |+#include <stdio.h>
   25 | /* USER CODE END Includes */
../Core/Src/main.c:72:17: warning: incompatible implicit declaration of built-in function 'printf' [-Wbuiltin-declaration-mismatch]
   72 |                 printf("LIDAR OK\n");
      |                 ^~~~~~
../Core/Src/main.c:72:17: note: include '<stdio.h>' or provide a declaration of 'printf'
../Core/Src/main.c:75:17: warning: incompatible implicit declaration of built-in function 'printf' [-Wbuiltin-declaration-mismatch]
   75 |                 printf("LIDAR Warning\n");
      |                 ^~~~~~
../Core/Src/main.c:75:17: note: include '<stdio.h>' or provide a declaration of 'printf'
../Core/Src/main.c:78:17: warning: incompatible implicit declaration of built-in function 'printf' [-Wbuiltin-declaration-mismatch]
   78 |                 printf("LIDAR Error\n");
      |                 ^~~~~~
../Core/Src/main.c:78:17: note: include '<stdio.h>' or provide a declaration of 'printf'
arm-none-eabi-gcc -o "373_Final_Project.elf" @"objects.list"   -mcpu=cortex-m4 -T"N:\EECS373-CubeIDE-Workspace\373_Final_Project\STM32L4R5ZITXP_FLASH.ld" --specs=nosys.specs -Wl,-Map="373_Final_Project.map" -Wl,--gc-sections -static --specs=nano.specs -mfpu=fpv4-sp-d16 -mfloat-abi=hard -mthumb -u _printf_float -Wl,--start-group -lc -lm -Wl,--end-group
Finished building target: 373_Final_Project.elf
 
arm-none-eabi-size  373_Final_Project.elf 
arm-none-eabi-objdump -h -S 373_Final_Project.elf  > "373_Final_Project.list"
   text	   data	    bss	    dec	    hex	filename
  32768	    468	   2388	  35624	   8b28	373_Final_Project.elf
Finished building: default.size.stdout
 
Finished building: 373_Final_Project.list
 
15:02:07 **** Incremental Build of configuration Debug for project 373_Final_Project ****
make -j12 all 
arm-none-eabi-size  373_Final_Project.elf 
   text	   data	    bss	    dec	    hex	filename
  32768	    468	   2388	  35624	   8b28	373_Final_Project.elf
Finished building: default.size.stdout
 
15:02:49 **** Incremental Build of configuration Debug for project 373_Final_Project ****
make -j12 all 
arm-none-eabi-gcc "../Core/Src/main.c" -mcpu=cortex-m4 -std=gnu11 -g3 -DDEBUG -DUSE_HAL_DRIVER -DSTM32L4R5xx -c -I../Core/Inc -I../Drivers/STM32L4xx_HAL_Driver/Inc -I../Drivers/STM32L4xx_HAL_Driver/Inc/Legacy -I../Drivers/CMSIS/Device/ST/STM32L4xx/Include -I../Drivers/CMSIS/Include -O0 -ffunction-sections -fdata-sections -Wall -fstack-usage -fcyclomatic-complexity -MMD -MP -MF"Core/Src/main.d" -MT"Core/Src/main.o" --specs=nano.specs -mfpu=fpv4-sp-d16 -mfloat-abi=hard -mthumb -o "Core/Src/main.o"
../Core/Src/main.c: In function 'get_health':
../Core/Src/main.c:72:17: warning: implicit declaration of function 'printf' [-Wimplicit-function-declaration]
   72 |                 printf("LIDAR OK\n");
      |                 ^~~~~~
../Core/Src/main.c:25:1: note: include '<stdio.h>' or provide a declaration of 'printf'
   24 | #include "lidar.h"
  +++ |+#include <stdio.h>
   25 | /* USER CODE END Includes */
../Core/Src/main.c:72:17: warning: incompatible implicit declaration of built-in function 'printf' [-Wbuiltin-declaration-mismatch]
   72 |                 printf("LIDAR OK\n");
      |                 ^~~~~~
../Core/Src/main.c:72:17: note: include '<stdio.h>' or provide a declaration of 'printf'
../Core/Src/main.c:75:17: warning: incompatible implicit declaration of built-in function 'printf' [-Wbuiltin-declaration-mismatch]
   75 |                 printf("LIDAR Warning\n");
      |                 ^~~~~~
../Core/Src/main.c:75:17: note: include '<stdio.h>' or provide a declaration of 'printf'
../Core/Src/main.c:78:17: warning: incompatible implicit declaration of built-in function 'printf' [-Wbuiltin-declaration-mismatch]
   78 |                 printf("LIDAR Error\n");
      |                 ^~~~~~
../Core/Src/main.c:78:17: note: include '<stdio.h>' or provide a declaration of 'printf'
arm-none-eabi-gcc -o "373_Final_Project.elf" @"objects.list"   -mcpu=cortex-m4 -T"N:\EECS373-CubeIDE-Workspace\373_Final_Project\STM32L4R5ZITXP_FLASH.ld" --specs=nosys.specs -Wl,-Map="373_Final_Project.map" -Wl,--gc-sections -static --specs=nano.specs -mfpu=fpv4-sp-d16 -mfloat-abi=hard -mthumb -u _printf_float -Wl,--start-group -lc -lm -Wl,--end-group
Finished building target: 373_Final_Project.elf
 
arm-none-eabi-size  373_Final_Project.elf 
arm-none-eabi-objdump -h -S 373_Final_Project.elf  > "373_Final_Project.list"
   text	   data	    bss	    dec	    hex	filename
  32768	    468	   2388	  35624	   8b28	373_Final_Project.elf
Finished building: default.size.stdout
 
Finished building: 373_Final_Project.list
 
15:03:02 **** Incremental Build of configuration Debug for project 373_Final_Project ****
make -j12 all 
arm-none-eabi-size  373_Final_Project.elf 
   text	   data	    bss	    dec	    hex	filename
  32768	    468	   2388	  35624	   8b28	373_Final_Project.elf
Finished building: default.size.stdout
 
15:03:18 **** Incremental Build of configuration Debug for project 373_Final_Project ****
make -j12 all 
arm-none-eabi-size  373_Final_Project.elf 
   text	   data	    bss	    dec	    hex	filename
  32768	    468	   2388	  35624	   8b28	373_Final_Project.elf
Finished building: default.size.stdout
 
15:28:56 **** Incremental Build of configuration Debug for project 373_Final_Project ****
make -j12 all 
arm-none-eabi-gcc -o "373_Final_Project.elf" @"objects.list"   -mcpu=cortex-m4 -T"N:\EECS373-CubeIDE-Workspace\373_Final_Project\STM32L4R5ZITXP_FLASH.ld" --specs=nosys.specs -Wl,-Map="373_Final_Project.map" -Wl,--gc-sections -static --specs=nano.specs -mfpu=fpv4-sp-d16 -mfloat-abi=hard -mthumb -u _printf_float -Wl,--start-group -lc -lm -Wl,--end-group
Finished building target: 373_Final_Project.elf
 
arm-none-eabi-size  373_Final_Project.elf 
arm-none-eabi-objdump -h -S 373_Final_Project.elf  > "373_Final_Project.list"
   text	   data	    bss	    dec	    hex	filename
  32768	    468	   2388	  35624	   8b28	373_Final_Project.elf
Finished building: default.size.stdout
 
Finished building: 373_Final_Project.list
 
15:29:20 **** Incremental Build of configuration Debug for project 373_Final_Project ****
make -j12 all 
arm-none-eabi-size  373_Final_Project.elf 
   text	   data	    bss	    dec	    hex	filename
  32768	    468	   2388	  35624	   8b28	373_Final_Project.elf
Finished building: default.size.stdout
 
15:39:17 **** Incremental Build of configuration Debug for project 373_Final_Project ****
make -j12 all 
arm-none-eabi-gcc "../Core/Src/main.c" -mcpu=cortex-m4 -std=gnu11 -g3 -DDEBUG -DUSE_HAL_DRIVER -DSTM32L4R5xx -c -I../Core/Inc -I../Drivers/STM32L4xx_HAL_Driver/Inc -I../Drivers/STM32L4xx_HAL_Driver/Inc/Legacy -I../Drivers/CMSIS/Device/ST/STM32L4xx/Include -I../Drivers/CMSIS/Include -O0 -ffunction-sections -fdata-sections -Wall -fstack-usage -fcyclomatic-complexity -MMD -MP -MF"Core/Src/main.d" -MT"Core/Src/main.o" --specs=nano.specs -mfpu=fpv4-sp-d16 -mfloat-abi=hard -mthumb -o "Core/Src/main.o"
../Core/Src/main.c: In function 'get_health':
../Core/Src/main.c:73:17: warning: implicit declaration of function 'printf' [-Wimplicit-function-declaration]
   73 |                 printf("LIDAR OK\n");
      |                 ^~~~~~
../Core/Src/main.c:25:1: note: include '<stdio.h>' or provide a declaration of 'printf'
   24 | #include "lidar.h"
  +++ |+#include <stdio.h>
   25 | /* USER CODE END Includes */
../Core/Src/main.c:73:17: warning: incompatible implicit declaration of built-in function 'printf' [-Wbuiltin-declaration-mismatch]
   73 |                 printf("LIDAR OK\n");
      |                 ^~~~~~
../Core/Src/main.c:73:17: note: include '<stdio.h>' or provide a declaration of 'printf'
../Core/Src/main.c:76:17: warning: incompatible implicit declaration of built-in function 'printf' [-Wbuiltin-declaration-mismatch]
   76 |                 printf("LIDAR Warning\n");
      |                 ^~~~~~
../Core/Src/main.c:76:17: note: include '<stdio.h>' or provide a declaration of 'printf'
../Core/Src/main.c:79:17: warning: incompatible implicit declaration of built-in function 'printf' [-Wbuiltin-declaration-mismatch]
   79 |                 printf("LIDAR Error\n");
      |                 ^~~~~~
../Core/Src/main.c:79:17: note: include '<stdio.h>' or provide a declaration of 'printf'
arm-none-eabi-gcc -o "373_Final_Project.elf" @"objects.list"   -mcpu=cortex-m4 -T"N:\EECS373-CubeIDE-Workspace\373_Final_Project\STM32L4R5ZITXP_FLASH.ld" --specs=nosys.specs -Wl,-Map="373_Final_Project.map" -Wl,--gc-sections -static --specs=nano.specs -mfpu=fpv4-sp-d16 -mfloat-abi=hard -mthumb -u _printf_float -Wl,--start-group -lc -lm -Wl,--end-group
Finished building target: 373_Final_Project.elf
 
arm-none-eabi-size  373_Final_Project.elf 
arm-none-eabi-objdump -h -S 373_Final_Project.elf  > "373_Final_Project.list"
   text	   data	    bss	    dec	    hex	filename
  32784	    468	   2388	  35640	   8b38	373_Final_Project.elf
Finished building: default.size.stdout
 
Finished building: 373_Final_Project.list
 
15:39:42 **** Incremental Build of configuration Debug for project 373_Final_Project ****
make -j12 all 
arm-none-eabi-size  373_Final_Project.elf 
   text	   data	    bss	    dec	    hex	filename
  32784	    468	   2388	  35640	   8b38	373_Final_Project.elf
Finished building: default.size.stdout
 
15:44:25 **** Incremental Build of configuration Debug for project 373_Final_Project ****
make -j12 all 
arm-none-eabi-gcc "../Core/Src/main.c" -mcpu=cortex-m4 -std=gnu11 -g3 -DDEBUG -DUSE_HAL_DRIVER -DSTM32L4R5xx -c -I../Core/Inc -I../Drivers/STM32L4xx_HAL_Driver/Inc -I../Drivers/STM32L4xx_HAL_Driver/Inc/Legacy -I../Drivers/CMSIS/Device/ST/STM32L4xx/Include -I../Drivers/CMSIS/Include -O0 -ffunction-sections -fdata-sections -Wall -fstack-usage -fcyclomatic-complexity -MMD -MP -MF"Core/Src/main.d" -MT"Core/Src/main.o" --specs=nano.specs -mfpu=fpv4-sp-d16 -mfloat-abi=hard -mthumb -o "Core/Src/main.o"
../Core/Src/main.c: In function 'get_health':
../Core/Src/main.c:73:17: warning: implicit declaration of function 'printf' [-Wimplicit-function-declaration]
   73 |                 printf("LIDAR OK\n");
      |                 ^~~~~~
../Core/Src/main.c:25:1: note: include '<stdio.h>' or provide a declaration of 'printf'
   24 | #include "lidar.h"
  +++ |+#include <stdio.h>
   25 | /* USER CODE END Includes */
../Core/Src/main.c:73:17: warning: incompatible implicit declaration of built-in function 'printf' [-Wbuiltin-declaration-mismatch]
   73 |                 printf("LIDAR OK\n");
      |                 ^~~~~~
../Core/Src/main.c:73:17: note: include '<stdio.h>' or provide a declaration of 'printf'
../Core/Src/main.c:76:17: warning: incompatible implicit declaration of built-in function 'printf' [-Wbuiltin-declaration-mismatch]
   76 |                 printf("LIDAR Warning\n");
      |                 ^~~~~~
../Core/Src/main.c:76:17: note: include '<stdio.h>' or provide a declaration of 'printf'
../Core/Src/main.c:79:17: warning: incompatible implicit declaration of built-in function 'printf' [-Wbuiltin-declaration-mismatch]
   79 |                 printf("LIDAR Error\n");
      |                 ^~~~~~
../Core/Src/main.c:79:17: note: include '<stdio.h>' or provide a declaration of 'printf'
arm-none-eabi-gcc -o "373_Final_Project.elf" @"objects.list"   -mcpu=cortex-m4 -T"N:\EECS373-CubeIDE-Workspace\373_Final_Project\STM32L4R5ZITXP_FLASH.ld" --specs=nosys.specs -Wl,-Map="373_Final_Project.map" -Wl,--gc-sections -static --specs=nano.specs -mfpu=fpv4-sp-d16 -mfloat-abi=hard -mthumb -u _printf_float -Wl,--start-group -lc -lm -Wl,--end-group
Finished building target: 373_Final_Project.elf
 
arm-none-eabi-size  373_Final_Project.elf 
arm-none-eabi-objdump -h -S 373_Final_Project.elf  > "373_Final_Project.list"
   text	   data	    bss	    dec	    hex	filename
  32792	    468	   2388	  35648	   8b40	373_Final_Project.elf
Finished building: default.size.stdout
 
Finished building: 373_Final_Project.list
 
15:49:03 **** Incremental Build of configuration Debug for project 373_Final_Project ****
make -j12 all 
arm-none-eabi-gcc "../Core/Src/main.c" -mcpu=cortex-m4 -std=gnu11 -g3 -DDEBUG -DUSE_HAL_DRIVER -DSTM32L4R5xx -c -I../Core/Inc -I../Drivers/STM32L4xx_HAL_Driver/Inc -I../Drivers/STM32L4xx_HAL_Driver/Inc/Legacy -I../Drivers/CMSIS/Device/ST/STM32L4xx/Include -I../Drivers/CMSIS/Include -O0 -ffunction-sections -fdata-sections -Wall -fstack-usage -fcyclomatic-complexity -MMD -MP -MF"Core/Src/main.d" -MT"Core/Src/main.o" --specs=nano.specs -mfpu=fpv4-sp-d16 -mfloat-abi=hard -mthumb -o "Core/Src/main.o"
../Core/Src/main.c: In function 'get_health':
../Core/Src/main.c:73:17: warning: implicit declaration of function 'printf' [-Wimplicit-function-declaration]
   73 |                 printf("LIDAR OK\n");
      |                 ^~~~~~
../Core/Src/main.c:25:1: note: include '<stdio.h>' or provide a declaration of 'printf'
   24 | #include "lidar.h"
  +++ |+#include <stdio.h>
   25 | /* USER CODE END Includes */
../Core/Src/main.c:73:17: warning: incompatible implicit declaration of built-in function 'printf' [-Wbuiltin-declaration-mismatch]
   73 |                 printf("LIDAR OK\n");
      |                 ^~~~~~
../Core/Src/main.c:73:17: note: include '<stdio.h>' or provide a declaration of 'printf'
../Core/Src/main.c:76:17: warning: incompatible implicit declaration of built-in function 'printf' [-Wbuiltin-declaration-mismatch]
   76 |                 printf("LIDAR Warning\n");
      |                 ^~~~~~
../Core/Src/main.c:76:17: note: include '<stdio.h>' or provide a declaration of 'printf'
../Core/Src/main.c:79:17: warning: incompatible implicit declaration of built-in function 'printf' [-Wbuiltin-declaration-mismatch]
   79 |                 printf("LIDAR Error\n");
      |                 ^~~~~~
../Core/Src/main.c:79:17: note: include '<stdio.h>' or provide a declaration of 'printf'
arm-none-eabi-gcc -o "373_Final_Project.elf" @"objects.list"   -mcpu=cortex-m4 -T"N:\EECS373-CubeIDE-Workspace\373_Final_Project\STM32L4R5ZITXP_FLASH.ld" --specs=nosys.specs -Wl,-Map="373_Final_Project.map" -Wl,--gc-sections -static --specs=nano.specs -mfpu=fpv4-sp-d16 -mfloat-abi=hard -mthumb -u _printf_float -Wl,--start-group -lc -lm -Wl,--end-group
Finished building target: 373_Final_Project.elf
 
arm-none-eabi-size  373_Final_Project.elf 
arm-none-eabi-objdump -h -S 373_Final_Project.elf  > "373_Final_Project.list"
   text	   data	    bss	    dec	    hex	filename
  32696	    468	   2388	  35552	   8ae0	373_Final_Project.elf
Finished building: default.size.stdout
 
Finished building: 373_Final_Project.list
 
15:49:47 **** Incremental Build of configuration Debug for project 373_Final_Project ****
make -j12 all 
arm-none-eabi-size  373_Final_Project.elf 
   text	   data	    bss	    dec	    hex	filename
  32696	    468	   2388	  35552	   8ae0	373_Final_Project.elf
Finished building: default.size.stdout
 
15:51:48 **** Incremental Build of configuration Debug for project 373_Final_Project ****
make -j12 all 
arm-none-eabi-size  373_Final_Project.elf 
   text	   data	    bss	    dec	    hex	filename
  32696	    468	   2388	  35552	   8ae0	373_Final_Project.elf
Finished building: default.size.stdout
 
15:59:39 **** Incremental Build of configuration Debug for project 373_Final_Project ****
make -j12 all 
arm-none-eabi-gcc "../Core/Src/main.c" -mcpu=cortex-m4 -std=gnu11 -g3 -DDEBUG -DUSE_HAL_DRIVER -DSTM32L4R5xx -c -I../Core/Inc -I../Drivers/STM32L4xx_HAL_Driver/Inc -I../Drivers/STM32L4xx_HAL_Driver/Inc/Legacy -I../Drivers/CMSIS/Device/ST/STM32L4xx/Include -I../Drivers/CMSIS/Include -O0 -ffunction-sections -fdata-sections -Wall -fstack-usage -fcyclomatic-complexity -MMD -MP -MF"Core/Src/main.d" -MT"Core/Src/main.o" --specs=nano.specs -mfpu=fpv4-sp-d16 -mfloat-abi=hard -mthumb -o "Core/Src/main.o"
../Core/Src/main.c: In function 'get_health':
../Core/Src/main.c:73:17: warning: implicit declaration of function 'printf' [-Wimplicit-function-declaration]
   73 |                 printf("LIDAR OK\n");
      |                 ^~~~~~
../Core/Src/main.c:25:1: note: include '<stdio.h>' or provide a declaration of 'printf'
   24 | #include "lidar.h"
  +++ |+#include <stdio.h>
   25 | /* USER CODE END Includes */
../Core/Src/main.c:73:17: warning: incompatible implicit declaration of built-in function 'printf' [-Wbuiltin-declaration-mismatch]
   73 |                 printf("LIDAR OK\n");
      |                 ^~~~~~
../Core/Src/main.c:73:17: note: include '<stdio.h>' or provide a declaration of 'printf'
../Core/Src/main.c:76:17: warning: incompatible implicit declaration of built-in function 'printf' [-Wbuiltin-declaration-mismatch]
   76 |                 printf("LIDAR Warning\n");
      |                 ^~~~~~
../Core/Src/main.c:76:17: note: include '<stdio.h>' or provide a declaration of 'printf'
../Core/Src/main.c:79:17: warning: incompatible implicit declaration of built-in function 'printf' [-Wbuiltin-declaration-mismatch]
   79 |                 printf("LIDAR Error\n");
      |                 ^~~~~~
../Core/Src/main.c:79:17: note: include '<stdio.h>' or provide a declaration of 'printf'
arm-none-eabi-gcc -o "373_Final_Project.elf" @"objects.list"   -mcpu=cortex-m4 -T"N:\EECS373-CubeIDE-Workspace\373_Final_Project\STM32L4R5ZITXP_FLASH.ld" --specs=nosys.specs -Wl,-Map="373_Final_Project.map" -Wl,--gc-sections -static --specs=nano.specs -mfpu=fpv4-sp-d16 -mfloat-abi=hard -mthumb -u _printf_float -Wl,--start-group -lc -lm -Wl,--end-group
Finished building target: 373_Final_Project.elf
 
arm-none-eabi-size  373_Final_Project.elf 
arm-none-eabi-objdump -h -S 373_Final_Project.elf  > "373_Final_Project.list"
   text	   data	    bss	    dec	    hex	filename
  32696	    468	   2388	  35552	   8ae0	373_Final_Project.elf
Finished building: default.size.stdout
 
Finished building: 373_Final_Project.list
 
16:00:46 **** Incremental Build of configuration Debug for project 373_Final_Project ****
make -j12 all 
arm-none-eabi-size  373_Final_Project.elf 
   text	   data	    bss	    dec	    hex	filename
  32696	    468	   2388	  35552	   8ae0	373_Final_Project.elf
Finished building: default.size.stdout
 
16:01:04 **** Incremental Build of configuration Debug for project 373_Final_Project ****
make -j12 all 
arm-none-eabi-size  373_Final_Project.elf 
   text	   data	    bss	    dec	    hex	filename
  32696	    468	   2388	  35552	   8ae0	373_Final_Project.elf
Finished building: default.size.stdout
 
16:01:46 **** Incremental Build of configuration Debug for project 373_Final_Project ****
make -j12 all 
arm-none-eabi-size  373_Final_Project.elf 
   text	   data	    bss	    dec	    hex	filename
  32696	    468	   2388	  35552	   8ae0	373_Final_Project.elf
Finished building: default.size.stdout
 
16:03:03 **** Incremental Build of configuration Debug for project 373_Final_Project ****
make -j12 all 
arm-none-eabi-size  373_Final_Project.elf 
   text	   data	    bss	    dec	    hex	filename
  32696	    468	   2388	  35552	   8ae0	373_Final_Project.elf
Finished building: default.size.stdout
 
16:03:44 **** Incremental Build of configuration Debug for project 373_Final_Project ****
make -j12 all 
arm-none-eabi-size  373_Final_Project.elf 
   text	   data	    bss	    dec	    hex	filename
  32696	    468	   2388	  35552	   8ae0	373_Final_Project.elf
Finished building: default.size.stdout
 
16:04:04 **** Incremental Build of configuration Debug for project 373_Final_Project ****
make -j12 all 
arm-none-eabi-size  373_Final_Project.elf 
   text	   data	    bss	    dec	    hex	filename
  32696	    468	   2388	  35552	   8ae0	373_Final_Project.elf
Finished building: default.size.stdout
 
16:04:35 **** Incremental Build of configuration Debug for project 373_Final_Project ****
make -j12 all 
arm-none-eabi-size  373_Final_Project.elf 
   text	   data	    bss	    dec	    hex	filename
  32696	    468	   2388	  35552	   8ae0	373_Final_Project.elf
Finished building: default.size.stdout
 
16:08:25 **** Incremental Build of configuration Debug for project 373_Final_Project ****
make -j12 all 
arm-none-eabi-size  373_Final_Project.elf 
   text	   data	    bss	    dec	    hex	filename
  32696	    468	   2388	  35552	   8ae0	373_Final_Project.elf
Finished building: default.size.stdout
 
16:08:57 **** Incremental Build of configuration Debug for project 373_Final_Project ****
make -j12 all 
arm-none-eabi-size  373_Final_Project.elf 
   text	   data	    bss	    dec	    hex	filename
  32696	    468	   2388	  35552	   8ae0	373_Final_Project.elf
Finished building: default.size.stdout
 
